0 verbose cli /usr/local/bin/node /usr/local/bin/npm
1 info using npm@11.6.2
2 info using node@v22.19.0
3 silly config load:file:/usr/local/lib/node_modules/npm/npmrc
4 silly config load:file:/Users/harish_a/SpacetimeDB/nations/.npmrc
5 silly config load:file:/Users/harish_a/.npmrc
6 silly config load:file:/usr/local/etc/npmrc
7 verbose title npm install lucide-react
8 verbose argv "install" "lucide-react" "--cache" "/Users/harish_a/SpacetimeDB/.npm-cache"
9 verbose logfile logs-max:10 dir:/Users/harish_a/SpacetimeDB/.npm-cache/_logs/2026-06-05T22_11_54_066Z-
10 verbose logfile /Users/harish_a/SpacetimeDB/.npm-cache/_logs/2026-06-05T22_11_54_066Z-debug-0.log
11 silly logfile start cleaning logs, removing 1 files
12 silly packumentCache heap:2197815296 maxSize:549453824 maxEntrySize:274726912
13 silly logfile done cleaning log files
14 silly idealTree buildDeps
15 silly fetch manifest lucide-react@*
16 silly packumentCache full:https://registry.npmjs.org/lucide-react cache-miss
17 http fetch GET 200 https://registry.npmjs.org/lucide-react 343ms (cache miss)
18 silly packumentCache full:https://registry.npmjs.org/lucide-react set size:undefined disposed:false
19 silly fetch manifest react@^19.2.6
20 silly packumentCache full:https://registry.npmjs.org/react cache-miss
21 http fetch GET 200 https://registry.npmjs.org/react 75ms (cache revalidated)
22 silly packumentCache full:https://registry.npmjs.org/react set size:6688498 disposed:false
23 silly placeDep ROOT lucide-react@1.17.0 OK for: nations@0.0.0 want: *
24 silly fetch manifest @emnapi/core@^1.7.1
25 silly packumentCache full:https://registry.npmjs.org/@emnapi%2fcore cache-miss
26 http fetch GET 200 https://registry.npmjs.org/@emnapi%2fcore 58ms (cache revalidated)
27 silly packumentCache full:https://registry.npmjs.org/@emnapi%2fcore set size:108001 disposed:false
28 silly fetch manifest @emnapi/runtime@^1.7.1
29 silly packumentCache full:https://registry.npmjs.org/@emnapi%2fruntime cache-miss
30 http fetch GET 200 https://registry.npmjs.org/@emnapi%2fruntime 59ms (cache revalidated)
31 silly packumentCache full:https://registry.npmjs.org/@emnapi%2fruntime set size:109985 disposed:false
32 silly placeDep ROOT @emnapi/core@1.10.0 OK for: @napi-rs/wasm-runtime@1.1.4 want: ^1.7.1
33 silly placeDep ROOT @emnapi/runtime@1.10.0 OK for: @napi-rs/wasm-runtime@1.1.4 want: ^1.7.1
34 silly reify moves {}
35 silly audit bulk request {
35 silly audit   '@babel/code-frame': [ '7.29.7' ],
35 silly audit   '@babel/compat-data': [ '7.29.7' ],
35 silly audit   '@babel/core': [ '7.29.7' ],
35 silly audit   '@babel/generator': [ '7.29.7' ],
35 silly audit   '@babel/helper-compilation-targets': [ '7.29.7' ],
35 silly audit   '@babel/helper-globals': [ '7.29.7' ],
35 silly audit   '@babel/helper-module-imports': [ '7.29.7' ],
35 silly audit   '@babel/helper-module-transforms': [ '7.29.7' ],
35 silly audit   '@babel/helper-string-parser': [ '7.29.7' ],
35 silly audit   '@babel/helper-validator-identifier': [ '7.29.7' ],
35 silly audit   '@babel/helper-validator-option': [ '7.29.7' ],
35 silly audit   '@babel/helpers': [ '7.29.7' ],
35 silly audit   '@babel/parser': [ '7.29.7' ],
35 silly audit   '@babel/template': [ '7.29.7' ],
35 silly audit   '@babel/traverse': [ '7.29.7' ],
35 silly audit   '@babel/types': [ '7.29.7' ],
35 silly audit   '@emnapi/wasi-threads': [ '1.2.1' ],
35 silly audit   '@eslint-community/eslint-utils': [ '4.9.1' ],
35 silly audit   'eslint-visitor-keys': [ '3.4.3', '5.0.1' ],
35 silly audit   '@eslint-community/regexpp': [ '4.12.2' ],
35 silly audit   '@eslint/config-array': [ '0.23.5' ],
35 silly audit   '@eslint/config-helpers': [ '0.6.0' ],
35 silly audit   '@eslint/core': [ '1.2.1' ],
35 silly audit   '@eslint/js': [ '10.0.1' ],
35 silly audit   '@eslint/object-schema': [ '3.0.5' ],
35 silly audit   '@eslint/plugin-kit': [ '0.7.2' ],
35 silly audit   '@humanfs/core': [ '0.19.2' ],
35 silly audit   '@humanfs/node': [ '0.16.8' ],
35 silly audit   '@humanfs/types': [ '0.15.0' ],
35 silly audit   '@humanwhocodes/module-importer': [ '1.0.1' ],
35 silly audit   '@humanwhocodes/retry': [ '0.4.3' ],
35 silly audit   '@jridgewell/gen-mapping': [ '0.3.13' ],
35 silly audit   '@jridgewell/remapping': [ '2.3.5' ],
35 silly audit   '@jridgewell/resolve-uri': [ '3.1.2' ],
35 silly audit   '@jridgewell/sourcemap-codec': [ '1.5.5' ],
35 silly audit   '@jridgewell/trace-mapping': [ '0.3.31' ],
35 silly audit   '@napi-rs/wasm-runtime': [ '1.1.4' ],
35 silly audit   '@oxc-project/types': [ '0.133.0' ],
35 silly audit   '@react-leaflet/core': [ '3.0.0' ],
35 silly audit   '@reduxjs/toolkit': [ '2.12.0' ],
35 silly audit   immer: [ '11.1.8', '10.2.0' ],
35 silly audit   '@rolldown/binding-android-arm64': [ '1.0.3' ],
35 silly audit   '@rolldown/binding-darwin-arm64': [ '1.0.3' ],
35 silly audit   '@rolldown/binding-darwin-x64': [ '1.0.3' ],
35 silly audit   '@rolldown/binding-freebsd-x64': [ '1.0.3' ],
35 silly audit   '@rolldown/binding-linux-arm-gnueabihf': [ '1.0.3' ],
35 silly audit   '@rolldown/binding-linux-arm64-gnu': [ '1.0.3' ],
35 silly audit   '@rolldown/binding-linux-arm64-musl': [ '1.0.3' ],
35 silly audit   '@rolldown/binding-linux-ppc64-gnu': [ '1.0.3' ],
35 silly audit   '@rolldown/binding-linux-s390x-gnu': [ '1.0.3' ],
35 silly audit   '@rolldown/binding-linux-x64-gnu': [ '1.0.3' ],
35 silly audit   '@rolldown/binding-linux-x64-musl': [ '1.0.3' ],
35 silly audit   '@rolldown/binding-openharmony-arm64': [ '1.0.3' ],
35 silly audit   '@rolldown/binding-wasm32-wasi': [ '1.0.3' ],
35 silly audit   '@rolldown/binding-win32-arm64-msvc': [ '1.0.3' ],
35 silly audit   '@rolldown/binding-win32-x64-msvc': [ '1.0.3' ],
35 silly audit   '@rolldown/pluginutils': [ '1.0.1' ],
35 silly audit   '@standard-schema/spec': [ '1.1.0' ],
35 silly audit   '@standard-schema/utils': [ '0.3.0' ],
35 silly audit   '@tailwindcss/node': [ '4.3.0' ],
35 silly audit   '@tailwindcss/oxide': [ '4.3.0' ],
35 silly audit   '@tailwindcss/oxide-android-arm64': [ '4.3.0' ],
35 silly audit   '@tailwindcss/oxide-darwin-arm64': [ '4.3.0' ],
35 silly audit   '@tailwindcss/oxide-darwin-x64': [ '4.3.0' ],
35 silly audit   '@tailwindcss/oxide-freebsd-x64': [ '4.3.0' ],
35 silly audit   '@tailwindcss/oxide-linux-arm-gnueabihf': [ '4.3.0' ],
35 silly audit   '@tailwindcss/oxide-linux-arm64-gnu': [ '4.3.0' ],
35 silly audit   '@tailwindcss/oxide-linux-arm64-musl': [ '4.3.0' ],
35 silly audit   '@tailwindcss/oxide-linux-x64-gnu': [ '4.3.0' ],
35 silly audit   '@tailwindcss/oxide-linux-x64-musl': [ '4.3.0' ],
35 silly audit   '@tailwindcss/oxide-wasm32-wasi': [ '4.3.0' ],
35 silly audit   '@tailwindcss/oxide-win32-arm64-msvc': [ '4.3.0' ],
35 silly audit   '@tailwindcss/oxide-win32-x64-msvc': [ '4.3.0' ],
35 silly audit   '@tailwindcss/vite': [ '4.3.0' ],
35 silly audit   '@tybys/wasm-util': [ '0.10.2' ],
35 silly audit   '@types/d3-array': [ '3.2.2' ],
35 silly audit   '@types/d3-color': [ '3.1.3' ],
35 silly audit   '@types/d3-ease': [ '3.0.2' ],
35 silly audit   '@types/d3-interpolate': [ '3.0.4' ],
35 silly audit   '@types/d3-path': [ '3.1.1' ],
35 silly audit   '@types/d3-scale': [ '4.0.9' ],
35 silly audit   '@types/d3-shape': [ '3.1.8' ],
35 silly audit   '@types/d3-time': [ '3.0.4' ],
35 silly audit   '@types/d3-timer': [ '3.0.2' ],
35 silly audit   '@types/esrecurse': [ '4.3.1' ],
35 silly audit   '@types/estree': [ '1.0.9' ],
35 silly audit   '@types/geojson': [ '7946.0.16' ],
35 silly audit   '@types/json-schema': [ '7.0.15' ],
35 silly audit   '@types/leaflet': [ '1.9.21' ],
35 silly audit   '@types/node': [ '24.13.0' ],
35 silly audit   '@types/react': [ '19.2.17' ],
35 silly audit   '@types/react-dom': [ '19.2.3' ],
35 silly audit   '@types/use-sync-external-store': [ '0.0.6' ],
35 silly audit   '@typescript-eslint/eslint-plugin': [ '8.60.1' ],
35 silly audit   ignore: [ '7.0.5', '5.3.2' ],
35 silly audit   '@typescript-eslint/parser': [ '8.60.1' ],
35 silly audit   '@typescript-eslint/project-service': [ '8.60.1' ],
35 silly audit   '@typescript-eslint/scope-manager': [ '8.60.1' ],
35 silly audit   '@typescript-eslint/tsconfig-utils': [ '8.60.1' ],
35 silly audit   '@typescript-eslint/type-utils': [ '8.60.1' ],
35 silly audit   '@typescript-eslint/types': [ '8.60.1' ],
35 silly audit   '@typescript-eslint/typescript-estree': [ '8.60.1' ],
35 silly audit   semver: [ '7.8.2', '6.3.1' ],
35 silly audit   '@typescript-eslint/utils': [ '8.60.1' ],
35 silly audit   '@typescript-eslint/visitor-keys': [ '8.60.1' ],
35 silly audit   '@vitejs/plugin-react': [ '6.0.2' ],
35 silly audit   acorn: [ '8.16.0' ],
35 silly audit   'acorn-jsx': [ '5.3.2' ],
35 silly audit   ajv: [ '6.15.0' ],
35 silly audit   'balanced-match': [ '4.0.4' ],
35 silly audit   'baseline-browser-mapping': [ '2.10.34' ],
35 silly audit   'brace-expansion': [ '5.0.6' ],
35 silly audit   browserslist: [ '4.28.2' ],
35 silly audit   'caniuse-lite': [ '1.0.30001793' ],
35 silly audit   clsx: [ '2.1.1' ],
35 silly audit   'convert-source-map': [ '2.0.0' ],
35 silly audit   'cross-spawn': [ '7.0.6' ],
35 silly audit   csstype: [ '3.2.3' ],
35 silly audit   'd3-array': [ '3.2.4' ],
35 silly audit   'd3-color': [ '3.1.0' ],
35 silly audit   'd3-ease': [ '3.0.1' ],
35 silly audit   'd3-format': [ '3.1.2' ],
35 silly audit   'd3-interpolate': [ '3.0.1' ],
35 silly audit   'd3-path': [ '3.1.0' ],
35 silly audit   'd3-scale': [ '4.0.2' ],
35 silly audit   'd3-shape': [ '3.2.0' ],
35 silly audit   'd3-time': [ '3.1.0' ],
35 silly audit   'd3-time-format': [ '4.1.0' ],
35 silly audit   'd3-timer': [ '3.0.1' ],
35 silly audit   debug: [ '4.4.3' ],
35 silly audit   'decimal.js-light': [ '2.5.1' ],
35 silly audit   'deep-is': [ '0.1.4' ],
35 silly audit   'detect-libc': [ '2.1.2' ],
35 silly audit   'electron-to-chromium': [ '1.5.368' ],
35 silly audit   'enhanced-resolve': [ '5.23.0' ],
35 silly audit   'es-toolkit': [ '1.47.0' ],
35 silly audit   escalade: [ '3.2.0' ],
35 silly audit   'escape-string-regexp': [ '4.0.0' ],
35 silly audit   eslint: [ '10.4.1' ],
35 silly audit   'eslint-plugin-react-hooks': [ '7.1.1' ],
35 silly audit   'eslint-plugin-react-refresh': [ '0.5.2' ],
35 silly audit   'eslint-scope': [ '9.1.2' ],
35 silly audit   espree: [ '11.2.0' ],
35 silly audit   esquery: [ '1.7.0' ],
35 silly audit   esrecurse: [ '4.3.0' ],
35 silly audit   estraverse: [ '5.3.0' ],
35 silly audit   esutils: [ '2.0.3' ],
35 silly audit   eventemitter3: [ '5.0.4' ],
35 silly audit   'fast-deep-equal': [ '3.1.3' ],
35 silly audit   'fast-json-stable-stringify': [ '2.1.0' ],
35 silly audit   'fast-levenshtein': [ '2.0.6' ],
35 silly audit   fdir: [ '6.5.0' ],
35 silly audit   'file-entry-cache': [ '8.0.0' ],
35 silly audit   'find-up': [ '5.0.0' ],
35 silly audit   'flat-cache': [ '4.0.1' ],
35 silly audit   flatted: [ '3.4.2' ],
35 silly audit   fsevents: [ '2.3.3' ],
35 silly audit   gensync: [ '1.0.0-beta.2' ],
35 silly audit   'glob-parent': [ '6.0.2' ],
35 silly audit   globals: [ '17.6.0' ],
35 silly audit   'graceful-fs': [ '4.2.11' ],
35 silly audit   'hermes-estree': [ '0.25.1' ],
35 silly audit   'hermes-parser': [ '0.25.1' ],
35 silly audit   imurmurhash: [ '0.1.4' ],
35 silly audit   internmap: [ '2.0.3' ],
35 silly audit   'is-extglob': [ '2.1.1' ],
35 silly audit   'is-glob': [ '4.0.3' ],
35 silly audit   isexe: [ '2.0.0' ],
35 silly audit   jiti: [ '2.7.0' ],
35 silly audit   'js-tokens': [ '4.0.0' ],
35 silly audit   jsesc: [ '3.1.0' ],
35 silly audit   'json-buffer': [ '3.0.1' ],
35 silly audit   'json-schema-traverse': [ '0.4.1' ],
35 silly audit   'json-stable-stringify-without-jsonify': [ '1.0.1' ],
35 silly audit   json5: [ '2.2.3' ],
35 silly audit   keyv: [ '4.5.4' ],
35 silly audit   leaflet: [ '1.9.4' ],
35 silly audit   levn: [ '0.4.1' ],
35 silly audit   lightningcss: [ '1.32.0' ],
35 silly audit   'lightningcss-android-arm64': [ '1.32.0' ],
35 silly audit   'lightningcss-darwin-arm64': [ '1.32.0' ],
35 silly audit   'lightningcss-darwin-x64': [ '1.32.0' ],
35 silly audit   'lightningcss-freebsd-x64': [ '1.32.0' ],
35 silly audit   'lightningcss-linux-arm-gnueabihf': [ '1.32.0' ],
35 silly audit   'lightningcss-linux-arm64-gnu': [ '1.32.0' ],
35 silly audit   'lightningcss-linux-arm64-musl': [ '1.32.0' ],
35 silly audit   'lightningcss-linux-x64-gnu': [ '1.32.0' ],
35 silly audit   'lightningcss-linux-x64-musl': [ '1.32.0' ],
35 silly audit   'lightningcss-win32-arm64-msvc': [ '1.32.0' ],
35 silly audit   'lightningcss-win32-x64-msvc': [ '1.32.0' ],
35 silly audit   'locate-path': [ '6.0.0' ],
35 silly audit   'lru-cache': [ '5.1.1' ],
35 silly audit   'magic-string': [ '0.30.21' ],
35 silly audit   minimatch: [ '10.2.5' ],
35 silly audit   ms: [ '2.1.3' ],
35 silly audit   nanoid: [ '3.3.12' ],
35 silly audit   'natural-compare': [ '1.4.0' ],
35 silly audit   'node-releases': [ '2.0.47' ],
35 silly audit   optionator: [ '0.9.4' ],
35 silly audit   'p-limit': [ '3.1.0' ],
35 silly audit   'p-locate': [ '5.0.0' ],
35 silly audit   'path-exists': [ '4.0.0' ],
35 silly audit   'path-key': [ '3.1.1' ],
35 silly audit   picocolors: [ '1.1.1' ],
35 silly audit   picomatch: [ '4.0.4' ],
35 silly audit   postcss: [ '8.5.15' ],
35 silly audit   'prelude-ls': [ '1.2.1' ],
35 silly audit   punycode: [ '2.3.1' ],
35 silly audit   react: [ '19.2.7' ],
35 silly audit   'react-dom': [ '19.2.7' ],
35 silly audit   'react-is': [ '19.2.7' ],
35 silly audit   'react-leaflet': [ '5.0.0' ],
35 silly audit   'react-redux': [ '9.3.0' ],
35 silly audit   recharts: [ '3.8.1' ],
35 silly audit   redux: [ '5.0.1' ],
35 silly audit   'redux-thunk': [ '3.1.0' ],
35 silly audit   reselect: [ '5.1.1' ],
35 silly audit   rolldown: [ '1.0.3' ],
35 silly audit   scheduler: [ '0.27.0' ],
35 silly audit   'shebang-command': [ '2.0.0' ],
35 silly audit   'shebang-regex': [ '3.0.0' ],
35 silly audit   'source-map-js': [ '1.2.1' ],
35 silly audit   tailwindcss: [ '4.3.0' ],
35 silly audit   tapable: [ '2.3.3' ],
35 silly audit   'tiny-invariant': [ '1.3.3' ],
35 silly audit   tinyglobby: [ '0.2.17' ],
35 silly audit   'ts-api-utils': [ '2.5.0' ],
35 silly audit   tslib: [ '2.8.1' ],
35 silly audit   'type-check': [ '0.4.0' ],
35 silly audit   typescript: [ '6.0.3' ],
35 silly audit   'typescript-eslint': [ '8.60.1' ],
35 silly audit   'undici-types': [ '7.18.2' ],
35 silly audit   'update-browserslist-db': [ '1.2.3' ],
35 silly audit   'uri-js': [ '4.4.1' ],
35 silly audit   'use-sync-external-store': [ '1.6.0' ],
35 silly audit   'victory-vendor': [ '37.3.6' ],
35 silly audit   vite: [ '8.0.16' ],
35 silly audit   which: [ '2.0.2' ],
35 silly audit   'word-wrap': [ '1.2.5' ],
35 silly audit   yallist: [ '3.1.1' ],
35 silly audit   'yocto-queue': [ '0.1.0' ],
35 silly audit   zod: [ '4.4.3' ],
35 silly audit   'zod-validation-error': [ '4.0.2' ],
35 silly audit   'lucide-react': [ '1.17.0' ]
35 silly audit }
36 http cache lucide-react@https://registry.npmjs.org/lucide-react/-/lucide-react-1.17.0.tgz 0ms (cache hit)
37 silly tarball no local data for lucide-react@https://registry.npmjs.org/lucide-react/-/lucide-react-1.17.0.tgz. Extracting by manifest.
38 http fetch POST 200 https://registry.npmjs.org/-/npm/v1/security/advisories/bulk 112ms
39 silly audit report {}
40 http fetch GET 200 https://registry.npmjs.org/lucide-react/-/lucide-react-1.17.0.tgz 1931ms (cache miss)
41 silly ADD node_modules/lucide-react
42 verbose cwd /Users/harish_a/SpacetimeDB/nations
43 verbose os Darwin 24.5.0
44 verbose node v22.19.0
45 verbose npm  v11.6.2
46 verbose exit 0
47 info ok
