0 verbose cli /usr/local/bin/node /usr/local/bin/npm
1 info using npm@11.6.2
2 info using node@v22.19.0
3 silly config load:file:/usr/local/lib/node_modules/npm/npmrc
4 silly config load:file:/Users/harish_a/SpacetimeDB/nations/.npmrc
5 silly config load:file:/Users/harish_a/.npmrc
6 silly config load:file:/usr/local/etc/npmrc
7 verbose title npm install tailwindcss @tailwindcss/vite
8 verbose argv "install" "--save-dev" "tailwindcss" "@tailwindcss/vite" "--cache" "/Users/harish_a/SpacetimeDB/.npm-cache"
9 verbose logfile logs-max:10 dir:/Users/harish_a/SpacetimeDB/.npm-cache/_logs/2026-06-05T22_04_55_407Z-
10 verbose logfile /Users/harish_a/SpacetimeDB/.npm-cache/_logs/2026-06-05T22_04_55_407Z-debug-0.log
11 silly logfile done cleaning log files
12 silly packumentCache heap:2197815296 maxSize:549453824 maxEntrySize:274726912
13 silly idealTree buildDeps
14 silly fetch manifest tailwindcss@*
15 silly packumentCache full:https://registry.npmjs.org/tailwindcss cache-miss
16 http fetch GET 200 https://registry.npmjs.org/tailwindcss 243ms (cache revalidated)
17 silly packumentCache full:https://registry.npmjs.org/tailwindcss set size:10609109 disposed:false
18 silly fetch manifest @tailwindcss/vite@*
19 silly packumentCache full:https://registry.npmjs.org/@tailwindcss%2fvite cache-miss
20 http fetch GET 200 https://registry.npmjs.org/@tailwindcss%2fvite 164ms (cache revalidated)
21 silly packumentCache full:https://registry.npmjs.org/@tailwindcss%2fvite set size:2131503 disposed:false
22 silly fetch manifest vite@^8.0.12
23 silly packumentCache full:https://registry.npmjs.org/vite cache-miss
24 http cache https://registry.npmjs.org/vite 74ms (cache hit)
25 silly packumentCache full:https://registry.npmjs.org/vite set size:38863551 disposed:false
26 silly fetch manifest @types/node@^24.12.3
27 silly packumentCache full:https://registry.npmjs.org/@types%2fnode cache-miss
28 http cache https://registry.npmjs.org/@types%2fnode 25ms (cache hit)
29 silly packumentCache full:https://registry.npmjs.org/@types%2fnode set size:11019425 disposed:false
30 silly fetch manifest @vitejs/devtools@^0.1.18
31 silly packumentCache full:https://registry.npmjs.org/@vitejs%2fdevtools cache-miss
32 http cache https://registry.npmjs.org/@vitejs%2fdevtools 5ms (cache hit)
33 silly packumentCache full:https://registry.npmjs.org/@vitejs%2fdevtools set size:218937 disposed:false
34 silly fetch manifest esbuild@^0.27.0 || ^0.28.0
35 silly packumentCache full:https://registry.npmjs.org/esbuild cache-miss
36 http cache https://registry.npmjs.org/esbuild 6ms (cache hit)
37 silly packumentCache full:https://registry.npmjs.org/esbuild set size:1254708 disposed:false
38 silly fetch manifest jiti@>=1.21.0
39 silly packumentCache full:https://registry.npmjs.org/jiti cache-miss
40 http cache https://registry.npmjs.org/jiti 4ms (cache hit)
41 silly packumentCache full:https://registry.npmjs.org/jiti set size:387989 disposed:false
42 silly fetch manifest less@^4.0.0
43 silly packumentCache full:https://registry.npmjs.org/less cache-miss
44 http cache https://registry.npmjs.org/less 11ms (cache hit)
45 silly packumentCache full:https://registry.npmjs.org/less set size:461684 disposed:false
46 silly fetch manifest sass@^1.70.0
47 silly packumentCache full:https://registry.npmjs.org/sass cache-miss
48 http cache https://registry.npmjs.org/sass 6ms (cache hit)
49 silly packumentCache full:https://registry.npmjs.org/sass set size:728345 disposed:false
50 silly fetch manifest sass-embedded@^1.70.0
51 silly packumentCache full:https://registry.npmjs.org/sass-embedded cache-miss
52 http cache https://registry.npmjs.org/sass-embedded 7ms (cache hit)
53 silly packumentCache full:https://registry.npmjs.org/sass-embedded set size:419718 disposed:false
54 silly fetch manifest stylus@>=0.54.8
55 silly packumentCache full:https://registry.npmjs.org/stylus cache-miss
56 http cache https://registry.npmjs.org/stylus 4ms (cache hit)
57 silly packumentCache full:https://registry.npmjs.org/stylus set size:286766 disposed:false
58 silly fetch manifest sugarss@^5.0.0
59 silly packumentCache full:https://registry.npmjs.org/sugarss cache-miss
60 http cache https://registry.npmjs.org/sugarss 2ms (cache hit)
61 silly packumentCache full:https://registry.npmjs.org/sugarss set size:44975 disposed:false
62 silly fetch manifest postcss@^8.3.3
63 silly packumentCache full:https://registry.npmjs.org/postcss cache-miss
64 http cache https://registry.npmjs.org/postcss 5ms (cache hit)
65 silly packumentCache full:https://registry.npmjs.org/postcss set size:723316 disposed:false
66 silly fetch manifest terser@^5.16.0
67 silly packumentCache full:https://registry.npmjs.org/terser cache-miss
68 http cache https://registry.npmjs.org/terser 4ms (cache hit)
69 silly packumentCache full:https://registry.npmjs.org/terser set size:803566 disposed:false
70 silly fetch manifest tsx@^4.8.1
71 silly packumentCache full:https://registry.npmjs.org/tsx cache-miss
72 http cache https://registry.npmjs.org/tsx 4ms (cache hit)
73 silly packumentCache full:https://registry.npmjs.org/tsx set size:304668 disposed:false
74 silly fetch manifest yaml@^2.4.2
75 silly packumentCache full:https://registry.npmjs.org/yaml cache-miss
76 http cache https://registry.npmjs.org/yaml 4ms (cache hit)
77 silly packumentCache full:https://registry.npmjs.org/yaml set size:385754 disposed:false
78 silly placeDep ROOT @tailwindcss/vite@4.3.0 OK for: nations@0.0.0 want: *
79 silly placeDep ROOT tailwindcss@4.3.0 OK for: nations@0.0.0 want: *
80 silly fetch manifest tailwindcss@4.3.0
81 silly packumentCache full:https://registry.npmjs.org/tailwindcss cache-miss
82 silly fetch manifest @tailwindcss/node@4.3.0
83 silly packumentCache full:https://registry.npmjs.org/@tailwindcss%2fnode cache-miss
84 silly fetch manifest @tailwindcss/oxide@4.3.0
85 silly packumentCache full:https://registry.npmjs.org/@tailwindcss%2foxide cache-miss
86 http cache https://registry.npmjs.org/tailwindcss 24ms (cache hit)
87 silly packumentCache full:https://registry.npmjs.org/tailwindcss set size:10609109 disposed:false
88 http fetch GET 200 https://registry.npmjs.org/@tailwindcss%2fnode 104ms (cache revalidated)
89 silly packumentCache full:https://registry.npmjs.org/@tailwindcss%2fnode set size:2170607 disposed:false
90 http fetch GET 200 https://registry.npmjs.org/@tailwindcss%2foxide 201ms (cache revalidated)
91 silly packumentCache full:https://registry.npmjs.org/@tailwindcss%2foxide set size:4487062 disposed:false
92 silly placeDep ROOT @tailwindcss/node@4.3.0 OK for: @tailwindcss/vite@4.3.0 want: 4.3.0
93 silly placeDep ROOT @tailwindcss/oxide@4.3.0 OK for: @tailwindcss/vite@4.3.0 want: 4.3.0
94 silly fetch manifest jiti@^2.6.1
95 silly packumentCache full:https://registry.npmjs.org/jiti cache-hit
96 silly fetch manifest magic-string@^0.30.21
97 silly packumentCache full:https://registry.npmjs.org/magic-string cache-miss
98 silly fetch manifest enhanced-resolve@^5.21.0
99 silly packumentCache full:https://registry.npmjs.org/enhanced-resolve cache-miss
100 silly fetch manifest @tailwindcss/oxide-darwin-x64@4.3.0
101 silly packumentCache full:https://registry.npmjs.org/@tailwindcss%2foxide-darwin-x64 cache-miss
102 silly fetch manifest @tailwindcss/oxide-freebsd-x64@4.3.0
103 silly packumentCache full:https://registry.npmjs.org/@tailwindcss%2foxide-freebsd-x64 cache-miss
104 silly fetch manifest @tailwindcss/oxide-wasm32-wasi@4.3.0
105 silly packumentCache full:https://registry.npmjs.org/@tailwindcss%2foxide-wasm32-wasi cache-miss
106 silly fetch manifest @tailwindcss/oxide-darwin-arm64@4.3.0
107 silly packumentCache full:https://registry.npmjs.org/@tailwindcss%2foxide-darwin-arm64 cache-miss
108 silly fetch manifest @tailwindcss/oxide-android-arm64@4.3.0
109 silly packumentCache full:https://registry.npmjs.org/@tailwindcss%2foxide-android-arm64 cache-miss
110 http fetch GET 200 https://registry.npmjs.org/magic-string 46ms (cache revalidated)
111 silly packumentCache full:https://registry.npmjs.org/magic-string set size:331817 disposed:false
112 silly fetch manifest @tailwindcss/oxide-linux-x64-gnu@4.3.0
113 silly packumentCache full:https://registry.npmjs.org/@tailwindcss%2foxide-linux-x64-gnu cache-miss
114 http fetch GET 200 https://registry.npmjs.org/@tailwindcss%2foxide-darwin-arm64 106ms (cache revalidated)
115 silly packumentCache full:https://registry.npmjs.org/@tailwindcss%2foxide-darwin-arm64 set size:2858326 disposed:false
116 silly fetch manifest @tailwindcss/oxide-linux-x64-musl@4.3.0
117 silly packumentCache full:https://registry.npmjs.org/@tailwindcss%2foxide-linux-x64-musl cache-miss
118 http fetch GET 200 https://registry.npmjs.org/@tailwindcss%2foxide-linux-x64-gnu 102ms (cache revalidated)
119 silly packumentCache full:https://registry.npmjs.org/@tailwindcss%2foxide-linux-x64-gnu set size:2881790 disposed:false
120 silly fetch manifest @tailwindcss/oxide-win32-x64-msvc@4.3.0
121 silly packumentCache full:https://registry.npmjs.org/@tailwindcss%2foxide-win32-x64-msvc cache-miss
122 http fetch GET 200 https://registry.npmjs.org/@tailwindcss%2foxide-wasm32-wasi 166ms (cache revalidated)
123 silly packumentCache full:https://registry.npmjs.org/@tailwindcss%2foxide-wasm32-wasi set size:1413212 disposed:false
124 silly fetch manifest @tailwindcss/oxide-linux-arm64-gnu@4.3.0
125 silly packumentCache full:https://registry.npmjs.org/@tailwindcss%2foxide-linux-arm64-gnu cache-miss
126 http fetch GET 200 https://registry.npmjs.org/@tailwindcss%2foxide-darwin-x64 176ms (cache revalidated)
127 silly packumentCache full:https://registry.npmjs.org/@tailwindcss%2foxide-darwin-x64 set size:2823530 disposed:false
128 silly fetch manifest @tailwindcss/oxide-linux-arm64-musl@4.3.0
129 silly packumentCache full:https://registry.npmjs.org/@tailwindcss%2foxide-linux-arm64-musl cache-miss
130 http fetch GET 200 https://registry.npmjs.org/enhanced-resolve 207ms (cache updated)
131 silly packumentCache full:https://registry.npmjs.org/enhanced-resolve set size:undefined disposed:false
132 silly fetch manifest @tailwindcss/oxide-win32-arm64-msvc@4.3.0
133 silly packumentCache full:https://registry.npmjs.org/@tailwindcss%2foxide-win32-arm64-msvc cache-miss
134 http fetch GET 200 https://registry.npmjs.org/@tailwindcss%2foxide-linux-x64-musl 102ms (cache revalidated)
135 silly packumentCache full:https://registry.npmjs.org/@tailwindcss%2foxide-linux-x64-musl set size:2890480 disposed:false
136 silly fetch manifest @tailwindcss/oxide-linux-arm-gnueabihf@4.3.0
137 silly packumentCache full:https://registry.npmjs.org/@tailwindcss%2foxide-linux-arm-gnueabihf cache-miss
138 http fetch GET 200 https://registry.npmjs.org/@tailwindcss%2foxide-freebsd-x64 238ms (cache revalidated)
139 silly packumentCache full:https://registry.npmjs.org/@tailwindcss%2foxide-freebsd-x64 set size:2837909 disposed:false
140 http fetch GET 200 https://registry.npmjs.org/@tailwindcss%2foxide-android-arm64 270ms (cache revalidated)
141 silly packumentCache full:https://registry.npmjs.org/@tailwindcss%2foxide-android-arm64 set size:1998657 disposed:false
142 http fetch GET 200 https://registry.npmjs.org/@tailwindcss%2foxide-linux-arm64-musl 114ms (cache revalidated)
143 silly packumentCache full:https://registry.npmjs.org/@tailwindcss%2foxide-linux-arm64-musl set size:2918626 disposed:false
144 http fetch GET 200 https://registry.npmjs.org/@tailwindcss%2foxide-win32-arm64-msvc 110ms (cache revalidated)
145 silly packumentCache full:https://registry.npmjs.org/@tailwindcss%2foxide-win32-arm64-msvc set size:1974083 disposed:false
146 http fetch GET 200 https://registry.npmjs.org/@tailwindcss%2foxide-win32-x64-msvc 169ms (cache revalidated)
147 silly packumentCache full:https://registry.npmjs.org/@tailwindcss%2foxide-win32-x64-msvc set size:2863904 disposed:false
148 http fetch GET 200 https://registry.npmjs.org/@tailwindcss%2foxide-linux-arm64-gnu 174ms (cache revalidated)
149 silly packumentCache full:https://registry.npmjs.org/@tailwindcss%2foxide-linux-arm64-gnu set size:2907675 disposed:false
150 http fetch GET 200 https://registry.npmjs.org/@tailwindcss%2foxide-linux-arm-gnueabihf 147ms (cache revalidated)
151 silly packumentCache full:https://registry.npmjs.org/@tailwindcss%2foxide-linux-arm-gnueabihf set size:2932661 disposed:false
152 silly placeDep ROOT enhanced-resolve@5.23.0 OK for: @tailwindcss/node@4.3.0 want: ^5.21.0
153 silly placeDep ROOT jiti@2.7.0 OK for: @tailwindcss/node@4.3.0 want: ^2.6.1
154 silly placeDep ROOT magic-string@0.30.21 OK for: @tailwindcss/node@4.3.0 want: ^0.30.21
155 silly fetch manifest graceful-fs@^4.2.4
156 silly packumentCache full:https://registry.npmjs.org/graceful-fs cache-miss
157 silly fetch manifest tapable@^2.3.3
158 silly packumentCache full:https://registry.npmjs.org/tapable cache-miss
159 http fetch GET 200 https://registry.npmjs.org/graceful-fs 64ms (cache revalidated)
160 silly packumentCache full:https://registry.npmjs.org/graceful-fs set size:124285 disposed:false
161 http fetch GET 200 https://registry.npmjs.org/tapable 68ms (cache revalidated)
162 silly packumentCache full:https://registry.npmjs.org/tapable set size:141233 disposed:false
163 silly placeDep ROOT @tailwindcss/oxide-android-arm64@4.3.0 OK for: @tailwindcss/oxide@4.3.0 want: 4.3.0
164 silly placeDep ROOT @tailwindcss/oxide-darwin-arm64@4.3.0 OK for: @tailwindcss/oxide@4.3.0 want: 4.3.0
165 silly placeDep ROOT @tailwindcss/oxide-darwin-x64@4.3.0 OK for: @tailwindcss/oxide@4.3.0 want: 4.3.0
166 silly placeDep ROOT @tailwindcss/oxide-freebsd-x64@4.3.0 OK for: @tailwindcss/oxide@4.3.0 want: 4.3.0
167 silly placeDep ROOT @tailwindcss/oxide-linux-arm-gnueabihf@4.3.0 OK for: @tailwindcss/oxide@4.3.0 want: 4.3.0
168 silly placeDep ROOT @tailwindcss/oxide-linux-arm64-gnu@4.3.0 OK for: @tailwindcss/oxide@4.3.0 want: 4.3.0
169 silly placeDep ROOT @tailwindcss/oxide-linux-arm64-musl@4.3.0 OK for: @tailwindcss/oxide@4.3.0 want: 4.3.0
170 silly placeDep ROOT @tailwindcss/oxide-linux-x64-gnu@4.3.0 OK for: @tailwindcss/oxide@4.3.0 want: 4.3.0
171 silly placeDep ROOT @tailwindcss/oxide-linux-x64-musl@4.3.0 OK for: @tailwindcss/oxide@4.3.0 want: 4.3.0
172 silly placeDep ROOT @tailwindcss/oxide-wasm32-wasi@4.3.0 OK for: @tailwindcss/oxide@4.3.0 want: 4.3.0
173 silly placeDep ROOT @tailwindcss/oxide-win32-arm64-msvc@4.3.0 OK for: @tailwindcss/oxide@4.3.0 want: 4.3.0
174 silly placeDep ROOT @tailwindcss/oxide-win32-x64-msvc@4.3.0 OK for: @tailwindcss/oxide@4.3.0 want: 4.3.0
175 silly placeDep ROOT graceful-fs@4.2.11 OK for: enhanced-resolve@5.23.0 want: ^4.2.4
176 silly placeDep ROOT tapable@2.3.3 OK for: enhanced-resolve@5.23.0 want: ^2.3.3
177 silly reify moves {}
178 silly audit bulk request {
178 silly audit   '@babel/code-frame': [ '7.29.7' ],
178 silly audit   '@babel/compat-data': [ '7.29.7' ],
178 silly audit   '@babel/core': [ '7.29.7' ],
178 silly audit   '@babel/generator': [ '7.29.7' ],
178 silly audit   '@babel/helper-compilation-targets': [ '7.29.7' ],
178 silly audit   '@babel/helper-globals': [ '7.29.7' ],
178 silly audit   '@babel/helper-module-imports': [ '7.29.7' ],
178 silly audit   '@babel/helper-module-transforms': [ '7.29.7' ],
178 silly audit   '@babel/helper-string-parser': [ '7.29.7' ],
178 silly audit   '@babel/helper-validator-identifier': [ '7.29.7' ],
178 silly audit   '@babel/helper-validator-option': [ '7.29.7' ],
178 silly audit   '@babel/helpers': [ '7.29.7' ],
178 silly audit   '@babel/parser': [ '7.29.7' ],
178 silly audit   '@babel/template': [ '7.29.7' ],
178 silly audit   '@babel/traverse': [ '7.29.7' ],
178 silly audit   '@babel/types': [ '7.29.7' ],
178 silly audit   '@emnapi/wasi-threads': [ '1.2.1' ],
178 silly audit   '@eslint-community/eslint-utils': [ '4.9.1' ],
178 silly audit   'eslint-visitor-keys': [ '3.4.3', '5.0.1' ],
178 silly audit   '@eslint-community/regexpp': [ '4.12.2' ],
178 silly audit   '@eslint/config-array': [ '0.23.5' ],
178 silly audit   '@eslint/config-helpers': [ '0.6.0' ],
178 silly audit   '@eslint/core': [ '1.2.1' ],
178 silly audit   '@eslint/js': [ '10.0.1' ],
178 silly audit   '@eslint/object-schema': [ '3.0.5' ],
178 silly audit   '@eslint/plugin-kit': [ '0.7.2' ],
178 silly audit   '@humanfs/core': [ '0.19.2' ],
178 silly audit   '@humanfs/node': [ '0.16.8' ],
178 silly audit   '@humanfs/types': [ '0.15.0' ],
178 silly audit   '@humanwhocodes/module-importer': [ '1.0.1' ],
178 silly audit   '@humanwhocodes/retry': [ '0.4.3' ],
178 silly audit   '@jridgewell/gen-mapping': [ '0.3.13' ],
178 silly audit   '@jridgewell/remapping': [ '2.3.5' ],
178 silly audit   '@jridgewell/resolve-uri': [ '3.1.2' ],
178 silly audit   '@jridgewell/sourcemap-codec': [ '1.5.5' ],
178 silly audit   '@jridgewell/trace-mapping': [ '0.3.31' ],
178 silly audit   '@napi-rs/wasm-runtime': [ '1.1.4' ],
178 silly audit   '@oxc-project/types': [ '0.133.0' ],
178 silly audit   '@rolldown/binding-android-arm64': [ '1.0.3' ],
178 silly audit   '@rolldown/binding-darwin-arm64': [ '1.0.3' ],
178 silly audit   '@rolldown/binding-darwin-x64': [ '1.0.3' ],
178 silly audit   '@rolldown/binding-freebsd-x64': [ '1.0.3' ],
178 silly audit   '@rolldown/binding-linux-arm-gnueabihf': [ '1.0.3' ],
178 silly audit   '@rolldown/binding-linux-arm64-gnu': [ '1.0.3' ],
178 silly audit   '@rolldown/binding-linux-arm64-musl': [ '1.0.3' ],
178 silly audit   '@rolldown/binding-linux-ppc64-gnu': [ '1.0.3' ],
178 silly audit   '@rolldown/binding-linux-s390x-gnu': [ '1.0.3' ],
178 silly audit   '@rolldown/binding-linux-x64-gnu': [ '1.0.3' ],
178 silly audit   '@rolldown/binding-linux-x64-musl': [ '1.0.3' ],
178 silly audit   '@rolldown/binding-openharmony-arm64': [ '1.0.3' ],
178 silly audit   '@rolldown/binding-wasm32-wasi': [ '1.0.3' ],
178 silly audit   '@rolldown/binding-win32-arm64-msvc': [ '1.0.3' ],
178 silly audit   '@rolldown/binding-win32-x64-msvc': [ '1.0.3' ],
178 silly audit   '@rolldown/pluginutils': [ '1.0.1' ],
178 silly audit   '@tybys/wasm-util': [ '0.10.2' ],
178 silly audit   '@types/esrecurse': [ '4.3.1' ],
178 silly audit   '@types/estree': [ '1.0.9' ],
178 silly audit   '@types/json-schema': [ '7.0.15' ],
178 silly audit   '@types/node': [ '24.13.0' ],
178 silly audit   '@types/react': [ '19.2.17' ],
178 silly audit   '@types/react-dom': [ '19.2.3' ],
178 silly audit   '@typescript-eslint/eslint-plugin': [ '8.60.1' ],
178 silly audit   ignore: [ '7.0.5', '5.3.2' ],
178 silly audit   '@typescript-eslint/parser': [ '8.60.1' ],
178 silly audit   '@typescript-eslint/project-service': [ '8.60.1' ],
178 silly audit   '@typescript-eslint/scope-manager': [ '8.60.1' ],
178 silly audit   '@typescript-eslint/tsconfig-utils': [ '8.60.1' ],
178 silly audit   '@typescript-eslint/type-utils': [ '8.60.1' ],
178 silly audit   '@typescript-eslint/types': [ '8.60.1' ],
178 silly audit   '@typescript-eslint/typescript-estree': [ '8.60.1' ],
178 silly audit   semver: [ '7.8.2', '6.3.1' ],
178 silly audit   '@typescript-eslint/utils': [ '8.60.1' ],
178 silly audit   '@typescript-eslint/visitor-keys': [ '8.60.1' ],
178 silly audit   '@vitejs/plugin-react': [ '6.0.2' ],
178 silly audit   acorn: [ '8.16.0' ],
178 silly audit   'acorn-jsx': [ '5.3.2' ],
178 silly audit   ajv: [ '6.15.0' ],
178 silly audit   'balanced-match': [ '4.0.4' ],
178 silly audit   'baseline-browser-mapping': [ '2.10.34' ],
178 silly audit   'brace-expansion': [ '5.0.6' ],
178 silly audit   browserslist: [ '4.28.2' ],
178 silly audit   'caniuse-lite': [ '1.0.30001793' ],
178 silly audit   'convert-source-map': [ '2.0.0' ],
178 silly audit   'cross-spawn': [ '7.0.6' ],
178 silly audit   csstype: [ '3.2.3' ],
178 silly audit   debug: [ '4.4.3' ],
178 silly audit   'deep-is': [ '0.1.4' ],
178 silly audit   'detect-libc': [ '2.1.2' ],
178 silly audit   'electron-to-chromium': [ '1.5.368' ],
178 silly audit   escalade: [ '3.2.0' ],
178 silly audit   'escape-string-regexp': [ '4.0.0' ],
178 silly audit   eslint: [ '10.4.1' ],
178 silly audit   'eslint-plugin-react-hooks': [ '7.1.1' ],
178 silly audit   'eslint-plugin-react-refresh': [ '0.5.2' ],
178 silly audit   'eslint-scope': [ '9.1.2' ],
178 silly audit   espree: [ '11.2.0' ],
178 silly audit   esquery: [ '1.7.0' ],
178 silly audit   esrecurse: [ '4.3.0' ],
178 silly audit   estraverse: [ '5.3.0' ],
178 silly audit   esutils: [ '2.0.3' ],
178 silly audit   'fast-deep-equal': [ '3.1.3' ],
178 silly audit   'fast-json-stable-stringify': [ '2.1.0' ],
178 silly audit   'fast-levenshtein': [ '2.0.6' ],
178 silly audit   fdir: [ '6.5.0' ],
178 silly audit   'file-entry-cache': [ '8.0.0' ],
178 silly audit   'find-up': [ '5.0.0' ],
178 silly audit   'flat-cache': [ '4.0.1' ],
178 silly audit   flatted: [ '3.4.2' ],
178 silly audit   fsevents: [ '2.3.3' ],
178 silly audit   gensync: [ '1.0.0-beta.2' ],
178 silly audit   'glob-parent': [ '6.0.2' ],
178 silly audit   globals: [ '17.6.0' ],
178 silly audit   'hermes-estree': [ '0.25.1' ],
178 silly audit   'hermes-parser': [ '0.25.1' ],
178 silly audit   imurmurhash: [ '0.1.4' ],
178 silly audit   'is-extglob': [ '2.1.1' ],
178 silly audit   'is-glob': [ '4.0.3' ],
178 silly audit   isexe: [ '2.0.0' ],
178 silly audit   'js-tokens': [ '4.0.0' ],
178 silly audit   jsesc: [ '3.1.0' ],
178 silly audit   'json-buffer': [ '3.0.1' ],
178 silly audit   'json-schema-traverse': [ '0.4.1' ],
178 silly audit   'json-stable-stringify-without-jsonify': [ '1.0.1' ],
178 silly audit   json5: [ '2.2.3' ],
178 silly audit   keyv: [ '4.5.4' ],
178 silly audit   levn: [ '0.4.1' ],
178 silly audit   lightningcss: [ '1.32.0' ],
178 silly audit   'lightningcss-android-arm64': [ '1.32.0' ],
178 silly audit   'lightningcss-darwin-arm64': [ '1.32.0' ],
178 silly audit   'lightningcss-darwin-x64': [ '1.32.0' ],
178 silly audit   'lightningcss-freebsd-x64': [ '1.32.0' ],
178 silly audit   'lightningcss-linux-arm-gnueabihf': [ '1.32.0' ],
178 silly audit   'lightningcss-linux-arm64-gnu': [ '1.32.0' ],
178 silly audit   'lightningcss-linux-arm64-musl': [ '1.32.0' ],
178 silly audit   'lightningcss-linux-x64-gnu': [ '1.32.0' ],
178 silly audit   'lightningcss-linux-x64-musl': [ '1.32.0' ],
178 silly audit   'lightningcss-win32-arm64-msvc': [ '1.32.0' ],
178 silly audit   'lightningcss-win32-x64-msvc': [ '1.32.0' ],
178 silly audit   'locate-path': [ '6.0.0' ],
178 silly audit   'lru-cache': [ '5.1.1' ],
178 silly audit   minimatch: [ '10.2.5' ],
178 silly audit   ms: [ '2.1.3' ],
178 silly audit   nanoid: [ '3.3.12' ],
178 silly audit   'natural-compare': [ '1.4.0' ],
178 silly audit   'node-releases': [ '2.0.47' ],
178 silly audit   optionator: [ '0.9.4' ],
178 silly audit   'p-limit': [ '3.1.0' ],
178 silly audit   'p-locate': [ '5.0.0' ],
178 silly audit   'path-exists': [ '4.0.0' ],
178 silly audit   'path-key': [ '3.1.1' ],
178 silly audit   picocolors: [ '1.1.1' ],
178 silly audit   picomatch: [ '4.0.4' ],
178 silly audit   postcss: [ '8.5.15' ],
178 silly audit   'prelude-ls': [ '1.2.1' ],
178 silly audit   punycode: [ '2.3.1' ],
178 silly audit   react: [ '19.2.7' ],
178 silly audit   'react-dom': [ '19.2.7' ],
178 silly audit   rolldown: [ '1.0.3' ],
178 silly audit   scheduler: [ '0.27.0' ],
178 silly audit   'shebang-command': [ '2.0.0' ],
178 silly audit   'shebang-regex': [ '3.0.0' ],
178 silly audit   'source-map-js': [ '1.2.1' ],
178 silly audit   tinyglobby: [ '0.2.17' ],
178 silly audit   'ts-api-utils': [ '2.5.0' ],
178 silly audit   tslib: [ '2.8.1' ],
178 silly audit   'type-check': [ '0.4.0' ],
178 silly audit   typescript: [ '6.0.3' ],
178 silly audit   'typescript-eslint': [ '8.60.1' ],
178 silly audit   'undici-types': [ '7.18.2' ],
178 silly audit   'update-browserslist-db': [ '1.2.3' ],
178 silly audit   'uri-js': [ '4.4.1' ],
178 silly audit   vite: [ '8.0.16' ],
178 silly audit   which: [ '2.0.2' ],
178 silly audit   'word-wrap': [ '1.2.5' ],
178 silly audit   yallist: [ '3.1.1' ],
178 silly audit   'yocto-queue': [ '0.1.0' ],
178 silly audit   zod: [ '4.4.3' ],
178 silly audit   'zod-validation-error': [ '4.0.2' ],
178 silly audit   '@tailwindcss/vite': [ '4.3.0' ],
178 silly audit   tailwindcss: [ '4.3.0' ],
178 silly audit   '@tailwindcss/node': [ '4.3.0' ],
178 silly audit   '@tailwindcss/oxide': [ '4.3.0' ],
178 silly audit   'enhanced-resolve': [ '5.23.0' ],
178 silly audit   jiti: [ '2.7.0' ],
178 silly audit   'magic-string': [ '0.30.21' ],
178 silly audit   '@tailwindcss/oxide-android-arm64': [ '4.3.0' ],
178 silly audit   '@tailwindcss/oxide-darwin-arm64': [ '4.3.0' ],
178 silly audit   '@tailwindcss/oxide-darwin-x64': [ '4.3.0' ],
178 silly audit   '@tailwindcss/oxide-freebsd-x64': [ '4.3.0' ],
178 silly audit   '@tailwindcss/oxide-linux-arm-gnueabihf': [ '4.3.0' ],
178 silly audit   '@tailwindcss/oxide-linux-arm64-gnu': [ '4.3.0' ],
178 silly audit   '@tailwindcss/oxide-linux-arm64-musl': [ '4.3.0' ],
178 silly audit   '@tailwindcss/oxide-linux-x64-gnu': [ '4.3.0' ],
178 silly audit   '@tailwindcss/oxide-linux-x64-musl': [ '4.3.0' ],
178 silly audit   '@tailwindcss/oxide-wasm32-wasi': [ '4.3.0' ],
178 silly audit   '@tailwindcss/oxide-win32-arm64-msvc': [ '4.3.0' ],
178 silly audit   '@tailwindcss/oxide-win32-x64-msvc': [ '4.3.0' ],
178 silly audit   'graceful-fs': [ '4.2.11' ],
178 silly audit   tapable: [ '2.3.3' ]
178 silly audit }
179 http cache tapable@https://registry.npmjs.org/tapable/-/tapable-2.3.3.tgz 0ms (cache hit)
180 http cache graceful-fs@https://registry.npmjs.org/graceful-fs/-/graceful-fs-4.2.11.tgz 0ms (cache hit)
181 http cache magic-string@https://registry.npmjs.org/magic-string/-/magic-string-0.30.21.tgz 0ms (cache hit)
182 http cache enhanced-resolve@https://registry.npmjs.org/enhanced-resolve/-/enhanced-resolve-5.23.0.tgz 0ms (cache hit)
183 http cache @tailwindcss/oxide-darwin-arm64@https://registry.npmjs.org/@tailwindcss/oxide-darwin-arm64/-/oxide-darwin-arm64-4.3.0.tgz 0ms (cache hit)
184 http cache jiti@https://registry.npmjs.org/jiti/-/jiti-2.7.0.tgz 0ms (cache hit)
185 http cache @tailwindcss/oxide@https://registry.npmjs.org/@tailwindcss/oxide/-/oxide-4.3.0.tgz 0ms (cache hit)
186 http cache tailwindcss@https://registry.npmjs.org/tailwindcss/-/tailwindcss-4.3.0.tgz 0ms (cache hit)
187 http cache @tailwindcss/vite@https://registry.npmjs.org/@tailwindcss/vite/-/vite-4.3.0.tgz 0ms (cache hit)
188 http cache fsevents@https://registry.npmjs.org/fsevents/-/fsevents-2.3.3.tgz 0ms (cache hit)
189 http cache tslib@https://registry.npmjs.org/tslib/-/tslib-2.8.1.tgz 0ms (cache hit)
190 http cache @tailwindcss/node@https://registry.npmjs.org/@tailwindcss/node/-/node-4.3.0.tgz 0ms (cache hit)
191 http cache @tybys/wasm-util@https://registry.npmjs.org/@tybys/wasm-util/-/wasm-util-0.10.2.tgz 0ms (cache hit)
192 silly tarball no local data for enhanced-resolve@https://registry.npmjs.org/enhanced-resolve/-/enhanced-resolve-5.23.0.tgz. Extracting by manifest.
193 http cache @napi-rs/wasm-runtime@https://registry.npmjs.org/@napi-rs/wasm-runtime/-/wasm-runtime-1.1.4.tgz 0ms (cache hit)
194 http fetch POST 200 https://registry.npmjs.org/-/npm/v1/security/advisories/bulk 109ms
195 silly audit report {}
196 http fetch GET 200 https://registry.npmjs.org/enhanced-resolve/-/enhanced-resolve-5.23.0.tgz 130ms (cache miss)
197 silly ADD node_modules/tapable
198 silly ADD node_modules/graceful-fs
199 silly ADD node_modules/@tailwindcss/oxide-darwin-arm64
200 silly ADD node_modules/magic-string
201 silly ADD node_modules/jiti
202 silly ADD node_modules/enhanced-resolve
203 silly ADD node_modules/@tailwindcss/oxide
204 silly ADD node_modules/@tailwindcss/node
205 silly ADD node_modules/tailwindcss
206 silly ADD node_modules/@tailwindcss/vite
207 silly ADD node_modules/tslib
208 silly ADD node_modules/fsevents
209 silly ADD node_modules/@tybys/wasm-util
210 silly ADD node_modules/@napi-rs/wasm-runtime
211 verbose cwd /Users/harish_a/SpacetimeDB/nations
212 verbose os Darwin 24.5.0
213 verbose node v22.19.0
214 verbose npm  v11.6.2
215 verbose exit 0
216 info ok
