0 verbose cli /usr/local/bin/node /usr/local/bin/npm
1 info using npm@11.6.2
2 info using node@v22.19.0
3 silly config load:file:/usr/local/lib/node_modules/npm/npmrc
4 silly config load:file:/Users/harish_a/SpacetimeDB/nations/.npmrc
5 silly config load:file:/Users/harish_a/.npmrc
6 silly config load:file:/usr/local/etc/npmrc
7 verbose title npm install spacetimedb@^2.4.1
8 verbose argv "install" "spacetimedb@^2.4.1" "--cache" "/Users/harish_a/SpacetimeDB/.npm-cache"
9 verbose logfile logs-max:10 dir:/Users/harish_a/SpacetimeDB/.npm-cache/_logs/2026-06-06T00_47_30_226Z-
10 verbose logfile /Users/harish_a/SpacetimeDB/.npm-cache/_logs/2026-06-06T00_47_30_226Z-debug-0.log
11 silly logfile start cleaning logs, removing 1 files
12 silly packumentCache heap:2197815296 maxSize:549453824 maxEntrySize:274726912
13 silly logfile done cleaning log files
14 silly idealTree buildDeps
15 silly fetch manifest spacetimedb@^2.4.1
16 silly packumentCache full:https://registry.npmjs.org/spacetimedb cache-miss
17 http fetch GET 200 https://registry.npmjs.org/spacetimedb 244ms (cache revalidated)
18 silly packumentCache full:https://registry.npmjs.org/spacetimedb set size:189460 disposed:false
19 silly fetch manifest @angular/core@>=17.0.0
20 silly packumentCache full:https://registry.npmjs.org/@angular%2fcore cache-miss
21 http fetch GET 200 https://registry.npmjs.org/@angular%2fcore 49ms (cache revalidated)
22 silly packumentCache full:https://registry.npmjs.org/@angular%2fcore set size:3027748 disposed:false
23 silly fetch manifest @angular/compiler@21.2.16
24 silly packumentCache full:https://registry.npmjs.org/@angular%2fcompiler cache-miss
25 http fetch GET 200 https://registry.npmjs.org/@angular%2fcompiler 144ms (cache revalidated)
26 silly packumentCache full:https://registry.npmjs.org/@angular%2fcompiler set size:2730589 disposed:false
27 silly fetch manifest rxjs@^6.5.3 || ^7.4.0
28 silly packumentCache full:https://registry.npmjs.org/rxjs cache-miss
29 http fetch GET 200 https://registry.npmjs.org/rxjs 69ms (cache revalidated)
30 silly packumentCache full:https://registry.npmjs.org/rxjs set size:980097 disposed:false
31 silly fetch manifest zone.js@~0.15.0 || ~0.16.0
32 silly packumentCache full:https://registry.npmjs.org/zone.js cache-miss
33 http fetch GET 200 https://registry.npmjs.org/zone.js 71ms (cache revalidated)
34 silly packumentCache full:https://registry.npmjs.org/zone.js set size:378576 disposed:false
35 silly fetch manifest @tanstack/react-query@^5.0.0
36 silly packumentCache full:https://registry.npmjs.org/@tanstack%2freact-query cache-miss
37 http fetch GET 200 https://registry.npmjs.org/@tanstack%2freact-query 221ms (cache revalidated)
38 silly packumentCache full:https://registry.npmjs.org/@tanstack%2freact-query set size:1609361 disposed:false
39 silly fetch manifest react@^19.2.6
40 silly packumentCache full:https://registry.npmjs.org/react cache-miss
41 http fetch GET 200 https://registry.npmjs.org/react 62ms (cache revalidated)
42 silly packumentCache full:https://registry.npmjs.org/react set size:6688498 disposed:false
43 silly fetch manifest svelte@^4.0.0 || ^5.0.0
44 silly packumentCache full:https://registry.npmjs.org/svelte cache-miss
45 http fetch GET 200 https://registry.npmjs.org/svelte 63ms (cache revalidated)
46 silly packumentCache full:https://registry.npmjs.org/svelte set size:4746977 disposed:false
47 silly fetch manifest undici@^6.19.2
48 silly packumentCache full:https://registry.npmjs.org/undici cache-miss
49 http fetch GET 200 https://registry.npmjs.org/undici 69ms (cache revalidated)
50 silly packumentCache full:https://registry.npmjs.org/undici set size:1410139 disposed:false
51 silly fetch manifest vue@^3.3.0
52 silly packumentCache full:https://registry.npmjs.org/vue cache-miss
53 http fetch GET 200 https://registry.npmjs.org/vue 72ms (cache revalidated)
54 silly packumentCache full:https://registry.npmjs.org/vue set size:2045595 disposed:false
55 silly fetch manifest typescript@~6.0.2
56 silly packumentCache full:https://registry.npmjs.org/typescript cache-miss
57 http fetch GET 200 https://registry.npmjs.org/typescript 66ms (cache revalidated)
58 silly packumentCache full:https://registry.npmjs.org/typescript set size:15409943 disposed:false
59 silly placeDep ROOT spacetimedb@2.4.1 OK for: nations@0.0.0 want: ^2.4.1
60 silly fetch manifest base64-js@^1.5.1
61 silly packumentCache full:https://registry.npmjs.org/base64-js cache-miss
62 silly fetch manifest headers-polyfill@^4.0.3
63 silly packumentCache full:https://registry.npmjs.org/headers-polyfill cache-miss
64 silly fetch manifest object-inspect@^1.13.4
65 silly packumentCache full:https://registry.npmjs.org/object-inspect cache-miss
66 silly fetch manifest prettier@^3.3.3
67 silly packumentCache full:https://registry.npmjs.org/prettier cache-miss
68 silly fetch manifest pure-rand@^7.0.1
69 silly packumentCache full:https://registry.npmjs.org/pure-rand cache-miss
70 silly fetch manifest safe-stable-stringify@^2.5.0
71 silly packumentCache full:https://registry.npmjs.org/safe-stable-stringify cache-miss
72 silly fetch manifest statuses@^2.0.2
73 silly packumentCache full:https://registry.npmjs.org/statuses cache-miss
74 http fetch GET 200 https://registry.npmjs.org/pure-rand 64ms (cache revalidated)
75 silly packumentCache full:https://registry.npmjs.org/pure-rand set size:185950 disposed:false
76 silly fetch manifest url-polyfill@^1.1.14
77 silly packumentCache full:https://registry.npmjs.org/url-polyfill cache-miss
78 http fetch GET 200 https://registry.npmjs.org/base64-js 99ms (cache revalidated)
79 silly packumentCache full:https://registry.npmjs.org/base64-js set size:41270 disposed:false
80 http fetch GET 200 https://registry.npmjs.org/safe-stable-stringify 105ms (cache revalidated)
81 silly packumentCache full:https://registry.npmjs.org/safe-stable-stringify set size:45091 disposed:false
82 http fetch GET 200 https://registry.npmjs.org/statuses 115ms (cache revalidated)
83 silly packumentCache full:https://registry.npmjs.org/statuses set size:37117 disposed:false
84 http fetch GET 200 https://registry.npmjs.org/object-inspect 118ms (cache revalidated)
85 silly packumentCache full:https://registry.npmjs.org/object-inspect set size:101912 disposed:false
86 http fetch GET 200 https://registry.npmjs.org/prettier 146ms (cache revalidated)
87 silly packumentCache full:https://registry.npmjs.org/prettier set size:665088 disposed:false
88 http fetch GET 200 https://registry.npmjs.org/url-polyfill 104ms (cache revalidated)
89 silly packumentCache full:https://registry.npmjs.org/url-polyfill set size:59860 disposed:false
90 http fetch GET 200 https://registry.npmjs.org/headers-polyfill 184ms (cache revalidated)
91 silly packumentCache full:https://registry.npmjs.org/headers-polyfill set size:74536 disposed:false
92 silly fetch manifest @emnapi/core@^1.7.1
93 silly packumentCache full:https://registry.npmjs.org/@emnapi%2fcore cache-miss
94 http fetch GET 200 https://registry.npmjs.org/@emnapi%2fcore 48ms (cache revalidated)
95 silly packumentCache full:https://registry.npmjs.org/@emnapi%2fcore set size:108001 disposed:false
96 silly fetch manifest @emnapi/runtime@^1.7.1
97 silly packumentCache full:https://registry.npmjs.org/@emnapi%2fruntime cache-miss
98 http fetch GET 200 https://registry.npmjs.org/@emnapi%2fruntime 51ms (cache revalidated)
99 silly packumentCache full:https://registry.npmjs.org/@emnapi%2fruntime set size:109985 disposed:false
100 silly placeDep ROOT @emnapi/core@1.10.0 OK for: @napi-rs/wasm-runtime@1.1.4 want: ^1.7.1
101 silly placeDep ROOT @emnapi/runtime@1.10.0 OK for: @napi-rs/wasm-runtime@1.1.4 want: ^1.7.1
102 silly placeDep ROOT base64-js@1.5.1 OK for: spacetimedb@2.4.1 want: ^1.5.1
103 silly placeDep ROOT headers-polyfill@4.0.3 OK for: spacetimedb@2.4.1 want: ^4.0.3
104 silly placeDep ROOT object-inspect@1.13.4 OK for: spacetimedb@2.4.1 want: ^1.13.4
105 silly placeDep ROOT prettier@3.8.3 OK for: spacetimedb@2.4.1 want: ^3.3.3
106 silly placeDep ROOT pure-rand@7.0.1 OK for: spacetimedb@2.4.1 want: ^7.0.1
107 silly placeDep ROOT safe-stable-stringify@2.5.0 OK for: spacetimedb@2.4.1 want: ^2.5.0
108 silly placeDep ROOT statuses@2.0.2 OK for: spacetimedb@2.4.1 want: ^2.0.2
109 silly placeDep ROOT url-polyfill@1.1.14 OK for: spacetimedb@2.4.1 want: ^1.1.14
110 silly reify moves {}
111 silly audit bulk request {
111 silly audit   '@babel/code-frame': [ '7.29.7' ],
111 silly audit   '@babel/compat-data': [ '7.29.7' ],
111 silly audit   '@babel/core': [ '7.29.7' ],
111 silly audit   '@babel/generator': [ '7.29.7' ],
111 silly audit   '@babel/helper-compilation-targets': [ '7.29.7' ],
111 silly audit   '@babel/helper-globals': [ '7.29.7' ],
111 silly audit   '@babel/helper-module-imports': [ '7.29.7' ],
111 silly audit   '@babel/helper-module-transforms': [ '7.29.7' ],
111 silly audit   '@babel/helper-string-parser': [ '7.29.7' ],
111 silly audit   '@babel/helper-validator-identifier': [ '7.29.7' ],
111 silly audit   '@babel/helper-validator-option': [ '7.29.7' ],
111 silly audit   '@babel/helpers': [ '7.29.7' ],
111 silly audit   '@babel/parser': [ '7.29.7' ],
111 silly audit   '@babel/template': [ '7.29.7' ],
111 silly audit   '@babel/traverse': [ '7.29.7' ],
111 silly audit   '@babel/types': [ '7.29.7' ],
111 silly audit   '@emnapi/wasi-threads': [ '1.2.1' ],
111 silly audit   '@eslint-community/eslint-utils': [ '4.9.1' ],
111 silly audit   'eslint-visitor-keys': [ '3.4.3', '5.0.1' ],
111 silly audit   '@eslint-community/regexpp': [ '4.12.2' ],
111 silly audit   '@eslint/config-array': [ '0.23.5' ],
111 silly audit   '@eslint/config-helpers': [ '0.6.0' ],
111 silly audit   '@eslint/core': [ '1.2.1' ],
111 silly audit   '@eslint/js': [ '10.0.1' ],
111 silly audit   '@eslint/object-schema': [ '3.0.5' ],
111 silly audit   '@eslint/plugin-kit': [ '0.7.2' ],
111 silly audit   '@humanfs/core': [ '0.19.2' ],
111 silly audit   '@humanfs/node': [ '0.16.8' ],
111 silly audit   '@humanfs/types': [ '0.15.0' ],
111 silly audit   '@humanwhocodes/module-importer': [ '1.0.1' ],
111 silly audit   '@humanwhocodes/retry': [ '0.4.3' ],
111 silly audit   '@jridgewell/gen-mapping': [ '0.3.13' ],
111 silly audit   '@jridgewell/remapping': [ '2.3.5' ],
111 silly audit   '@jridgewell/resolve-uri': [ '3.1.2' ],
111 silly audit   '@jridgewell/sourcemap-codec': [ '1.5.5' ],
111 silly audit   '@jridgewell/trace-mapping': [ '0.3.31' ],
111 silly audit   '@napi-rs/wasm-runtime': [ '1.1.4' ],
111 silly audit   '@oxc-project/types': [ '0.133.0' ],
111 silly audit   '@react-leaflet/core': [ '3.0.0' ],
111 silly audit   '@reduxjs/toolkit': [ '2.12.0' ],
111 silly audit   immer: [ '11.1.8', '10.2.0' ],
111 silly audit   '@rolldown/binding-android-arm64': [ '1.0.3' ],
111 silly audit   '@rolldown/binding-darwin-arm64': [ '1.0.3' ],
111 silly audit   '@rolldown/binding-darwin-x64': [ '1.0.3' ],
111 silly audit   '@rolldown/binding-freebsd-x64': [ '1.0.3' ],
111 silly audit   '@rolldown/binding-linux-arm-gnueabihf': [ '1.0.3' ],
111 silly audit   '@rolldown/binding-linux-arm64-gnu': [ '1.0.3' ],
111 silly audit   '@rolldown/binding-linux-arm64-musl': [ '1.0.3' ],
111 silly audit   '@rolldown/binding-linux-ppc64-gnu': [ '1.0.3' ],
111 silly audit   '@rolldown/binding-linux-s390x-gnu': [ '1.0.3' ],
111 silly audit   '@rolldown/binding-linux-x64-gnu': [ '1.0.3' ],
111 silly audit   '@rolldown/binding-linux-x64-musl': [ '1.0.3' ],
111 silly audit   '@rolldown/binding-openharmony-arm64': [ '1.0.3' ],
111 silly audit   '@rolldown/binding-wasm32-wasi': [ '1.0.3' ],
111 silly audit   '@rolldown/binding-win32-arm64-msvc': [ '1.0.3' ],
111 silly audit   '@rolldown/binding-win32-x64-msvc': [ '1.0.3' ],
111 silly audit   '@rolldown/pluginutils': [ '1.0.1' ],
111 silly audit   '@standard-schema/spec': [ '1.1.0' ],
111 silly audit   '@standard-schema/utils': [ '0.3.0' ],
111 silly audit   '@tailwindcss/node': [ '4.3.0' ],
111 silly audit   '@tailwindcss/oxide': [ '4.3.0' ],
111 silly audit   '@tailwindcss/oxide-android-arm64': [ '4.3.0' ],
111 silly audit   '@tailwindcss/oxide-darwin-arm64': [ '4.3.0' ],
111 silly audit   '@tailwindcss/oxide-darwin-x64': [ '4.3.0' ],
111 silly audit   '@tailwindcss/oxide-freebsd-x64': [ '4.3.0' ],
111 silly audit   '@tailwindcss/oxide-linux-arm-gnueabihf': [ '4.3.0' ],
111 silly audit   '@tailwindcss/oxide-linux-arm64-gnu': [ '4.3.0' ],
111 silly audit   '@tailwindcss/oxide-linux-arm64-musl': [ '4.3.0' ],
111 silly audit   '@tailwindcss/oxide-linux-x64-gnu': [ '4.3.0' ],
111 silly audit   '@tailwindcss/oxide-linux-x64-musl': [ '4.3.0' ],
111 silly audit   '@tailwindcss/oxide-wasm32-wasi': [ '4.3.0' ],
111 silly audit   '@tailwindcss/oxide-win32-arm64-msvc': [ '4.3.0' ],
111 silly audit   '@tailwindcss/oxide-win32-x64-msvc': [ '4.3.0' ],
111 silly audit   '@tailwindcss/vite': [ '4.3.0' ],
111 silly audit   '@tybys/wasm-util': [ '0.10.2' ],
111 silly audit   '@types/d3-array': [ '3.2.2' ],
111 silly audit   '@types/d3-color': [ '3.1.3' ],
111 silly audit   '@types/d3-ease': [ '3.0.2' ],
111 silly audit   '@types/d3-interpolate': [ '3.0.4' ],
111 silly audit   '@types/d3-path': [ '3.1.1' ],
111 silly audit   '@types/d3-scale': [ '4.0.9' ],
111 silly audit   '@types/d3-shape': [ '3.1.8' ],
111 silly audit   '@types/d3-time': [ '3.0.4' ],
111 silly audit   '@types/d3-timer': [ '3.0.2' ],
111 silly audit   '@types/esrecurse': [ '4.3.1' ],
111 silly audit   '@types/estree': [ '1.0.9' ],
111 silly audit   '@types/geojson': [ '7946.0.16' ],
111 silly audit   '@types/json-schema': [ '7.0.15' ],
111 silly audit   '@types/leaflet': [ '1.9.21' ],
111 silly audit   '@types/node': [ '24.13.0' ],
111 silly audit   '@types/react': [ '19.2.17' ],
111 silly audit   '@types/react-dom': [ '19.2.3' ],
111 silly audit   '@types/use-sync-external-store': [ '0.0.6' ],
111 silly audit   '@typescript-eslint/eslint-plugin': [ '8.60.1' ],
111 silly audit   ignore: [ '7.0.5', '5.3.2' ],
111 silly audit   '@typescript-eslint/parser': [ '8.60.1' ],
111 silly audit   '@typescript-eslint/project-service': [ '8.60.1' ],
111 silly audit   '@typescript-eslint/scope-manager': [ '8.60.1' ],
111 silly audit   '@typescript-eslint/tsconfig-utils': [ '8.60.1' ],
111 silly audit   '@typescript-eslint/type-utils': [ '8.60.1' ],
111 silly audit   '@typescript-eslint/types': [ '8.60.1' ],
111 silly audit   '@typescript-eslint/typescript-estree': [ '8.60.1' ],
111 silly audit   semver: [ '7.8.2', '6.3.1' ],
111 silly audit   '@typescript-eslint/utils': [ '8.60.1' ],
111 silly audit   '@typescript-eslint/visitor-keys': [ '8.60.1' ],
111 silly audit   '@vitejs/plugin-react': [ '6.0.2' ],
111 silly audit   acorn: [ '8.16.0' ],
111 silly audit   'acorn-jsx': [ '5.3.2' ],
111 silly audit   ajv: [ '6.15.0' ],
111 silly audit   'balanced-match': [ '4.0.4' ],
111 silly audit   'baseline-browser-mapping': [ '2.10.34' ],
111 silly audit   'brace-expansion': [ '5.0.6' ],
111 silly audit   browserslist: [ '4.28.2' ],
111 silly audit   'caniuse-lite': [ '1.0.30001793' ],
111 silly audit   clsx: [ '2.1.1' ],
111 silly audit   'convert-source-map': [ '2.0.0' ],
111 silly audit   'cross-spawn': [ '7.0.6' ],
111 silly audit   csstype: [ '3.2.3' ],
111 silly audit   'd3-array': [ '3.2.4' ],
111 silly audit   'd3-color': [ '3.1.0' ],
111 silly audit   'd3-ease': [ '3.0.1' ],
111 silly audit   'd3-format': [ '3.1.2' ],
111 silly audit   'd3-interpolate': [ '3.0.1' ],
111 silly audit   'd3-path': [ '3.1.0' ],
111 silly audit   'd3-scale': [ '4.0.2' ],
111 silly audit   'd3-shape': [ '3.2.0' ],
111 silly audit   'd3-time': [ '3.1.0' ],
111 silly audit   'd3-time-format': [ '4.1.0' ],
111 silly audit   'd3-timer': [ '3.0.1' ],
111 silly audit   debug: [ '4.4.3' ],
111 silly audit   'decimal.js-light': [ '2.5.1' ],
111 silly audit   'deep-is': [ '0.1.4' ],
111 silly audit   'detect-libc': [ '2.1.2' ],
111 silly audit   'electron-to-chromium': [ '1.5.368' ],
111 silly audit   'enhanced-resolve': [ '5.23.0' ],
111 silly audit   'es-toolkit': [ '1.47.0' ],
111 silly audit   escalade: [ '3.2.0' ],
111 silly audit   'escape-string-regexp': [ '4.0.0' ],
111 silly audit   eslint: [ '10.4.1' ],
111 silly audit   'eslint-plugin-react-hooks': [ '7.1.1' ],
111 silly audit   'eslint-plugin-react-refresh': [ '0.5.2' ],
111 silly audit   'eslint-scope': [ '9.1.2' ],
111 silly audit   espree: [ '11.2.0' ],
111 silly audit   esquery: [ '1.7.0' ],
111 silly audit   esrecurse: [ '4.3.0' ],
111 silly audit   estraverse: [ '5.3.0' ],
111 silly audit   esutils: [ '2.0.3' ],
111 silly audit   eventemitter3: [ '5.0.4' ],
111 silly audit   'fast-deep-equal': [ '3.1.3' ],
111 silly audit   'fast-json-stable-stringify': [ '2.1.0' ],
111 silly audit   'fast-levenshtein': [ '2.0.6' ],
111 silly audit   fdir: [ '6.5.0' ],
111 silly audit   'file-entry-cache': [ '8.0.0' ],
111 silly audit   'find-up': [ '5.0.0' ],
111 silly audit   'flat-cache': [ '4.0.1' ],
111 silly audit   flatted: [ '3.4.2' ],
111 silly audit   fsevents: [ '2.3.3' ],
111 silly audit   gensync: [ '1.0.0-beta.2' ],
111 silly audit   'glob-parent': [ '6.0.2' ],
111 silly audit   globals: [ '17.6.0' ],
111 silly audit   'graceful-fs': [ '4.2.11' ],
111 silly audit   'hermes-estree': [ '0.25.1' ],
111 silly audit   'hermes-parser': [ '0.25.1' ],
111 silly audit   imurmurhash: [ '0.1.4' ],
111 silly audit   internmap: [ '2.0.3' ],
111 silly audit   'is-extglob': [ '2.1.1' ],
111 silly audit   'is-glob': [ '4.0.3' ],
111 silly audit   isexe: [ '2.0.0' ],
111 silly audit   jiti: [ '2.7.0' ],
111 silly audit   'js-tokens': [ '4.0.0' ],
111 silly audit   jsesc: [ '3.1.0' ],
111 silly audit   'json-buffer': [ '3.0.1' ],
111 silly audit   'json-schema-traverse': [ '0.4.1' ],
111 silly audit   'json-stable-stringify-without-jsonify': [ '1.0.1' ],
111 silly audit   json5: [ '2.2.3' ],
111 silly audit   keyv: [ '4.5.4' ],
111 silly audit   leaflet: [ '1.9.4' ],
111 silly audit   levn: [ '0.4.1' ],
111 silly audit   lightningcss: [ '1.32.0' ],
111 silly audit   'lightningcss-android-arm64': [ '1.32.0' ],
111 silly audit   'lightningcss-darwin-arm64': [ '1.32.0' ],
111 silly audit   'lightningcss-darwin-x64': [ '1.32.0' ],
111 silly audit   'lightningcss-freebsd-x64': [ '1.32.0' ],
111 silly audit   'lightningcss-linux-arm-gnueabihf': [ '1.32.0' ],
111 silly audit   'lightningcss-linux-arm64-gnu': [ '1.32.0' ],
111 silly audit   'lightningcss-linux-arm64-musl': [ '1.32.0' ],
111 silly audit   'lightningcss-linux-x64-gnu': [ '1.32.0' ],
111 silly audit   'lightningcss-linux-x64-musl': [ '1.32.0' ],
111 silly audit   'lightningcss-win32-arm64-msvc': [ '1.32.0' ],
111 silly audit   'lightningcss-win32-x64-msvc': [ '1.32.0' ],
111 silly audit   'locate-path': [ '6.0.0' ],
111 silly audit   'lru-cache': [ '5.1.1' ],
111 silly audit   'lucide-react': [ '1.17.0' ],
111 silly audit   'magic-string': [ '0.30.21' ],
111 silly audit   minimatch: [ '10.2.5' ],
111 silly audit   ms: [ '2.1.3' ],
111 silly audit   nanoid: [ '3.3.12' ],
111 silly audit   'natural-compare': [ '1.4.0' ],
111 silly audit   'node-releases': [ '2.0.47' ],
111 silly audit   optionator: [ '0.9.4' ],
111 silly audit   'p-limit': [ '3.1.0' ],
111 silly audit   'p-locate': [ '5.0.0' ],
111 silly audit   'path-exists': [ '4.0.0' ],
111 silly audit   'path-key': [ '3.1.1' ],
111 silly audit   picocolors: [ '1.1.1' ],
111 silly audit   picomatch: [ '4.0.4' ],
111 silly audit   postcss: [ '8.5.15' ],
111 silly audit   'prelude-ls': [ '1.2.1' ],
111 silly audit   punycode: [ '2.3.1' ],
111 silly audit   react: [ '19.2.7' ],
111 silly audit   'react-dom': [ '19.2.7' ],
111 silly audit   'react-is': [ '19.2.7' ],
111 silly audit   'react-leaflet': [ '5.0.0' ],
111 silly audit   'react-redux': [ '9.3.0' ],
111 silly audit   recharts: [ '3.8.1' ],
111 silly audit   redux: [ '5.0.1' ],
111 silly audit   'redux-thunk': [ '3.1.0' ],
111 silly audit   reselect: [ '5.1.1' ],
111 silly audit   rolldown: [ '1.0.3' ],
111 silly audit   scheduler: [ '0.27.0' ],
111 silly audit   'shebang-command': [ '2.0.0' ],
111 silly audit   'shebang-regex': [ '3.0.0' ],
111 silly audit   'source-map-js': [ '1.2.1' ],
111 silly audit   tailwindcss: [ '4.3.0' ],
111 silly audit   tapable: [ '2.3.3' ],
111 silly audit   'tiny-invariant': [ '1.3.3' ],
111 silly audit   tinyglobby: [ '0.2.17' ],
111 silly audit   'ts-api-utils': [ '2.5.0' ],
111 silly audit   tslib: [ '2.8.1' ],
111 silly audit   'type-check': [ '0.4.0' ],
111 silly audit   typescript: [ '6.0.3' ],
111 silly audit   'typescript-eslint': [ '8.60.1' ],
111 silly audit   'undici-types': [ '7.18.2' ],
111 silly audit   'update-browserslist-db': [ '1.2.3' ],
111 silly audit   'uri-js': [ '4.4.1' ],
111 silly audit   'use-sync-external-store': [ '1.6.0' ],
111 silly audit   'victory-vendor': [ '37.3.6' ],
111 silly audit   vite: [ '8.0.16' ],
111 silly audit   which: [ '2.0.2' ],
111 silly audit   'word-wrap': [ '1.2.5' ],
111 silly audit   yallist: [ '3.1.1' ],
111 silly audit   'yocto-queue': [ '0.1.0' ],
111 silly audit   zod: [ '4.4.3' ],
111 silly audit   'zod-validation-error': [ '4.0.2' ],
111 silly audit   spacetimedb: [ '2.4.1' ],
111 silly audit   'base64-js': [ '1.5.1' ],
111 silly audit   'headers-polyfill': [ '4.0.3' ],
111 silly audit   'object-inspect': [ '1.13.4' ],
111 silly audit   prettier: [ '3.8.3' ],
111 silly audit   'pure-rand': [ '7.0.1' ],
111 silly audit   'safe-stable-stringify': [ '2.5.0' ],
111 silly audit   statuses: [ '2.0.2' ],
111 silly audit   'url-polyfill': [ '1.1.14' ]
111 silly audit }
112 http cache url-polyfill@https://registry.npmjs.org/url-polyfill/-/url-polyfill-1.1.14.tgz 0ms (cache hit)
113 http cache statuses@https://registry.npmjs.org/statuses/-/statuses-2.0.2.tgz 0ms (cache hit)
114 http cache safe-stable-stringify@https://registry.npmjs.org/safe-stable-stringify/-/safe-stable-stringify-2.5.0.tgz 0ms (cache hit)
115 http cache pure-rand@https://registry.npmjs.org/pure-rand/-/pure-rand-7.0.1.tgz 0ms (cache hit)
116 http cache object-inspect@https://registry.npmjs.org/object-inspect/-/object-inspect-1.13.4.tgz 0ms (cache hit)
117 http cache base64-js@https://registry.npmjs.org/base64-js/-/base64-js-1.5.1.tgz 0ms (cache hit)
118 http cache headers-polyfill@https://registry.npmjs.org/headers-polyfill/-/headers-polyfill-4.0.3.tgz 0ms (cache hit)
119 http cache prettier@https://registry.npmjs.org/prettier/-/prettier-3.8.3.tgz 0ms (cache hit)
120 http cache spacetimedb@https://registry.npmjs.org/spacetimedb/-/spacetimedb-2.4.1.tgz 0ms (cache hit)
121 http fetch POST 200 https://registry.npmjs.org/-/npm/v1/security/advisories/bulk 103ms
122 silly audit report {}
123 silly ADD node_modules/url-polyfill
124 silly ADD node_modules/statuses
125 silly ADD node_modules/safe-stable-stringify
126 silly ADD node_modules/pure-rand
127 silly ADD node_modules/prettier
128 silly ADD node_modules/object-inspect
129 silly ADD node_modules/headers-polyfill
130 silly ADD node_modules/base64-js
131 silly ADD node_modules/spacetimedb
132 verbose cwd /Users/harish_a/SpacetimeDB/nations
133 verbose os Darwin 24.5.0
134 verbose node v22.19.0
135 verbose npm  v11.6.2
136 verbose exit 0
137 info ok
