0 verbose cli /usr/local/bin/node /usr/local/bin/npm
1 info using npm@11.6.2
2 info using node@v22.19.0
3 silly config load:file:/usr/local/lib/node_modules/npm/npmrc
4 silly config load:file:/Users/harish_a/SpacetimeDB/portex/.npmrc
5 silly config load:file:/Users/harish_a/.npmrc
6 silly config load:file:/usr/local/etc/npmrc
7 verbose title npm install leaflet react-leaflet recharts
8 verbose argv "install" "leaflet" "react-leaflet" "recharts" "--cache" "/Users/harish_a/SpacetimeDB/.npm-cache"
9 verbose logfile logs-max:10 dir:/Users/harish_a/SpacetimeDB/.npm-cache/_logs/2026-06-05T00_07_26_763Z-
10 verbose logfile /Users/harish_a/SpacetimeDB/.npm-cache/_logs/2026-06-05T00_07_26_763Z-debug-0.log
11 silly logfile done cleaning log files
12 silly packumentCache heap:2197815296 maxSize:549453824 maxEntrySize:274726912
13 silly idealTree buildDeps
14 silly fetch manifest leaflet@*
15 silly packumentCache full:https://registry.npmjs.org/leaflet cache-miss
16 http fetch GET 200 https://registry.npmjs.org/leaflet 227ms (cache miss)
17 silly packumentCache full:https://registry.npmjs.org/leaflet set size:undefined disposed:false
18 silly fetch manifest react-leaflet@*
19 silly packumentCache full:https://registry.npmjs.org/react-leaflet cache-miss
20 http fetch GET 200 https://registry.npmjs.org/react-leaflet 86ms (cache miss)
21 silly packumentCache full:https://registry.npmjs.org/react-leaflet set size:undefined disposed:false
22 silly fetch manifest react@^19.2.6
23 silly packumentCache full:https://registry.npmjs.org/react cache-miss
24 http cache https://registry.npmjs.org/react 37ms (cache hit)
25 silly packumentCache full:https://registry.npmjs.org/react set size:6688515 disposed:false
26 silly fetch manifest react-dom@^19.2.6
27 silly packumentCache full:https://registry.npmjs.org/react-dom cache-miss
28 http cache https://registry.npmjs.org/react-dom 76ms (cache hit)
29 silly packumentCache full:https://registry.npmjs.org/react-dom set size:8930276 disposed:false
30 silly fetch manifest recharts@*
31 silly packumentCache full:https://registry.npmjs.org/recharts cache-miss
32 http fetch GET 200 https://registry.npmjs.org/recharts 116ms (cache miss)
33 silly packumentCache full:https://registry.npmjs.org/recharts set size:undefined disposed:false
34 silly fetch manifest react-is@^16.8.0 || ^17.0.0 || ^18.0.0 || ^19.0.0
35 silly packumentCache full:https://registry.npmjs.org/react-is cache-miss
36 http fetch GET 200 https://registry.npmjs.org/react-is 303ms (cache miss)
37 silly packumentCache full:https://registry.npmjs.org/react-is set size:undefined disposed:false
38 silly placeDep ROOT leaflet@1.9.4 OK for: portex@0.0.0 want: *
39 silly placeDep ROOT react-leaflet@5.0.0 OK for: portex@0.0.0 want: *
40 silly placeDep ROOT recharts@3.8.1 OK for: portex@0.0.0 want: *
41 silly placeDep ROOT react-is@19.2.7 OK for: recharts@3.8.1 want: ^16.8.0 || ^17.0.0 || ^18.0.0 || ^19.0.0
42 silly fetch manifest @react-leaflet/core@^3.0.0
43 silly packumentCache full:https://registry.npmjs.org/@react-leaflet%2fcore cache-miss
44 silly fetch manifest clsx@^2.1.1
45 silly packumentCache full:https://registry.npmjs.org/clsx cache-miss
46 silly fetch manifest immer@^10.1.1
47 silly packumentCache full:https://registry.npmjs.org/immer cache-miss
48 silly fetch manifest reselect@5.1.1
49 silly packumentCache full:https://registry.npmjs.org/reselect cache-miss
50 silly fetch manifest es-toolkit@^1.39.3
51 silly packumentCache full:https://registry.npmjs.org/es-toolkit cache-miss
52 silly fetch manifest react-redux@8.x.x || 9.x.x
53 silly packumentCache full:https://registry.npmjs.org/react-redux cache-miss
54 silly fetch manifest eventemitter3@^5.0.1
55 silly packumentCache full:https://registry.npmjs.org/eventemitter3 cache-miss
56 http fetch GET 200 https://registry.npmjs.org/@react-leaflet%2fcore 105ms (cache miss)
57 silly packumentCache full:https://registry.npmjs.org/@react-leaflet%2fcore set size:undefined disposed:false
58 silly fetch manifest tiny-invariant@^1.3.3
59 silly packumentCache full:https://registry.npmjs.org/tiny-invariant cache-miss
60 http fetch GET 200 https://registry.npmjs.org/tiny-invariant 71ms (cache miss)
61 silly packumentCache full:https://registry.npmjs.org/tiny-invariant set size:undefined disposed:false
62 silly fetch manifest victory-vendor@^37.0.2
63 silly packumentCache full:https://registry.npmjs.org/victory-vendor cache-miss
64 http fetch GET 200 https://registry.npmjs.org/clsx 180ms (cache miss)
65 silly packumentCache full:https://registry.npmjs.org/clsx set size:undefined disposed:false
66 silly fetch manifest @reduxjs/toolkit@^1.9.0 || 2.x.x
67 silly packumentCache full:https://registry.npmjs.org/@reduxjs%2ftoolkit cache-miss
68 http fetch GET 200 https://registry.npmjs.org/eventemitter3 186ms (cache miss)
69 silly packumentCache full:https://registry.npmjs.org/eventemitter3 set size:undefined disposed:false
70 silly fetch manifest decimal.js-light@^2.5.1
71 silly packumentCache full:https://registry.npmjs.org/decimal.js-light cache-miss
72 http fetch GET 200 https://registry.npmjs.org/reselect 205ms (cache miss)
73 silly packumentCache full:https://registry.npmjs.org/reselect set size:undefined disposed:false
74 silly fetch manifest use-sync-external-store@^1.2.2
75 silly packumentCache full:https://registry.npmjs.org/use-sync-external-store cache-miss
76 http fetch GET 200 https://registry.npmjs.org/react-redux 222ms (cache miss)
77 silly packumentCache full:https://registry.npmjs.org/react-redux set size:undefined disposed:false
78 http fetch GET 200 https://registry.npmjs.org/immer 271ms (cache miss)
79 silly packumentCache full:https://registry.npmjs.org/immer set size:undefined disposed:false
80 http fetch GET 200 https://registry.npmjs.org/decimal.js-light 90ms (cache miss)
81 silly packumentCache full:https://registry.npmjs.org/decimal.js-light set size:undefined disposed:false
82 http fetch GET 200 https://registry.npmjs.org/victory-vendor 102ms (cache miss)
83 silly packumentCache full:https://registry.npmjs.org/victory-vendor set size:undefined disposed:false
84 http fetch GET 200 https://registry.npmjs.org/@reduxjs%2ftoolkit 141ms (cache miss)
85 silly packumentCache full:https://registry.npmjs.org/@reduxjs%2ftoolkit set size:undefined disposed:false
86 http fetch GET 200 https://registry.npmjs.org/es-toolkit 472ms (cache miss)
87 silly packumentCache full:https://registry.npmjs.org/es-toolkit set size:undefined disposed:false
88 http fetch GET 200 https://registry.npmjs.org/use-sync-external-store 349ms (cache miss)
89 silly packumentCache full:https://registry.npmjs.org/use-sync-external-store set size:undefined disposed:false
90 silly fetch manifest @emnapi/core@^1.7.1
91 silly packumentCache full:https://registry.npmjs.org/@emnapi%2fcore cache-miss
92 http cache https://registry.npmjs.org/@emnapi%2fcore 12ms (cache hit)
93 silly packumentCache full:https://registry.npmjs.org/@emnapi%2fcore set size:108001 disposed:false
94 silly fetch manifest @emnapi/runtime@^1.7.1
95 silly packumentCache full:https://registry.npmjs.org/@emnapi%2fruntime cache-miss
96 http cache https://registry.npmjs.org/@emnapi%2fruntime 10ms (cache hit)
97 silly packumentCache full:https://registry.npmjs.org/@emnapi%2fruntime set size:109985 disposed:false
98 silly placeDep ROOT @emnapi/core@1.10.0 OK for: @napi-rs/wasm-runtime@1.1.4 want: ^1.7.1
99 silly placeDep ROOT @emnapi/runtime@1.10.0 OK for: @napi-rs/wasm-runtime@1.1.4 want: ^1.7.1
100 silly fetch manifest leaflet@^1.9.0
101 silly packumentCache full:https://registry.npmjs.org/leaflet cache-miss
102 http cache https://registry.npmjs.org/leaflet 11ms (cache hit)
103 silly packumentCache full:https://registry.npmjs.org/leaflet set size:146664 disposed:false
104 silly fetch manifest react@^19.0.0
105 silly packumentCache full:https://registry.npmjs.org/react cache-miss
106 http cache https://registry.npmjs.org/react 14ms (cache hit)
107 silly packumentCache full:https://registry.npmjs.org/react set size:6688515 disposed:false
108 silly fetch manifest react-dom@^19.0.0
109 silly packumentCache full:https://registry.npmjs.org/react-dom cache-miss
110 http cache https://registry.npmjs.org/react-dom 22ms (cache hit)
111 silly packumentCache full:https://registry.npmjs.org/react-dom set size:8930276 disposed:false
112 silly placeDep ROOT @react-leaflet/core@3.0.0 OK for: react-leaflet@5.0.0 want: ^3.0.0
113 silly fetch manifest @types/react@^18.2.25 || ^19
114 silly packumentCache full:https://registry.npmjs.org/@types%2freact cache-miss
115 http cache https://registry.npmjs.org/@types%2freact 10ms (cache hit)
116 silly packumentCache full:https://registry.npmjs.org/@types%2freact set size:2623728 disposed:false
117 silly fetch manifest react@^16.8.0 || ^17.0.0 || ^18.0.0 || ^19.0.0
118 silly packumentCache full:https://registry.npmjs.org/react cache-miss
119 http cache https://registry.npmjs.org/react 13ms (cache hit)
120 silly packumentCache full:https://registry.npmjs.org/react set size:6688515 disposed:false
121 silly fetch manifest redux@^5.0.0
122 silly packumentCache full:https://registry.npmjs.org/redux cache-miss
123 http fetch GET 200 https://registry.npmjs.org/redux 82ms (cache miss)
124 silly packumentCache full:https://registry.npmjs.org/redux set size:undefined disposed:false
125 silly placeDep ROOT @reduxjs/toolkit@2.12.0 OK for: recharts@3.8.1 want: ^1.9.0 || 2.x.x
126 silly placeDep ROOT clsx@2.1.1 OK for: recharts@3.8.1 want: ^2.1.1
127 silly placeDep ROOT decimal.js-light@2.5.1 OK for: recharts@3.8.1 want: ^2.5.1
128 silly placeDep ROOT es-toolkit@1.47.0 OK for: recharts@3.8.1 want: ^1.39.3
129 silly placeDep ROOT eventemitter3@5.0.4 OK for: recharts@3.8.1 want: ^5.0.1
130 silly placeDep ROOT immer@10.2.0 OK for: recharts@3.8.1 want: ^10.1.1
131 silly placeDep ROOT react-redux@9.3.0 OK for: recharts@3.8.1 want: 8.x.x || 9.x.x
132 silly placeDep ROOT reselect@5.1.1 OK for: recharts@3.8.1 want: 5.1.1
133 silly placeDep ROOT tiny-invariant@1.3.3 OK for: recharts@3.8.1 want: ^1.3.3
134 silly placeDep ROOT use-sync-external-store@1.6.0 OK for: recharts@3.8.1 want: ^1.2.2
135 silly placeDep ROOT victory-vendor@37.3.6 OK for: recharts@3.8.1 want: ^37.0.2
136 silly fetch manifest @standard-schema/spec@^1.0.0
137 silly packumentCache full:https://registry.npmjs.org/@standard-schema%2fspec cache-miss
138 silly fetch manifest @standard-schema/utils@^0.3.0
139 silly packumentCache full:https://registry.npmjs.org/@standard-schema%2futils cache-miss
140 silly fetch manifest immer@^11.0.0
141 silly packumentCache full:https://registry.npmjs.org/immer cache-miss
142 silly fetch manifest redux@^5.0.1
143 silly packumentCache full:https://registry.npmjs.org/redux cache-miss
144 silly fetch manifest redux-thunk@^3.1.0
145 silly packumentCache full:https://registry.npmjs.org/redux-thunk cache-miss
146 silly fetch manifest reselect@^5.1.0
147 silly packumentCache full:https://registry.npmjs.org/reselect cache-miss
148 silly fetch manifest @types/use-sync-external-store@^0.0.6
149 silly packumentCache full:https://registry.npmjs.org/@types%2fuse-sync-external-store cache-miss
150 http cache https://registry.npmjs.org/immer 29ms (cache hit)
151 silly packumentCache full:https://registry.npmjs.org/immer set size:761699 disposed:false
152 silly fetch manifest use-sync-external-store@^1.4.0
153 silly packumentCache full:https://registry.npmjs.org/use-sync-external-store cache-miss
154 http cache https://registry.npmjs.org/reselect 34ms (cache hit)
155 silly packumentCache full:https://registry.npmjs.org/reselect set size:353417 disposed:false
156 silly fetch manifest d3-ease@^3.0.1
157 silly packumentCache full:https://registry.npmjs.org/d3-ease cache-miss
158 http cache https://registry.npmjs.org/redux 38ms (cache hit)
159 silly packumentCache full:https://registry.npmjs.org/redux set size:553833 disposed:false
160 silly fetch manifest d3-time@^3.0.0
161 silly packumentCache full:https://registry.npmjs.org/d3-time cache-miss
162 http cache https://registry.npmjs.org/use-sync-external-store 25ms (cache hit)
163 silly packumentCache full:https://registry.npmjs.org/use-sync-external-store set size:4710618 disposed:false
164 silly fetch manifest d3-array@^3.1.6
165 silly packumentCache full:https://registry.npmjs.org/d3-array cache-miss
166 http fetch GET 200 https://registry.npmjs.org/@standard-schema%2futils 90ms (cache miss)
167 silly packumentCache full:https://registry.npmjs.org/@standard-schema%2futils set size:undefined disposed:false
168 silly fetch manifest d3-scale@^4.0.2
169 silly packumentCache full:https://registry.npmjs.org/d3-scale cache-miss
170 http fetch GET 200 https://registry.npmjs.org/@standard-schema%2fspec 91ms (cache miss)
171 silly packumentCache full:https://registry.npmjs.org/@standard-schema%2fspec set size:undefined disposed:false
172 silly fetch manifest d3-shape@^3.1.0
173 silly packumentCache full:https://registry.npmjs.org/d3-shape cache-miss
174 http fetch GET 200 https://registry.npmjs.org/redux-thunk 93ms (cache miss)
175 silly packumentCache full:https://registry.npmjs.org/redux-thunk set size:undefined disposed:false
176 silly fetch manifest d3-timer@^3.0.1
177 silly packumentCache full:https://registry.npmjs.org/d3-timer cache-miss
178 http fetch GET 200 https://registry.npmjs.org/d3-ease 61ms (cache miss)
179 silly packumentCache full:https://registry.npmjs.org/d3-ease set size:undefined disposed:false
180 silly fetch manifest @types/d3-ease@^3.0.0
181 silly packumentCache full:https://registry.npmjs.org/@types%2fd3-ease cache-miss
182 http fetch GET 200 https://registry.npmjs.org/d3-time 59ms (cache miss)
183 silly packumentCache full:https://registry.npmjs.org/d3-time set size:undefined disposed:false
184 silly fetch manifest @types/d3-time@^3.0.0
185 silly packumentCache full:https://registry.npmjs.org/@types%2fd3-time cache-miss
186 http fetch GET 200 https://registry.npmjs.org/@types%2fuse-sync-external-store 102ms (cache miss)
187 silly packumentCache full:https://registry.npmjs.org/@types%2fuse-sync-external-store set size:undefined disposed:false
188 silly fetch manifest d3-interpolate@^3.0.1
189 silly packumentCache full:https://registry.npmjs.org/d3-interpolate cache-miss
190 http fetch GET 200 https://registry.npmjs.org/d3-array 65ms (cache miss)
191 silly packumentCache full:https://registry.npmjs.org/d3-array set size:undefined disposed:false
192 silly fetch manifest @types/d3-array@^3.0.3
193 silly packumentCache full:https://registry.npmjs.org/@types%2fd3-array cache-miss
194 http fetch GET 200 https://registry.npmjs.org/@types%2fd3-time 68ms (cache miss)
195 silly packumentCache full:https://registry.npmjs.org/@types%2fd3-time set size:undefined disposed:false
196 silly fetch manifest @types/d3-scale@^4.0.2
197 silly packumentCache full:https://registry.npmjs.org/@types%2fd3-scale cache-miss
198 http fetch GET 200 https://registry.npmjs.org/d3-scale 89ms (cache miss)
199 silly packumentCache full:https://registry.npmjs.org/d3-scale set size:undefined disposed:false
200 silly fetch manifest @types/d3-shape@^3.1.0
201 silly packumentCache full:https://registry.npmjs.org/@types%2fd3-shape cache-miss
202 http fetch GET 200 https://registry.npmjs.org/d3-shape 96ms (cache miss)
203 silly packumentCache full:https://registry.npmjs.org/d3-shape set size:undefined disposed:false
204 silly fetch manifest @types/d3-timer@^3.0.0
205 silly packumentCache full:https://registry.npmjs.org/@types%2fd3-timer cache-miss
206 http fetch GET 200 https://registry.npmjs.org/d3-interpolate 86ms (cache miss)
207 silly packumentCache full:https://registry.npmjs.org/d3-interpolate set size:undefined disposed:false
208 silly fetch manifest @types/d3-interpolate@^3.0.1
209 silly packumentCache full:https://registry.npmjs.org/@types%2fd3-interpolate cache-miss
210 http fetch GET 200 https://registry.npmjs.org/d3-timer 95ms (cache miss)
211 silly packumentCache full:https://registry.npmjs.org/d3-timer set size:undefined disposed:false
212 http fetch GET 200 https://registry.npmjs.org/@types%2fd3-ease 92ms (cache miss)
213 silly packumentCache full:https://registry.npmjs.org/@types%2fd3-ease set size:undefined disposed:false
214 http fetch GET 200 https://registry.npmjs.org/@types%2fd3-array 61ms (cache miss)
215 silly packumentCache full:https://registry.npmjs.org/@types%2fd3-array set size:undefined disposed:false
216 http fetch GET 200 https://registry.npmjs.org/@types%2fd3-scale 63ms (cache miss)
217 silly packumentCache full:https://registry.npmjs.org/@types%2fd3-scale set size:undefined disposed:false
218 http fetch GET 200 https://registry.npmjs.org/@types%2fd3-shape 66ms (cache miss)
219 silly packumentCache full:https://registry.npmjs.org/@types%2fd3-shape set size:undefined disposed:false
220 http fetch GET 200 https://registry.npmjs.org/@types%2fd3-interpolate 59ms (cache miss)
221 silly packumentCache full:https://registry.npmjs.org/@types%2fd3-interpolate set size:undefined disposed:false
222 http fetch GET 200 https://registry.npmjs.org/@types%2fd3-timer 62ms (cache miss)
223 silly packumentCache full:https://registry.npmjs.org/@types%2fd3-timer set size:undefined disposed:false
224 silly placeDep ROOT @standard-schema/spec@1.1.0 OK for: @reduxjs/toolkit@2.12.0 want: ^1.0.0
225 silly placeDep ROOT @standard-schema/utils@0.3.0 OK for: @reduxjs/toolkit@2.12.0 want: ^0.3.0
226 silly placeDep node_modules/@reduxjs/toolkit immer@11.1.8 OK for: @reduxjs/toolkit@2.12.0 want: ^11.0.0
227 silly placeDep ROOT redux@5.0.1 OK for: @reduxjs/toolkit@2.12.0 want: ^5.0.1
228 silly placeDep ROOT redux-thunk@3.1.0 OK for: @reduxjs/toolkit@2.12.0 want: ^3.1.0
229 silly placeDep ROOT @types/use-sync-external-store@0.0.6 OK for: react-redux@9.3.0 want: ^0.0.6
230 silly placeDep ROOT @types/d3-array@3.2.2 OK for: victory-vendor@37.3.6 want: ^3.0.3
231 silly placeDep ROOT @types/d3-ease@3.0.2 OK for: victory-vendor@37.3.6 want: ^3.0.0
232 silly placeDep ROOT @types/d3-interpolate@3.0.4 OK for: victory-vendor@37.3.6 want: ^3.0.1
233 silly placeDep ROOT @types/d3-scale@4.0.9 OK for: victory-vendor@37.3.6 want: ^4.0.2
234 silly placeDep ROOT @types/d3-shape@3.1.8 OK for: victory-vendor@37.3.6 want: ^3.1.0
235 silly placeDep ROOT @types/d3-time@3.0.4 OK for: victory-vendor@37.3.6 want: ^3.0.0
236 silly placeDep ROOT @types/d3-timer@3.0.2 OK for: victory-vendor@37.3.6 want: ^3.0.0
237 silly placeDep ROOT d3-array@3.2.4 OK for: victory-vendor@37.3.6 want: ^3.1.6
238 silly placeDep ROOT d3-ease@3.0.1 OK for: victory-vendor@37.3.6 want: ^3.0.1
239 silly placeDep ROOT d3-interpolate@3.0.1 OK for: victory-vendor@37.3.6 want: ^3.0.1
240 silly placeDep ROOT d3-scale@4.0.2 OK for: victory-vendor@37.3.6 want: ^4.0.2
241 silly placeDep ROOT d3-shape@3.2.0 OK for: victory-vendor@37.3.6 want: ^3.1.0
242 silly placeDep ROOT d3-time@3.1.0 OK for: victory-vendor@37.3.6 want: ^3.0.0
243 silly placeDep ROOT d3-timer@3.0.1 OK for: victory-vendor@37.3.6 want: ^3.0.1
244 silly fetch manifest @types/d3-color@*
245 silly packumentCache full:https://registry.npmjs.org/@types%2fd3-color cache-miss
246 silly fetch manifest @types/d3-time@*
247 silly packumentCache full:https://registry.npmjs.org/@types%2fd3-time cache-miss
248 silly fetch manifest @types/d3-path@*
249 silly packumentCache full:https://registry.npmjs.org/@types%2fd3-path cache-miss
250 silly fetch manifest internmap@1 - 2
251 silly packumentCache full:https://registry.npmjs.org/internmap cache-miss
252 silly fetch manifest d3-color@1 - 3
253 silly packumentCache full:https://registry.npmjs.org/d3-color cache-miss
254 silly fetch manifest d3-format@1 - 3
255 silly packumentCache full:https://registry.npmjs.org/d3-format cache-miss
256 silly fetch manifest d3-time@2.1.1 - 3
257 silly packumentCache full:https://registry.npmjs.org/d3-time cache-miss
258 http cache https://registry.npmjs.org/@types%2fd3-time 12ms (cache hit)
259 silly packumentCache full:https://registry.npmjs.org/@types%2fd3-time set size:52652 disposed:false
260 silly fetch manifest d3-time-format@2 - 4
261 silly packumentCache full:https://registry.npmjs.org/d3-time-format cache-miss
262 http cache https://registry.npmjs.org/d3-time 15ms (cache hit)
263 silly packumentCache full:https://registry.npmjs.org/d3-time set size:150406 disposed:false
264 silly fetch manifest d3-path@^3.1.0
265 silly packumentCache full:https://registry.npmjs.org/d3-path cache-miss
266 http fetch GET 200 https://registry.npmjs.org/internmap 57ms (cache miss)
267 silly packumentCache full:https://registry.npmjs.org/internmap set size:undefined disposed:false
268 http fetch GET 200 https://registry.npmjs.org/d3-color 64ms (cache miss)
269 silly packumentCache full:https://registry.npmjs.org/d3-color set size:undefined disposed:false
270 http fetch GET 200 https://registry.npmjs.org/@types%2fd3-path 72ms (cache miss)
271 silly packumentCache full:https://registry.npmjs.org/@types%2fd3-path set size:undefined disposed:false
272 http fetch GET 200 https://registry.npmjs.org/d3-format 73ms (cache miss)
273 silly packumentCache full:https://registry.npmjs.org/d3-format set size:undefined disposed:false
274 http fetch GET 200 https://registry.npmjs.org/d3-time-format 61ms (cache miss)
275 silly packumentCache full:https://registry.npmjs.org/d3-time-format set size:undefined disposed:false
276 http fetch GET 200 https://registry.npmjs.org/d3-path 68ms (cache miss)
277 silly packumentCache full:https://registry.npmjs.org/d3-path set size:undefined disposed:false
278 http fetch GET 200 https://registry.npmjs.org/@types%2fd3-color 93ms (cache miss)
279 silly packumentCache full:https://registry.npmjs.org/@types%2fd3-color set size:undefined disposed:false
280 silly placeDep ROOT @types/d3-color@3.1.3 OK for: @types/d3-interpolate@3.0.4 want: *
281 silly placeDep ROOT @types/d3-path@3.1.1 OK for: @types/d3-shape@3.1.8 want: *
282 silly placeDep ROOT internmap@2.0.3 OK for: d3-array@3.2.4 want: 1 - 2
283 silly placeDep ROOT d3-color@3.1.0 OK for: d3-interpolate@3.0.1 want: 1 - 3
284 silly placeDep ROOT d3-format@3.1.2 OK for: d3-scale@4.0.2 want: 1 - 3
285 silly placeDep ROOT d3-time-format@4.1.0 OK for: d3-scale@4.0.2 want: 2 - 4
286 silly placeDep ROOT d3-path@3.1.0 OK for: d3-shape@3.2.0 want: ^3.1.0
287 silly reify moves {}
288 silly audit bulk request {
288 silly audit   '@babel/code-frame': [ '7.29.7' ],
288 silly audit   '@babel/compat-data': [ '7.29.7' ],
288 silly audit   '@babel/core': [ '7.29.7' ],
288 silly audit   '@babel/generator': [ '7.29.7' ],
288 silly audit   '@babel/helper-compilation-targets': [ '7.29.7' ],
288 silly audit   '@babel/helper-globals': [ '7.29.7' ],
288 silly audit   '@babel/helper-module-imports': [ '7.29.7' ],
288 silly audit   '@babel/helper-module-transforms': [ '7.29.7' ],
288 silly audit   '@babel/helper-string-parser': [ '7.29.7' ],
288 silly audit   '@babel/helper-validator-identifier': [ '7.29.7' ],
288 silly audit   '@babel/helper-validator-option': [ '7.29.7' ],
288 silly audit   '@babel/helpers': [ '7.29.7' ],
288 silly audit   '@babel/parser': [ '7.29.7' ],
288 silly audit   '@babel/template': [ '7.29.7' ],
288 silly audit   '@babel/traverse': [ '7.29.7' ],
288 silly audit   '@babel/types': [ '7.29.7' ],
288 silly audit   '@emnapi/wasi-threads': [ '1.2.1' ],
288 silly audit   '@eslint-community/eslint-utils': [ '4.9.1' ],
288 silly audit   'eslint-visitor-keys': [ '3.4.3', '5.0.1' ],
288 silly audit   '@eslint-community/regexpp': [ '4.12.2' ],
288 silly audit   '@eslint/config-array': [ '0.23.5' ],
288 silly audit   '@eslint/config-helpers': [ '0.6.0' ],
288 silly audit   '@eslint/core': [ '1.2.1' ],
288 silly audit   '@eslint/js': [ '10.0.1' ],
288 silly audit   '@eslint/object-schema': [ '3.0.5' ],
288 silly audit   '@eslint/plugin-kit': [ '0.7.2' ],
288 silly audit   '@humanfs/core': [ '0.19.2' ],
288 silly audit   '@humanfs/node': [ '0.16.8' ],
288 silly audit   '@humanfs/types': [ '0.15.0' ],
288 silly audit   '@humanwhocodes/module-importer': [ '1.0.1' ],
288 silly audit   '@humanwhocodes/retry': [ '0.4.3' ],
288 silly audit   '@jridgewell/gen-mapping': [ '0.3.13' ],
288 silly audit   '@jridgewell/remapping': [ '2.3.5' ],
288 silly audit   '@jridgewell/resolve-uri': [ '3.1.2' ],
288 silly audit   '@jridgewell/sourcemap-codec': [ '1.5.5' ],
288 silly audit   '@jridgewell/trace-mapping': [ '0.3.31' ],
288 silly audit   '@napi-rs/wasm-runtime': [ '1.1.4' ],
288 silly audit   '@oxc-project/types': [ '0.133.0' ],
288 silly audit   '@rolldown/binding-android-arm64': [ '1.0.3' ],
288 silly audit   '@rolldown/binding-darwin-arm64': [ '1.0.3' ],
288 silly audit   '@rolldown/binding-darwin-x64': [ '1.0.3' ],
288 silly audit   '@rolldown/binding-freebsd-x64': [ '1.0.3' ],
288 silly audit   '@rolldown/binding-linux-arm-gnueabihf': [ '1.0.3' ],
288 silly audit   '@rolldown/binding-linux-arm64-gnu': [ '1.0.3' ],
288 silly audit   '@rolldown/binding-linux-arm64-musl': [ '1.0.3' ],
288 silly audit   '@rolldown/binding-linux-ppc64-gnu': [ '1.0.3' ],
288 silly audit   '@rolldown/binding-linux-s390x-gnu': [ '1.0.3' ],
288 silly audit   '@rolldown/binding-linux-x64-gnu': [ '1.0.3' ],
288 silly audit   '@rolldown/binding-linux-x64-musl': [ '1.0.3' ],
288 silly audit   '@rolldown/binding-openharmony-arm64': [ '1.0.3' ],
288 silly audit   '@rolldown/binding-wasm32-wasi': [ '1.0.3' ],
288 silly audit   '@rolldown/binding-win32-arm64-msvc': [ '1.0.3' ],
288 silly audit   '@rolldown/binding-win32-x64-msvc': [ '1.0.3' ],
288 silly audit   '@rolldown/pluginutils': [ '1.0.1' ],
288 silly audit   '@tailwindcss/node': [ '4.3.0' ],
288 silly audit   '@tailwindcss/oxide': [ '4.3.0' ],
288 silly audit   '@tailwindcss/oxide-android-arm64': [ '4.3.0' ],
288 silly audit   '@tailwindcss/oxide-darwin-arm64': [ '4.3.0' ],
288 silly audit   '@tailwindcss/oxide-darwin-x64': [ '4.3.0' ],
288 silly audit   '@tailwindcss/oxide-freebsd-x64': [ '4.3.0' ],
288 silly audit   '@tailwindcss/oxide-linux-arm-gnueabihf': [ '4.3.0' ],
288 silly audit   '@tailwindcss/oxide-linux-arm64-gnu': [ '4.3.0' ],
288 silly audit   '@tailwindcss/oxide-linux-arm64-musl': [ '4.3.0' ],
288 silly audit   '@tailwindcss/oxide-linux-x64-gnu': [ '4.3.0' ],
288 silly audit   '@tailwindcss/oxide-linux-x64-musl': [ '4.3.0' ],
288 silly audit   '@tailwindcss/oxide-wasm32-wasi': [ '4.3.0' ],
288 silly audit   '@tailwindcss/oxide-win32-arm64-msvc': [ '4.3.0' ],
288 silly audit   '@tailwindcss/oxide-win32-x64-msvc': [ '4.3.0' ],
288 silly audit   '@tailwindcss/vite': [ '4.3.0' ],
288 silly audit   '@tybys/wasm-util': [ '0.10.2' ],
288 silly audit   '@types/esrecurse': [ '4.3.1' ],
288 silly audit   '@types/estree': [ '1.0.9' ],
288 silly audit   '@types/json-schema': [ '7.0.15' ],
288 silly audit   '@types/node': [ '24.13.0' ],
288 silly audit   '@types/react': [ '19.2.16' ],
288 silly audit   '@types/react-dom': [ '19.2.3' ],
288 silly audit   '@typescript-eslint/eslint-plugin': [ '8.60.1' ],
288 silly audit   ignore: [ '7.0.5', '5.3.2' ],
288 silly audit   '@typescript-eslint/parser': [ '8.60.1' ],
288 silly audit   '@typescript-eslint/project-service': [ '8.60.1' ],
288 silly audit   '@typescript-eslint/scope-manager': [ '8.60.1' ],
288 silly audit   '@typescript-eslint/tsconfig-utils': [ '8.60.1' ],
288 silly audit   '@typescript-eslint/type-utils': [ '8.60.1' ],
288 silly audit   '@typescript-eslint/types': [ '8.60.1' ],
288 silly audit   '@typescript-eslint/typescript-estree': [ '8.60.1' ],
288 silly audit   semver: [ '7.8.2', '6.3.1' ],
288 silly audit   '@typescript-eslint/utils': [ '8.60.1' ],
288 silly audit   '@typescript-eslint/visitor-keys': [ '8.60.1' ],
288 silly audit   '@vitejs/plugin-react': [ '6.0.2' ],
288 silly audit   acorn: [ '8.16.0' ],
288 silly audit   'acorn-jsx': [ '5.3.2' ],
288 silly audit   ajv: [ '6.15.0' ],
288 silly audit   'balanced-match': [ '4.0.4' ],
288 silly audit   'baseline-browser-mapping': [ '2.10.33' ],
288 silly audit   'brace-expansion': [ '5.0.6' ],
288 silly audit   browserslist: [ '4.28.2' ],
288 silly audit   'caniuse-lite': [ '1.0.30001793' ],
288 silly audit   'convert-source-map': [ '2.0.0' ],
288 silly audit   'cross-spawn': [ '7.0.6' ],
288 silly audit   csstype: [ '3.2.3' ],
288 silly audit   debug: [ '4.4.3' ],
288 silly audit   'deep-is': [ '0.1.4' ],
288 silly audit   'detect-libc': [ '2.1.2' ],
288 silly audit   'electron-to-chromium': [ '1.5.367' ],
288 silly audit   'enhanced-resolve': [ '5.22.2' ],
288 silly audit   escalade: [ '3.2.0' ],
288 silly audit   'escape-string-regexp': [ '4.0.0' ],
288 silly audit   eslint: [ '10.4.1' ],
288 silly audit   'eslint-plugin-react-hooks': [ '7.1.1' ],
288 silly audit   'eslint-plugin-react-refresh': [ '0.5.2' ],
288 silly audit   'eslint-scope': [ '9.1.2' ],
288 silly audit   espree: [ '11.2.0' ],
288 silly audit   esquery: [ '1.7.0' ],
288 silly audit   esrecurse: [ '4.3.0' ],
288 silly audit   estraverse: [ '5.3.0' ],
288 silly audit   esutils: [ '2.0.3' ],
288 silly audit   'fast-deep-equal': [ '3.1.3' ],
288 silly audit   'fast-json-stable-stringify': [ '2.1.0' ],
288 silly audit   'fast-levenshtein': [ '2.0.6' ],
288 silly audit   fdir: [ '6.5.0' ],
288 silly audit   'file-entry-cache': [ '8.0.0' ],
288 silly audit   'find-up': [ '5.0.0' ],
288 silly audit   'flat-cache': [ '4.0.1' ],
288 silly audit   flatted: [ '3.4.2' ],
288 silly audit   fsevents: [ '2.3.3' ],
288 silly audit   gensync: [ '1.0.0-beta.2' ],
288 silly audit   'glob-parent': [ '6.0.2' ],
288 silly audit   globals: [ '17.6.0' ],
288 silly audit   'graceful-fs': [ '4.2.11' ],
288 silly audit   'hermes-estree': [ '0.25.1' ],
288 silly audit   'hermes-parser': [ '0.25.1' ],
288 silly audit   imurmurhash: [ '0.1.4' ],
288 silly audit   'is-extglob': [ '2.1.1' ],
288 silly audit   'is-glob': [ '4.0.3' ],
288 silly audit   isexe: [ '2.0.0' ],
288 silly audit   jiti: [ '2.7.0' ],
288 silly audit   'js-tokens': [ '4.0.0' ],
288 silly audit   jsesc: [ '3.1.0' ],
288 silly audit   'json-buffer': [ '3.0.1' ],
288 silly audit   'json-schema-traverse': [ '0.4.1' ],
288 silly audit   'json-stable-stringify-without-jsonify': [ '1.0.1' ],
288 silly audit   json5: [ '2.2.3' ],
288 silly audit   keyv: [ '4.5.4' ],
288 silly audit   levn: [ '0.4.1' ],
288 silly audit   lightningcss: [ '1.32.0' ],
288 silly audit   'lightningcss-android-arm64': [ '1.32.0' ],
288 silly audit   'lightningcss-darwin-arm64': [ '1.32.0' ],
288 silly audit   'lightningcss-darwin-x64': [ '1.32.0' ],
288 silly audit   'lightningcss-freebsd-x64': [ '1.32.0' ],
288 silly audit   'lightningcss-linux-arm-gnueabihf': [ '1.32.0' ],
288 silly audit   'lightningcss-linux-arm64-gnu': [ '1.32.0' ],
288 silly audit   'lightningcss-linux-arm64-musl': [ '1.32.0' ],
288 silly audit   'lightningcss-linux-x64-gnu': [ '1.32.0' ],
288 silly audit   'lightningcss-linux-x64-musl': [ '1.32.0' ],
288 silly audit   'lightningcss-win32-arm64-msvc': [ '1.32.0' ],
288 silly audit   'lightningcss-win32-x64-msvc': [ '1.32.0' ],
288 silly audit   'locate-path': [ '6.0.0' ],
288 silly audit   'lru-cache': [ '5.1.1' ],
288 silly audit   'magic-string': [ '0.30.21' ],
288 silly audit   minimatch: [ '10.2.5' ],
288 silly audit   ms: [ '2.1.3' ],
288 silly audit   nanoid: [ '3.3.12' ],
288 silly audit   'natural-compare': [ '1.4.0' ],
288 silly audit   'node-releases': [ '2.0.47' ],
288 silly audit   optionator: [ '0.9.4' ],
288 silly audit   'p-limit': [ '3.1.0' ],
288 silly audit   'p-locate': [ '5.0.0' ],
288 silly audit   'path-exists': [ '4.0.0' ],
288 silly audit   'path-key': [ '3.1.1' ],
288 silly audit   picocolors: [ '1.1.1' ],
288 silly audit   picomatch: [ '4.0.4' ],
288 silly audit   postcss: [ '8.5.15' ],
288 silly audit   'prelude-ls': [ '1.2.1' ],
288 silly audit   punycode: [ '2.3.1' ],
288 silly audit   react: [ '19.2.7' ],
288 silly audit   'react-dom': [ '19.2.7' ],
288 silly audit   rolldown: [ '1.0.3' ],
288 silly audit   scheduler: [ '0.27.0' ],
288 silly audit   'shebang-command': [ '2.0.0' ],
288 silly audit   'shebang-regex': [ '3.0.0' ],
288 silly audit   'source-map-js': [ '1.2.1' ],
288 silly audit   tailwindcss: [ '4.3.0' ],
288 silly audit   tapable: [ '2.3.3' ],
288 silly audit   tinyglobby: [ '0.2.17' ],
288 silly audit   'ts-api-utils': [ '2.5.0' ],
288 silly audit   tslib: [ '2.8.1' ],
288 silly audit   'type-check': [ '0.4.0' ],
288 silly audit   typescript: [ '6.0.3' ],
288 silly audit   'typescript-eslint': [ '8.60.1' ],
288 silly audit   'undici-types': [ '7.18.2' ],
288 silly audit   'update-browserslist-db': [ '1.2.3' ],
288 silly audit   'uri-js': [ '4.4.1' ],
288 silly audit   vite: [ '8.0.16' ],
288 silly audit   which: [ '2.0.2' ],
288 silly audit   'word-wrap': [ '1.2.5' ],
288 silly audit   yallist: [ '3.1.1' ],
288 silly audit   'yocto-queue': [ '0.1.0' ],
288 silly audit   zod: [ '4.4.3' ],
288 silly audit   'zod-validation-error': [ '4.0.2' ],
288 silly audit   leaflet: [ '1.9.4' ],
288 silly audit   'react-leaflet': [ '5.0.0' ],
288 silly audit   recharts: [ '3.8.1' ],
288 silly audit   'react-is': [ '19.2.7' ],
288 silly audit   '@react-leaflet/core': [ '3.0.0' ],
288 silly audit   '@reduxjs/toolkit': [ '2.12.0' ],
288 silly audit   clsx: [ '2.1.1' ],
288 silly audit   'decimal.js-light': [ '2.5.1' ],
288 silly audit   'es-toolkit': [ '1.47.0' ],
288 silly audit   eventemitter3: [ '5.0.4' ],
288 silly audit   immer: [ '10.2.0', '11.1.8' ],
288 silly audit   'react-redux': [ '9.3.0' ],
288 silly audit   reselect: [ '5.1.1' ],
288 silly audit   'tiny-invariant': [ '1.3.3' ],
288 silly audit   'use-sync-external-store': [ '1.6.0' ],
288 silly audit   'victory-vendor': [ '37.3.6' ],
288 silly audit   '@standard-schema/spec': [ '1.1.0' ],
288 silly audit   '@standard-schema/utils': [ '0.3.0' ],
288 silly audit   redux: [ '5.0.1' ],
288 silly audit   'redux-thunk': [ '3.1.0' ],
288 silly audit   '@types/use-sync-external-store': [ '0.0.6' ],
288 silly audit   '@types/d3-array': [ '3.2.2' ],
288 silly audit   '@types/d3-ease': [ '3.0.2' ],
288 silly audit   '@types/d3-interpolate': [ '3.0.4' ],
288 silly audit   '@types/d3-scale': [ '4.0.9' ],
288 silly audit   '@types/d3-shape': [ '3.1.8' ],
288 silly audit   '@types/d3-time': [ '3.0.4' ],
288 silly audit   '@types/d3-timer': [ '3.0.2' ],
288 silly audit   'd3-array': [ '3.2.4' ],
288 silly audit   'd3-ease': [ '3.0.1' ],
288 silly audit   'd3-interpolate': [ '3.0.1' ],
288 silly audit   'd3-scale': [ '4.0.2' ],
288 silly audit   'd3-shape': [ '3.2.0' ],
288 silly audit   'd3-time': [ '3.1.0' ],
288 silly audit   'd3-timer': [ '3.0.1' ],
288 silly audit   '@types/d3-color': [ '3.1.3' ],
288 silly audit   '@types/d3-path': [ '3.1.1' ],
288 silly audit   internmap: [ '2.0.3' ],
288 silly audit   'd3-color': [ '3.1.0' ],
288 silly audit   'd3-format': [ '3.1.2' ],
288 silly audit   'd3-time-format': [ '4.1.0' ],
288 silly audit   'd3-path': [ '3.1.0' ]
288 silly audit }
289 http cache d3-time-format@https://registry.npmjs.org/d3-time-format/-/d3-time-format-4.1.0.tgz 0ms (cache hit)
290 http cache d3-path@https://registry.npmjs.org/d3-path/-/d3-path-3.1.0.tgz 0ms (cache hit)
291 http cache d3-color@https://registry.npmjs.org/d3-color/-/d3-color-3.1.0.tgz 0ms (cache hit)
292 http cache @types/d3-path@https://registry.npmjs.org/@types/d3-path/-/d3-path-3.1.1.tgz 0ms (cache hit)
293 http cache internmap@https://registry.npmjs.org/internmap/-/internmap-2.0.3.tgz 0ms (cache hit)
294 http cache @types/d3-color@https://registry.npmjs.org/@types/d3-color/-/d3-color-3.1.3.tgz 0ms (cache hit)
295 http cache d3-format@https://registry.npmjs.org/d3-format/-/d3-format-3.1.2.tgz 0ms (cache hit)
296 http cache d3-timer@https://registry.npmjs.org/d3-timer/-/d3-timer-3.0.1.tgz 0ms (cache hit)
297 http cache d3-time@https://registry.npmjs.org/d3-time/-/d3-time-3.1.0.tgz 0ms (cache hit)
298 http cache d3-shape@https://registry.npmjs.org/d3-shape/-/d3-shape-3.2.0.tgz 0ms (cache hit)
299 http cache d3-interpolate@https://registry.npmjs.org/d3-interpolate/-/d3-interpolate-3.0.1.tgz 0ms (cache hit)
300 http cache d3-scale@https://registry.npmjs.org/d3-scale/-/d3-scale-4.0.2.tgz 0ms (cache hit)
301 http cache d3-array@https://registry.npmjs.org/d3-array/-/d3-array-3.2.4.tgz 0ms (cache hit)
302 http cache d3-ease@https://registry.npmjs.org/d3-ease/-/d3-ease-3.0.1.tgz 0ms (cache hit)
303 http cache @types/d3-timer@https://registry.npmjs.org/@types/d3-timer/-/d3-timer-3.0.2.tgz 0ms (cache hit)
304 http cache @types/d3-time@https://registry.npmjs.org/@types/d3-time/-/d3-time-3.0.4.tgz 0ms (cache hit)
305 http cache @types/d3-scale@https://registry.npmjs.org/@types/d3-scale/-/d3-scale-4.0.9.tgz 0ms (cache hit)
306 http cache @types/d3-shape@https://registry.npmjs.org/@types/d3-shape/-/d3-shape-3.1.8.tgz 0ms (cache hit)
307 http cache @types/d3-interpolate@https://registry.npmjs.org/@types/d3-interpolate/-/d3-interpolate-3.0.4.tgz 0ms (cache hit)
308 http cache @types/d3-ease@https://registry.npmjs.org/@types/d3-ease/-/d3-ease-3.0.2.tgz 0ms (cache hit)
309 http cache @types/use-sync-external-store@https://registry.npmjs.org/@types/use-sync-external-store/-/use-sync-external-store-0.0.6.tgz 0ms (cache hit)
310 http cache @types/d3-array@https://registry.npmjs.org/@types/d3-array/-/d3-array-3.2.2.tgz 0ms (cache hit)
311 http cache redux@https://registry.npmjs.org/redux/-/redux-5.0.1.tgz 0ms (cache hit)
312 http cache redux-thunk@https://registry.npmjs.org/redux-thunk/-/redux-thunk-3.1.0.tgz 0ms (cache hit)
313 http cache @standard-schema/spec@https://registry.npmjs.org/@standard-schema/spec/-/spec-1.1.0.tgz 0ms (cache hit)
314 http cache @standard-schema/utils@https://registry.npmjs.org/@standard-schema/utils/-/utils-0.3.0.tgz 0ms (cache hit)
315 http cache use-sync-external-store@https://registry.npmjs.org/use-sync-external-store/-/use-sync-external-store-1.6.0.tgz 0ms (cache hit)
316 http cache tiny-invariant@https://registry.npmjs.org/tiny-invariant/-/tiny-invariant-1.3.3.tgz 0ms (cache hit)
317 http cache victory-vendor@https://registry.npmjs.org/victory-vendor/-/victory-vendor-37.3.6.tgz 0ms (cache hit)
318 http cache immer@https://registry.npmjs.org/immer/-/immer-10.2.0.tgz 0ms (cache hit)
319 http cache react-redux@https://registry.npmjs.org/react-redux/-/react-redux-9.3.0.tgz 0ms (cache hit)
320 http cache es-toolkit@https://registry.npmjs.org/es-toolkit/-/es-toolkit-1.47.0.tgz 0ms (cache hit)
321 http cache eventemitter3@https://registry.npmjs.org/eventemitter3/-/eventemitter3-5.0.4.tgz 0ms (cache hit)
322 http cache decimal.js-light@https://registry.npmjs.org/decimal.js-light/-/decimal.js-light-2.5.1.tgz 0ms (cache hit)
323 http cache clsx@https://registry.npmjs.org/clsx/-/clsx-2.1.1.tgz 0ms (cache hit)
324 http cache @reduxjs/toolkit@https://registry.npmjs.org/@reduxjs/toolkit/-/toolkit-2.12.0.tgz 0ms (cache hit)
325 http cache react-is@https://registry.npmjs.org/react-is/-/react-is-19.2.7.tgz 0ms (cache hit)
326 http cache @react-leaflet/core@https://registry.npmjs.org/@react-leaflet/core/-/core-3.0.0.tgz 0ms (cache hit)
327 http cache recharts@https://registry.npmjs.org/recharts/-/recharts-3.8.1.tgz 0ms (cache hit)
328 http cache leaflet@https://registry.npmjs.org/leaflet/-/leaflet-1.9.4.tgz 0ms (cache hit)
329 http cache react-leaflet@https://registry.npmjs.org/react-leaflet/-/react-leaflet-5.0.0.tgz 0ms (cache hit)
330 http cache immer@https://registry.npmjs.org/immer/-/immer-11.1.8.tgz 0ms (cache hit)
331 http cache reselect@https://registry.npmjs.org/reselect/-/reselect-5.1.1.tgz 0ms (cache hit)
332 silly tarball no local data for d3-time-format@https://registry.npmjs.org/d3-time-format/-/d3-time-format-4.1.0.tgz. Extracting by manifest.
333 silly tarball no local data for d3-path@https://registry.npmjs.org/d3-path/-/d3-path-3.1.0.tgz. Extracting by manifest.
334 silly tarball no local data for d3-color@https://registry.npmjs.org/d3-color/-/d3-color-3.1.0.tgz. Extracting by manifest.
335 silly tarball no local data for @types/d3-path@https://registry.npmjs.org/@types/d3-path/-/d3-path-3.1.1.tgz. Extracting by manifest.
336 silly tarball no local data for internmap@https://registry.npmjs.org/internmap/-/internmap-2.0.3.tgz. Extracting by manifest.
337 silly tarball no local data for @types/d3-color@https://registry.npmjs.org/@types/d3-color/-/d3-color-3.1.3.tgz. Extracting by manifest.
338 silly tarball no local data for d3-format@https://registry.npmjs.org/d3-format/-/d3-format-3.1.2.tgz. Extracting by manifest.
339 silly tarball no local data for d3-timer@https://registry.npmjs.org/d3-timer/-/d3-timer-3.0.1.tgz. Extracting by manifest.
340 silly tarball no local data for d3-time@https://registry.npmjs.org/d3-time/-/d3-time-3.1.0.tgz. Extracting by manifest.
341 silly tarball no local data for d3-shape@https://registry.npmjs.org/d3-shape/-/d3-shape-3.2.0.tgz. Extracting by manifest.
342 silly tarball no local data for d3-interpolate@https://registry.npmjs.org/d3-interpolate/-/d3-interpolate-3.0.1.tgz. Extracting by manifest.
343 silly tarball no local data for d3-scale@https://registry.npmjs.org/d3-scale/-/d3-scale-4.0.2.tgz. Extracting by manifest.
344 silly tarball no local data for d3-array@https://registry.npmjs.org/d3-array/-/d3-array-3.2.4.tgz. Extracting by manifest.
345 silly tarball no local data for d3-ease@https://registry.npmjs.org/d3-ease/-/d3-ease-3.0.1.tgz. Extracting by manifest.
346 silly tarball no local data for @types/d3-timer@https://registry.npmjs.org/@types/d3-timer/-/d3-timer-3.0.2.tgz. Extracting by manifest.
347 silly tarball no local data for @types/d3-time@https://registry.npmjs.org/@types/d3-time/-/d3-time-3.0.4.tgz. Extracting by manifest.
348 silly tarball no local data for @types/d3-scale@https://registry.npmjs.org/@types/d3-scale/-/d3-scale-4.0.9.tgz. Extracting by manifest.
349 silly tarball no local data for @types/d3-shape@https://registry.npmjs.org/@types/d3-shape/-/d3-shape-3.1.8.tgz. Extracting by manifest.
350 silly tarball no local data for @types/d3-interpolate@https://registry.npmjs.org/@types/d3-interpolate/-/d3-interpolate-3.0.4.tgz. Extracting by manifest.
351 silly tarball no local data for @types/d3-ease@https://registry.npmjs.org/@types/d3-ease/-/d3-ease-3.0.2.tgz. Extracting by manifest.
352 silly tarball no local data for @types/use-sync-external-store@https://registry.npmjs.org/@types/use-sync-external-store/-/use-sync-external-store-0.0.6.tgz. Extracting by manifest.
353 silly tarball no local data for @types/d3-array@https://registry.npmjs.org/@types/d3-array/-/d3-array-3.2.2.tgz. Extracting by manifest.
354 silly tarball no local data for redux@https://registry.npmjs.org/redux/-/redux-5.0.1.tgz. Extracting by manifest.
355 silly tarball no local data for redux-thunk@https://registry.npmjs.org/redux-thunk/-/redux-thunk-3.1.0.tgz. Extracting by manifest.
356 silly tarball no local data for @standard-schema/spec@https://registry.npmjs.org/@standard-schema/spec/-/spec-1.1.0.tgz. Extracting by manifest.
357 silly tarball no local data for @standard-schema/utils@https://registry.npmjs.org/@standard-schema/utils/-/utils-0.3.0.tgz. Extracting by manifest.
358 silly tarball no local data for use-sync-external-store@https://registry.npmjs.org/use-sync-external-store/-/use-sync-external-store-1.6.0.tgz. Extracting by manifest.
359 silly tarball no local data for tiny-invariant@https://registry.npmjs.org/tiny-invariant/-/tiny-invariant-1.3.3.tgz. Extracting by manifest.
360 silly tarball no local data for victory-vendor@https://registry.npmjs.org/victory-vendor/-/victory-vendor-37.3.6.tgz. Extracting by manifest.
361 silly tarball no local data for immer@https://registry.npmjs.org/immer/-/immer-10.2.0.tgz. Extracting by manifest.
362 silly tarball no local data for react-redux@https://registry.npmjs.org/react-redux/-/react-redux-9.3.0.tgz. Extracting by manifest.
363 silly tarball no local data for es-toolkit@https://registry.npmjs.org/es-toolkit/-/es-toolkit-1.47.0.tgz. Extracting by manifest.
364 silly tarball no local data for eventemitter3@https://registry.npmjs.org/eventemitter3/-/eventemitter3-5.0.4.tgz. Extracting by manifest.
365 silly tarball no local data for decimal.js-light@https://registry.npmjs.org/decimal.js-light/-/decimal.js-light-2.5.1.tgz. Extracting by manifest.
366 silly tarball no local data for clsx@https://registry.npmjs.org/clsx/-/clsx-2.1.1.tgz. Extracting by manifest.
367 silly tarball no local data for @reduxjs/toolkit@https://registry.npmjs.org/@reduxjs/toolkit/-/toolkit-2.12.0.tgz. Extracting by manifest.
368 silly tarball no local data for react-is@https://registry.npmjs.org/react-is/-/react-is-19.2.7.tgz. Extracting by manifest.
369 silly tarball no local data for @react-leaflet/core@https://registry.npmjs.org/@react-leaflet/core/-/core-3.0.0.tgz. Extracting by manifest.
370 silly tarball no local data for recharts@https://registry.npmjs.org/recharts/-/recharts-3.8.1.tgz. Extracting by manifest.
371 silly tarball no local data for leaflet@https://registry.npmjs.org/leaflet/-/leaflet-1.9.4.tgz. Extracting by manifest.
372 silly tarball no local data for react-leaflet@https://registry.npmjs.org/react-leaflet/-/react-leaflet-5.0.0.tgz. Extracting by manifest.
373 silly tarball no local data for immer@https://registry.npmjs.org/immer/-/immer-11.1.8.tgz. Extracting by manifest.
374 silly tarball no local data for reselect@https://registry.npmjs.org/reselect/-/reselect-5.1.1.tgz. Extracting by manifest.
375 http fetch GET 200 https://registry.npmjs.org/d3-path/-/d3-path-3.1.0.tgz 101ms (cache miss)
376 http fetch POST 200 https://registry.npmjs.org/-/npm/v1/security/advisories/bulk 116ms
377 silly audit report {}
378 http fetch GET 200 https://registry.npmjs.org/d3-color/-/d3-color-3.1.0.tgz 108ms (cache miss)
379 http fetch GET 200 https://registry.npmjs.org/internmap/-/internmap-2.0.3.tgz 107ms (cache miss)
380 http fetch GET 200 https://registry.npmjs.org/@types/d3-path/-/d3-path-3.1.1.tgz 107ms (cache miss)
381 http fetch GET 200 https://registry.npmjs.org/@types/d3-color/-/d3-color-3.1.3.tgz 107ms (cache miss)
382 http fetch GET 200 https://registry.npmjs.org/d3-time-format/-/d3-time-format-4.1.0.tgz 113ms (cache miss)
383 http fetch GET 200 https://registry.npmjs.org/@types/d3-timer/-/d3-timer-3.0.2.tgz 136ms (cache miss)
384 http fetch GET 200 https://registry.npmjs.org/@types/d3-time/-/d3-time-3.0.4.tgz 136ms (cache miss)
385 http fetch GET 200 https://registry.npmjs.org/@types/d3-shape/-/d3-shape-3.1.8.tgz 137ms (cache miss)
386 http fetch GET 200 https://registry.npmjs.org/@types/d3-scale/-/d3-scale-4.0.9.tgz 139ms (cache miss)
387 http fetch GET 200 https://registry.npmjs.org/@types/d3-interpolate/-/d3-interpolate-3.0.4.tgz 147ms (cache miss)
388 http fetch GET 200 https://registry.npmjs.org/@types/use-sync-external-store/-/use-sync-external-store-0.0.6.tgz 166ms (cache miss)
389 http fetch GET 200 https://registry.npmjs.org/@types/d3-ease/-/d3-ease-3.0.2.tgz 178ms (cache miss)
390 http fetch GET 200 https://registry.npmjs.org/d3-format/-/d3-format-3.1.2.tgz 192ms (cache miss)
391 http fetch GET 200 https://registry.npmjs.org/d3-time/-/d3-time-3.1.0.tgz 204ms (cache miss)
392 http fetch GET 200 https://registry.npmjs.org/tiny-invariant/-/tiny-invariant-1.3.3.tgz 225ms (cache miss)
393 http fetch GET 200 https://registry.npmjs.org/d3-timer/-/d3-timer-3.0.1.tgz 230ms (cache miss)
394 http fetch GET 200 https://registry.npmjs.org/@standard-schema/utils/-/utils-0.3.0.tgz 227ms (cache miss)
395 http fetch GET 200 https://registry.npmjs.org/@standard-schema/spec/-/spec-1.1.0.tgz 227ms (cache miss)
396 http fetch GET 200 https://registry.npmjs.org/@types/d3-array/-/d3-array-3.2.2.tgz 230ms (cache miss)
397 http fetch GET 200 https://registry.npmjs.org/redux-thunk/-/redux-thunk-3.1.0.tgz 229ms (cache miss)
398 http fetch GET 200 https://registry.npmjs.org/d3-ease/-/d3-ease-3.0.1.tgz 233ms (cache miss)
399 http fetch GET 200 https://registry.npmjs.org/redux/-/redux-5.0.1.tgz 237ms (cache miss)
400 http fetch GET 200 https://registry.npmjs.org/use-sync-external-store/-/use-sync-external-store-1.6.0.tgz 240ms (cache miss)
401 http fetch GET 200 https://registry.npmjs.org/d3-array/-/d3-array-3.2.4.tgz 268ms (cache miss)
402 http fetch GET 200 https://registry.npmjs.org/d3-interpolate/-/d3-interpolate-3.0.1.tgz 270ms (cache miss)
403 http fetch GET 200 https://registry.npmjs.org/d3-scale/-/d3-scale-4.0.2.tgz 269ms (cache miss)
404 http fetch GET 200 https://registry.npmjs.org/d3-shape/-/d3-shape-3.2.0.tgz 271ms (cache miss)
405 http fetch GET 200 https://registry.npmjs.org/react-is/-/react-is-19.2.7.tgz 290ms (cache miss)
406 http fetch GET 200 https://registry.npmjs.org/clsx/-/clsx-2.1.1.tgz 296ms (cache miss)
407 http fetch GET 200 https://registry.npmjs.org/eventemitter3/-/eventemitter3-5.0.4.tgz 317ms (cache miss)
408 http fetch GET 200 https://registry.npmjs.org/react-leaflet/-/react-leaflet-5.0.0.tgz 333ms (cache miss)
409 http fetch GET 200 https://registry.npmjs.org/decimal.js-light/-/decimal.js-light-2.5.1.tgz 350ms (cache miss)
410 http fetch GET 200 https://registry.npmjs.org/immer/-/immer-10.2.0.tgz 386ms (cache miss)
411 http fetch GET 200 https://registry.npmjs.org/@react-leaflet/core/-/core-3.0.0.tgz 410ms (cache miss)
412 http fetch GET 200 https://registry.npmjs.org/reselect/-/reselect-5.1.1.tgz 445ms (cache miss)
413 http fetch GET 200 https://registry.npmjs.org/victory-vendor/-/victory-vendor-37.3.6.tgz 511ms (cache miss)
414 http fetch GET 200 https://registry.npmjs.org/react-redux/-/react-redux-9.3.0.tgz 523ms (cache miss)
415 http fetch GET 200 https://registry.npmjs.org/immer/-/immer-11.1.8.tgz 569ms (cache miss)
416 http fetch GET 200 https://registry.npmjs.org/leaflet/-/leaflet-1.9.4.tgz 730ms (cache miss)
417 http fetch GET 200 https://registry.npmjs.org/@reduxjs/toolkit/-/toolkit-2.12.0.tgz 836ms (cache miss)
418 http fetch GET 200 https://registry.npmjs.org/recharts/-/recharts-3.8.1.tgz 1161ms (cache miss)
419 http fetch GET 200 https://registry.npmjs.org/es-toolkit/-/es-toolkit-1.47.0.tgz 1663ms (cache miss)
420 silly ADD node_modules/d3-path
421 silly ADD node_modules/d3-time-format
422 silly ADD node_modules/d3-format
423 silly ADD node_modules/d3-color
424 silly ADD node_modules/internmap
425 silly ADD node_modules/@types/d3-path
426 silly ADD node_modules/@types/d3-color
427 silly ADD node_modules/d3-timer
428 silly ADD node_modules/d3-time
429 silly ADD node_modules/d3-shape
430 silly ADD node_modules/d3-scale
431 silly ADD node_modules/d3-interpolate
432 silly ADD node_modules/d3-ease
433 silly ADD node_modules/d3-array
434 silly ADD node_modules/@types/d3-timer
435 silly ADD node_modules/@types/d3-time
436 silly ADD node_modules/@types/d3-shape
437 silly ADD node_modules/@types/d3-scale
438 silly ADD node_modules/@types/d3-interpolate
439 silly ADD node_modules/@types/d3-ease
440 silly ADD node_modules/@types/d3-array
441 silly ADD node_modules/@types/use-sync-external-store
442 silly ADD node_modules/redux-thunk
443 silly ADD node_modules/redux
444 silly ADD node_modules/@standard-schema/utils
445 silly ADD node_modules/@standard-schema/spec
446 silly ADD node_modules/victory-vendor
447 silly ADD node_modules/use-sync-external-store
448 silly ADD node_modules/tiny-invariant
449 silly ADD node_modules/reselect
450 silly ADD node_modules/react-redux
451 silly ADD node_modules/immer
452 silly ADD node_modules/eventemitter3
453 silly ADD node_modules/es-toolkit
454 silly ADD node_modules/decimal.js-light
455 silly ADD node_modules/clsx
456 silly ADD node_modules/@reduxjs/toolkit
457 silly ADD node_modules/@reduxjs/toolkit/node_modules/immer
458 silly ADD node_modules/@react-leaflet/core
459 silly ADD node_modules/react-is
460 silly ADD node_modules/recharts
461 silly ADD node_modules/react-leaflet
462 silly ADD node_modules/leaflet
463 verbose cwd /Users/harish_a/SpacetimeDB/portex
464 verbose os Darwin 24.5.0
465 verbose node v22.19.0
466 verbose npm  v11.6.2
467 verbose exit 0
468 info ok
