0 verbose cli /usr/local/bin/node /usr/local/bin/npm
1 info using npm@11.6.2
2 info using node@v22.19.0
3 silly config load:file:/usr/local/lib/node_modules/npm/npmrc
4 silly config load:file:/Users/harish_a/SpacetimeDB/nations/.npmrc
5 silly config load:file:/Users/harish_a/.npmrc
6 silly config load:file:/usr/local/etc/npmrc
7 verbose title npm install leaflet react-leaflet recharts
8 verbose argv "install" "leaflet" "react-leaflet" "recharts" "--cache" "/Users/harish_a/SpacetimeDB/.npm-cache"
9 verbose logfile logs-max:10 dir:/Users/harish_a/SpacetimeDB/.npm-cache/_logs/2026-06-05T22_04_57_942Z-
10 verbose logfile /Users/harish_a/SpacetimeDB/.npm-cache/_logs/2026-06-05T22_04_57_942Z-debug-0.log
11 silly logfile done cleaning log files
12 silly packumentCache heap:2197815296 maxSize:549453824 maxEntrySize:274726912
13 silly idealTree buildDeps
14 silly fetch manifest leaflet@*
15 silly packumentCache full:https://registry.npmjs.org/leaflet cache-miss
16 http fetch GET 200 https://registry.npmjs.org/leaflet 264ms (cache revalidated)
17 silly packumentCache full:https://registry.npmjs.org/leaflet set size:146664 disposed:false
18 silly fetch manifest react-leaflet@*
19 silly packumentCache full:https://registry.npmjs.org/react-leaflet cache-miss
20 http fetch GET 200 https://registry.npmjs.org/react-leaflet 139ms (cache revalidated)
21 silly packumentCache full:https://registry.npmjs.org/react-leaflet set size:472546 disposed:false
22 silly fetch manifest react@^19.2.6
23 silly packumentCache full:https://registry.npmjs.org/react cache-miss
24 http cache https://registry.npmjs.org/react 18ms (cache hit)
25 silly packumentCache full:https://registry.npmjs.org/react set size:6688498 disposed:false
26 silly fetch manifest react-dom@^19.2.6
27 silly packumentCache full:https://registry.npmjs.org/react-dom cache-miss
28 http cache https://registry.npmjs.org/react-dom 19ms (cache hit)
29 silly packumentCache full:https://registry.npmjs.org/react-dom set size:8930276 disposed:false
30 silly fetch manifest recharts@*
31 silly packumentCache full:https://registry.npmjs.org/recharts cache-miss
32 http fetch GET 200 https://registry.npmjs.org/recharts 74ms (cache revalidated)
33 silly packumentCache full:https://registry.npmjs.org/recharts set size:1392638 disposed:false
34 silly fetch manifest react-is@^16.8.0 || ^17.0.0 || ^18.0.0 || ^19.0.0
35 silly packumentCache full:https://registry.npmjs.org/react-is cache-miss
36 http fetch GET 200 https://registry.npmjs.org/react-is 77ms (cache revalidated)
37 silly packumentCache full:https://registry.npmjs.org/react-is set size:5411457 disposed:false
38 silly placeDep ROOT leaflet@1.9.4 OK for: nations@0.0.0 want: *
39 silly placeDep ROOT react-leaflet@5.0.0 OK for: nations@0.0.0 want: *
40 silly placeDep ROOT recharts@3.8.1 OK for: nations@0.0.0 want: *
41 silly placeDep ROOT react-is@19.2.7 OK for: recharts@3.8.1 want: ^16.8.0 || ^17.0.0 || ^18.0.0 || ^19.0.0
42 silly fetch manifest @react-leaflet/core@^3.0.0
43 silly packumentCache full:https://registry.npmjs.org/@react-leaflet%2fcore cache-miss
44 silly fetch manifest clsx@^2.1.1
45 silly packumentCache full:https://registry.npmjs.org/clsx cache-miss
46 silly fetch manifest immer@^10.1.1
47 silly packumentCache full:https://registry.npmjs.org/immer cache-miss
48 silly fetch manifest reselect@5.1.1
49 silly packumentCache full:https://registry.npmjs.org/reselect cache-miss
50 silly fetch manifest es-toolkit@^1.39.3
51 silly packumentCache full:https://registry.npmjs.org/es-toolkit cache-miss
52 silly fetch manifest react-redux@8.x.x || 9.x.x
53 silly packumentCache full:https://registry.npmjs.org/react-redux cache-miss
54 silly fetch manifest eventemitter3@^5.0.1
55 silly packumentCache full:https://registry.npmjs.org/eventemitter3 cache-miss
56 http fetch GET 200 https://registry.npmjs.org/clsx 92ms (cache revalidated)
57 silly packumentCache full:https://registry.npmjs.org/clsx set size:42506 disposed:false
58 silly fetch manifest tiny-invariant@^1.3.3
59 silly packumentCache full:https://registry.npmjs.org/tiny-invariant cache-miss
60 http fetch GET 200 https://registry.npmjs.org/react-redux 160ms (cache revalidated)
61 silly packumentCache full:https://registry.npmjs.org/react-redux set size:582163 disposed:false
62 silly fetch manifest victory-vendor@^37.0.2
63 silly packumentCache full:https://registry.npmjs.org/victory-vendor cache-miss
64 http fetch GET 200 https://registry.npmjs.org/eventemitter3 165ms (cache revalidated)
65 silly packumentCache full:https://registry.npmjs.org/eventemitter3 set size:92292 disposed:false
66 silly fetch manifest @reduxjs/toolkit@^1.9.0 || 2.x.x
67 silly packumentCache full:https://registry.npmjs.org/@reduxjs%2ftoolkit cache-miss
68 http fetch GET 200 https://registry.npmjs.org/tiny-invariant 75ms (cache revalidated)
69 silly packumentCache full:https://registry.npmjs.org/tiny-invariant set size:98310 disposed:false
70 silly fetch manifest decimal.js-light@^2.5.1
71 silly packumentCache full:https://registry.npmjs.org/decimal.js-light cache-miss
72 http fetch GET 200 https://registry.npmjs.org/reselect 201ms (cache revalidated)
73 silly packumentCache full:https://registry.npmjs.org/reselect set size:353417 disposed:false
74 silly fetch manifest use-sync-external-store@^1.2.2
75 silly packumentCache full:https://registry.npmjs.org/use-sync-external-store cache-miss
76 http fetch GET 200 https://registry.npmjs.org/es-toolkit 218ms (cache revalidated)
77 silly packumentCache full:https://registry.npmjs.org/es-toolkit set size:10781550 disposed:false
78 http fetch GET 200 https://registry.npmjs.org/immer 288ms (cache revalidated)
79 silly packumentCache full:https://registry.npmjs.org/immer set size:761699 disposed:false
80 http fetch GET 200 https://registry.npmjs.org/decimal.js-light 126ms (cache revalidated)
81 silly packumentCache full:https://registry.npmjs.org/decimal.js-light set size:38254 disposed:false
82 http fetch GET 200 https://registry.npmjs.org/victory-vendor 132ms (cache revalidated)
83 silly packumentCache full:https://registry.npmjs.org/victory-vendor set size:249266 disposed:false
84 http fetch GET 200 https://registry.npmjs.org/@reduxjs%2ftoolkit 131ms (cache revalidated)
85 silly packumentCache full:https://registry.npmjs.org/@reduxjs%2ftoolkit set size:571517 disposed:false
86 http fetch GET 200 https://registry.npmjs.org/@react-leaflet%2fcore 338ms (cache revalidated)
87 silly packumentCache full:https://registry.npmjs.org/@react-leaflet%2fcore set size:66182 disposed:false
88 http fetch GET 200 https://registry.npmjs.org/use-sync-external-store 152ms (cache revalidated)
89 silly packumentCache full:https://registry.npmjs.org/use-sync-external-store set size:4710618 disposed:false
90 silly fetch manifest @emnapi/core@^1.7.1
91 silly packumentCache full:https://registry.npmjs.org/@emnapi%2fcore cache-miss
92 http cache https://registry.npmjs.org/@emnapi%2fcore 3ms (cache hit)
93 silly packumentCache full:https://registry.npmjs.org/@emnapi%2fcore set size:108001 disposed:false
94 silly fetch manifest @emnapi/runtime@^1.7.1
95 silly packumentCache full:https://registry.npmjs.org/@emnapi%2fruntime cache-miss
96 http cache https://registry.npmjs.org/@emnapi%2fruntime 4ms (cache hit)
97 silly packumentCache full:https://registry.npmjs.org/@emnapi%2fruntime set size:109985 disposed:false
98 silly placeDep ROOT @emnapi/core@1.10.0 OK for: @napi-rs/wasm-runtime@1.1.4 want: ^1.7.1
99 silly placeDep ROOT @emnapi/runtime@1.10.0 OK for: @napi-rs/wasm-runtime@1.1.4 want: ^1.7.1
100 silly fetch manifest leaflet@^1.9.0
101 silly packumentCache full:https://registry.npmjs.org/leaflet cache-hit
102 silly fetch manifest react@^19.0.0
103 silly packumentCache full:https://registry.npmjs.org/react cache-miss
104 http cache https://registry.npmjs.org/react 12ms (cache hit)
105 silly packumentCache full:https://registry.npmjs.org/react set size:6688498 disposed:false
106 silly fetch manifest react-dom@^19.0.0
107 silly packumentCache full:https://registry.npmjs.org/react-dom cache-miss
108 http cache https://registry.npmjs.org/react-dom 22ms (cache hit)
109 silly packumentCache full:https://registry.npmjs.org/react-dom set size:8930276 disposed:false
110 silly placeDep ROOT @react-leaflet/core@3.0.0 OK for: react-leaflet@5.0.0 want: ^3.0.0
111 silly fetch manifest @types/react@^18.2.25 || ^19
112 silly packumentCache full:https://registry.npmjs.org/@types%2freact cache-miss
113 http cache https://registry.npmjs.org/@types%2freact 41ms (cache hit)
114 silly packumentCache full:https://registry.npmjs.org/@types%2freact set size:2632776 disposed:false
115 silly fetch manifest react@^16.8.0 || ^17.0.0 || ^18.0.0 || ^19.0.0
116 silly packumentCache full:https://registry.npmjs.org/react cache-miss
117 http cache https://registry.npmjs.org/react 24ms (cache hit)
118 silly packumentCache full:https://registry.npmjs.org/react set size:6688498 disposed:false
119 silly fetch manifest redux@^5.0.0
120 silly packumentCache full:https://registry.npmjs.org/redux cache-miss
121 http fetch GET 200 https://registry.npmjs.org/redux 80ms (cache revalidated)
122 silly packumentCache full:https://registry.npmjs.org/redux set size:553833 disposed:false
123 silly placeDep ROOT @reduxjs/toolkit@2.12.0 OK for: recharts@3.8.1 want: ^1.9.0 || 2.x.x
124 silly placeDep ROOT clsx@2.1.1 OK for: recharts@3.8.1 want: ^2.1.1
125 silly placeDep ROOT decimal.js-light@2.5.1 OK for: recharts@3.8.1 want: ^2.5.1
126 silly placeDep ROOT es-toolkit@1.47.0 OK for: recharts@3.8.1 want: ^1.39.3
127 silly placeDep ROOT eventemitter3@5.0.4 OK for: recharts@3.8.1 want: ^5.0.1
128 silly placeDep ROOT immer@10.2.0 OK for: recharts@3.8.1 want: ^10.1.1
129 silly placeDep ROOT react-redux@9.3.0 OK for: recharts@3.8.1 want: 8.x.x || 9.x.x
130 silly placeDep ROOT reselect@5.1.1 OK for: recharts@3.8.1 want: 5.1.1
131 silly placeDep ROOT tiny-invariant@1.3.3 OK for: recharts@3.8.1 want: ^1.3.3
132 silly placeDep ROOT use-sync-external-store@1.6.0 OK for: recharts@3.8.1 want: ^1.2.2
133 silly placeDep ROOT victory-vendor@37.3.6 OK for: recharts@3.8.1 want: ^37.0.2
134 silly fetch manifest @standard-schema/spec@^1.0.0
135 silly packumentCache full:https://registry.npmjs.org/@standard-schema%2fspec cache-miss
136 silly fetch manifest @standard-schema/utils@^0.3.0
137 silly packumentCache full:https://registry.npmjs.org/@standard-schema%2futils cache-miss
138 silly fetch manifest immer@^11.0.0
139 silly packumentCache full:https://registry.npmjs.org/immer cache-hit
140 silly fetch manifest redux@^5.0.1
141 silly packumentCache full:https://registry.npmjs.org/redux cache-hit
142 silly fetch manifest redux-thunk@^3.1.0
143 silly packumentCache full:https://registry.npmjs.org/redux-thunk cache-miss
144 silly fetch manifest reselect@^5.1.0
145 silly packumentCache full:https://registry.npmjs.org/reselect cache-hit
146 silly fetch manifest @types/use-sync-external-store@^0.0.6
147 silly packumentCache full:https://registry.npmjs.org/@types%2fuse-sync-external-store cache-miss
148 silly fetch manifest use-sync-external-store@^1.4.0
149 silly packumentCache full:https://registry.npmjs.org/use-sync-external-store cache-miss
150 silly fetch manifest d3-ease@^3.0.1
151 silly packumentCache full:https://registry.npmjs.org/d3-ease cache-miss
152 silly fetch manifest d3-time@^3.0.0
153 silly packumentCache full:https://registry.npmjs.org/d3-time cache-miss
154 http cache https://registry.npmjs.org/use-sync-external-store 13ms (cache hit)
155 silly packumentCache full:https://registry.npmjs.org/use-sync-external-store set size:4710618 disposed:false
156 silly fetch manifest d3-array@^3.1.6
157 silly packumentCache full:https://registry.npmjs.org/d3-array cache-miss
158 http fetch GET 200 https://registry.npmjs.org/d3-time 54ms (cache revalidated)
159 silly packumentCache full:https://registry.npmjs.org/d3-time set size:150406 disposed:false
160 silly fetch manifest d3-scale@^4.0.2
161 silly packumentCache full:https://registry.npmjs.org/d3-scale cache-miss
162 http fetch GET 200 https://registry.npmjs.org/redux-thunk 58ms (cache revalidated)
163 silly packumentCache full:https://registry.npmjs.org/redux-thunk set size:172344 disposed:false
164 silly fetch manifest d3-shape@^3.1.0
165 silly packumentCache full:https://registry.npmjs.org/d3-shape cache-miss
166 http fetch GET 200 https://registry.npmjs.org/d3-ease 64ms (cache revalidated)
167 silly packumentCache full:https://registry.npmjs.org/d3-ease set size:109490 disposed:false
168 silly fetch manifest d3-timer@^3.0.1
169 silly packumentCache full:https://registry.npmjs.org/d3-timer cache-miss
170 http fetch GET 200 https://registry.npmjs.org/@standard-schema%2fspec 67ms (cache revalidated)
171 silly packumentCache full:https://registry.npmjs.org/@standard-schema%2fspec set size:27284 disposed:false
172 silly fetch manifest @types/d3-ease@^3.0.0
173 silly packumentCache full:https://registry.npmjs.org/@types%2fd3-ease cache-miss
174 http fetch GET 200 https://registry.npmjs.org/d3-array 75ms (cache revalidated)
175 silly packumentCache full:https://registry.npmjs.org/d3-array set size:246308 disposed:false
176 silly fetch manifest @types/d3-time@^3.0.0
177 silly packumentCache full:https://registry.npmjs.org/@types%2fd3-time cache-miss
178 http fetch GET 200 https://registry.npmjs.org/@types%2fuse-sync-external-store 116ms (cache revalidated)
179 silly packumentCache full:https://registry.npmjs.org/@types%2fuse-sync-external-store set size:14540 disposed:false
180 silly fetch manifest d3-interpolate@^3.0.1
181 silly packumentCache full:https://registry.npmjs.org/d3-interpolate cache-miss
182 http fetch GET 200 https://registry.npmjs.org/d3-timer 53ms (cache revalidated)
183 silly packumentCache full:https://registry.npmjs.org/d3-timer set size:101516 disposed:false
184 silly fetch manifest @types/d3-array@^3.0.3
185 silly packumentCache full:https://registry.npmjs.org/@types%2fd3-array cache-miss
186 http fetch GET 200 https://registry.npmjs.org/@standard-schema%2futils 125ms (cache revalidated)
187 silly packumentCache full:https://registry.npmjs.org/@standard-schema%2futils set size:15545 disposed:false
188 silly fetch manifest @types/d3-scale@^4.0.2
189 silly packumentCache full:https://registry.npmjs.org/@types%2fd3-scale cache-miss
190 http fetch GET 200 https://registry.npmjs.org/d3-shape 66ms (cache revalidated)
191 silly packumentCache full:https://registry.npmjs.org/d3-shape set size:275657 disposed:false
192 silly fetch manifest @types/d3-shape@^3.1.0
193 silly packumentCache full:https://registry.npmjs.org/@types%2fd3-shape cache-miss
194 http fetch GET 200 https://registry.npmjs.org/d3-scale 72ms (cache revalidated)
195 silly packumentCache full:https://registry.npmjs.org/d3-scale set size:514172 disposed:false
196 silly fetch manifest @types/d3-timer@^3.0.0
197 silly packumentCache full:https://registry.npmjs.org/@types%2fd3-timer cache-miss
198 http fetch GET 200 https://registry.npmjs.org/@types%2fd3-ease 73ms (cache revalidated)
199 silly packumentCache full:https://registry.npmjs.org/@types%2fd3-ease set size:41281 disposed:false
200 silly fetch manifest @types/d3-interpolate@^3.0.1
201 silly packumentCache full:https://registry.npmjs.org/@types%2fd3-interpolate cache-miss
202 http fetch GET 200 https://registry.npmjs.org/d3-interpolate 53ms (cache revalidated)
203 silly packumentCache full:https://registry.npmjs.org/d3-interpolate set size:162337 disposed:false
204 http fetch GET 200 https://registry.npmjs.org/@types%2fd3-time 66ms (cache revalidated)
205 silly packumentCache full:https://registry.npmjs.org/@types%2fd3-time set size:52652 disposed:false
206 http fetch GET 200 https://registry.npmjs.org/@types%2fd3-array 60ms (cache revalidated)
207 silly packumentCache full:https://registry.npmjs.org/@types%2fd3-array set size:130543 disposed:false
208 http fetch GET 200 https://registry.npmjs.org/@types%2fd3-shape 57ms (cache revalidated)
209 silly packumentCache full:https://registry.npmjs.org/@types%2fd3-shape set size:115816 disposed:false
210 http fetch GET 200 https://registry.npmjs.org/@types%2fd3-timer 61ms (cache revalidated)
211 silly packumentCache full:https://registry.npmjs.org/@types%2fd3-timer set size:38776 disposed:false
212 http fetch GET 200 https://registry.npmjs.org/@types%2fd3-interpolate 63ms (cache revalidated)
213 silly packumentCache full:https://registry.npmjs.org/@types%2fd3-interpolate set size:56692 disposed:false
214 http fetch GET 200 https://registry.npmjs.org/@types%2fd3-scale 80ms (cache revalidated)
215 silly packumentCache full:https://registry.npmjs.org/@types%2fd3-scale set size:131176 disposed:false
216 silly placeDep ROOT @standard-schema/spec@1.1.0 OK for: @reduxjs/toolkit@2.12.0 want: ^1.0.0
217 silly placeDep ROOT @standard-schema/utils@0.3.0 OK for: @reduxjs/toolkit@2.12.0 want: ^0.3.0
218 silly placeDep node_modules/@reduxjs/toolkit immer@11.1.8 OK for: @reduxjs/toolkit@2.12.0 want: ^11.0.0
219 silly placeDep ROOT redux@5.0.1 OK for: @reduxjs/toolkit@2.12.0 want: ^5.0.1
220 silly placeDep ROOT redux-thunk@3.1.0 OK for: @reduxjs/toolkit@2.12.0 want: ^3.1.0
221 silly placeDep ROOT @types/use-sync-external-store@0.0.6 OK for: react-redux@9.3.0 want: ^0.0.6
222 silly placeDep ROOT @types/d3-array@3.2.2 OK for: victory-vendor@37.3.6 want: ^3.0.3
223 silly placeDep ROOT @types/d3-ease@3.0.2 OK for: victory-vendor@37.3.6 want: ^3.0.0
224 silly placeDep ROOT @types/d3-interpolate@3.0.4 OK for: victory-vendor@37.3.6 want: ^3.0.1
225 silly placeDep ROOT @types/d3-scale@4.0.9 OK for: victory-vendor@37.3.6 want: ^4.0.2
226 silly placeDep ROOT @types/d3-shape@3.1.8 OK for: victory-vendor@37.3.6 want: ^3.1.0
227 silly placeDep ROOT @types/d3-time@3.0.4 OK for: victory-vendor@37.3.6 want: ^3.0.0
228 silly placeDep ROOT @types/d3-timer@3.0.2 OK for: victory-vendor@37.3.6 want: ^3.0.0
229 silly placeDep ROOT d3-array@3.2.4 OK for: victory-vendor@37.3.6 want: ^3.1.6
230 silly placeDep ROOT d3-ease@3.0.1 OK for: victory-vendor@37.3.6 want: ^3.0.1
231 silly placeDep ROOT d3-interpolate@3.0.1 OK for: victory-vendor@37.3.6 want: ^3.0.1
232 silly placeDep ROOT d3-scale@4.0.2 OK for: victory-vendor@37.3.6 want: ^4.0.2
233 silly placeDep ROOT d3-shape@3.2.0 OK for: victory-vendor@37.3.6 want: ^3.1.0
234 silly placeDep ROOT d3-time@3.1.0 OK for: victory-vendor@37.3.6 want: ^3.0.0
235 silly placeDep ROOT d3-timer@3.0.1 OK for: victory-vendor@37.3.6 want: ^3.0.1
236 silly fetch manifest @types/d3-color@*
237 silly packumentCache full:https://registry.npmjs.org/@types%2fd3-color cache-miss
238 silly fetch manifest @types/d3-time@*
239 silly packumentCache full:https://registry.npmjs.org/@types%2fd3-time cache-hit
240 silly fetch manifest @types/d3-path@*
241 silly packumentCache full:https://registry.npmjs.org/@types%2fd3-path cache-miss
242 silly fetch manifest internmap@1 - 2
243 silly packumentCache full:https://registry.npmjs.org/internmap cache-miss
244 silly fetch manifest d3-color@1 - 3
245 silly packumentCache full:https://registry.npmjs.org/d3-color cache-miss
246 silly fetch manifest d3-format@1 - 3
247 silly packumentCache full:https://registry.npmjs.org/d3-format cache-miss
248 silly fetch manifest d3-time@2.1.1 - 3
249 silly packumentCache full:https://registry.npmjs.org/d3-time cache-hit
250 silly fetch manifest d3-time-format@2 - 4
251 silly packumentCache full:https://registry.npmjs.org/d3-time-format cache-miss
252 silly fetch manifest d3-path@^3.1.0
253 silly packumentCache full:https://registry.npmjs.org/d3-path cache-miss
254 http fetch GET 200 https://registry.npmjs.org/d3-path 52ms (cache revalidated)
255 silly packumentCache full:https://registry.npmjs.org/d3-path set size:77883 disposed:false
256 http fetch GET 200 https://registry.npmjs.org/internmap 54ms (cache revalidated)
257 silly packumentCache full:https://registry.npmjs.org/internmap set size:19637 disposed:false
258 http fetch GET 200 https://registry.npmjs.org/@types%2fd3-color 66ms (cache revalidated)
259 silly packumentCache full:https://registry.npmjs.org/@types%2fd3-color set size:69998 disposed:false
260 http fetch GET 200 https://registry.npmjs.org/d3-format 67ms (cache revalidated)
261 silly packumentCache full:https://registry.npmjs.org/d3-format set size:107249 disposed:false
262 http fetch GET 200 https://registry.npmjs.org/d3-time-format 70ms (cache revalidated)
263 silly packumentCache full:https://registry.npmjs.org/d3-time-format set size:124514 disposed:false
264 http fetch GET 200 https://registry.npmjs.org/d3-color 74ms (cache revalidated)
265 silly packumentCache full:https://registry.npmjs.org/d3-color set size:142335 disposed:false
266 http fetch GET 200 https://registry.npmjs.org/@types%2fd3-path 78ms (cache revalidated)
267 silly packumentCache full:https://registry.npmjs.org/@types%2fd3-path set size:41268 disposed:false
268 silly placeDep ROOT @types/d3-color@3.1.3 OK for: @types/d3-interpolate@3.0.4 want: *
269 silly placeDep ROOT @types/d3-path@3.1.1 OK for: @types/d3-shape@3.1.8 want: *
270 silly placeDep ROOT internmap@2.0.3 OK for: d3-array@3.2.4 want: 1 - 2
271 silly placeDep ROOT d3-color@3.1.0 OK for: d3-interpolate@3.0.1 want: 1 - 3
272 silly placeDep ROOT d3-format@3.1.2 OK for: d3-scale@4.0.2 want: 1 - 3
273 silly placeDep ROOT d3-time-format@4.1.0 OK for: d3-scale@4.0.2 want: 2 - 4
274 silly placeDep ROOT d3-path@3.1.0 OK for: d3-shape@3.2.0 want: ^3.1.0
275 silly reify moves {}
276 silly audit bulk request {
276 silly audit   '@babel/code-frame': [ '7.29.7' ],
276 silly audit   '@babel/compat-data': [ '7.29.7' ],
276 silly audit   '@babel/core': [ '7.29.7' ],
276 silly audit   '@babel/generator': [ '7.29.7' ],
276 silly audit   '@babel/helper-compilation-targets': [ '7.29.7' ],
276 silly audit   '@babel/helper-globals': [ '7.29.7' ],
276 silly audit   '@babel/helper-module-imports': [ '7.29.7' ],
276 silly audit   '@babel/helper-module-transforms': [ '7.29.7' ],
276 silly audit   '@babel/helper-string-parser': [ '7.29.7' ],
276 silly audit   '@babel/helper-validator-identifier': [ '7.29.7' ],
276 silly audit   '@babel/helper-validator-option': [ '7.29.7' ],
276 silly audit   '@babel/helpers': [ '7.29.7' ],
276 silly audit   '@babel/parser': [ '7.29.7' ],
276 silly audit   '@babel/template': [ '7.29.7' ],
276 silly audit   '@babel/traverse': [ '7.29.7' ],
276 silly audit   '@babel/types': [ '7.29.7' ],
276 silly audit   '@emnapi/wasi-threads': [ '1.2.1' ],
276 silly audit   '@eslint-community/eslint-utils': [ '4.9.1' ],
276 silly audit   'eslint-visitor-keys': [ '3.4.3', '5.0.1' ],
276 silly audit   '@eslint-community/regexpp': [ '4.12.2' ],
276 silly audit   '@eslint/config-array': [ '0.23.5' ],
276 silly audit   '@eslint/config-helpers': [ '0.6.0' ],
276 silly audit   '@eslint/core': [ '1.2.1' ],
276 silly audit   '@eslint/js': [ '10.0.1' ],
276 silly audit   '@eslint/object-schema': [ '3.0.5' ],
276 silly audit   '@eslint/plugin-kit': [ '0.7.2' ],
276 silly audit   '@humanfs/core': [ '0.19.2' ],
276 silly audit   '@humanfs/node': [ '0.16.8' ],
276 silly audit   '@humanfs/types': [ '0.15.0' ],
276 silly audit   '@humanwhocodes/module-importer': [ '1.0.1' ],
276 silly audit   '@humanwhocodes/retry': [ '0.4.3' ],
276 silly audit   '@jridgewell/gen-mapping': [ '0.3.13' ],
276 silly audit   '@jridgewell/remapping': [ '2.3.5' ],
276 silly audit   '@jridgewell/resolve-uri': [ '3.1.2' ],
276 silly audit   '@jridgewell/sourcemap-codec': [ '1.5.5' ],
276 silly audit   '@jridgewell/trace-mapping': [ '0.3.31' ],
276 silly audit   '@napi-rs/wasm-runtime': [ '1.1.4' ],
276 silly audit   '@oxc-project/types': [ '0.133.0' ],
276 silly audit   '@rolldown/binding-android-arm64': [ '1.0.3' ],
276 silly audit   '@rolldown/binding-darwin-arm64': [ '1.0.3' ],
276 silly audit   '@rolldown/binding-darwin-x64': [ '1.0.3' ],
276 silly audit   '@rolldown/binding-freebsd-x64': [ '1.0.3' ],
276 silly audit   '@rolldown/binding-linux-arm-gnueabihf': [ '1.0.3' ],
276 silly audit   '@rolldown/binding-linux-arm64-gnu': [ '1.0.3' ],
276 silly audit   '@rolldown/binding-linux-arm64-musl': [ '1.0.3' ],
276 silly audit   '@rolldown/binding-linux-ppc64-gnu': [ '1.0.3' ],
276 silly audit   '@rolldown/binding-linux-s390x-gnu': [ '1.0.3' ],
276 silly audit   '@rolldown/binding-linux-x64-gnu': [ '1.0.3' ],
276 silly audit   '@rolldown/binding-linux-x64-musl': [ '1.0.3' ],
276 silly audit   '@rolldown/binding-openharmony-arm64': [ '1.0.3' ],
276 silly audit   '@rolldown/binding-wasm32-wasi': [ '1.0.3' ],
276 silly audit   '@rolldown/binding-win32-arm64-msvc': [ '1.0.3' ],
276 silly audit   '@rolldown/binding-win32-x64-msvc': [ '1.0.3' ],
276 silly audit   '@rolldown/pluginutils': [ '1.0.1' ],
276 silly audit   '@tailwindcss/node': [ '4.3.0' ],
276 silly audit   '@tailwindcss/oxide': [ '4.3.0' ],
276 silly audit   '@tailwindcss/oxide-android-arm64': [ '4.3.0' ],
276 silly audit   '@tailwindcss/oxide-darwin-arm64': [ '4.3.0' ],
276 silly audit   '@tailwindcss/oxide-darwin-x64': [ '4.3.0' ],
276 silly audit   '@tailwindcss/oxide-freebsd-x64': [ '4.3.0' ],
276 silly audit   '@tailwindcss/oxide-linux-arm-gnueabihf': [ '4.3.0' ],
276 silly audit   '@tailwindcss/oxide-linux-arm64-gnu': [ '4.3.0' ],
276 silly audit   '@tailwindcss/oxide-linux-arm64-musl': [ '4.3.0' ],
276 silly audit   '@tailwindcss/oxide-linux-x64-gnu': [ '4.3.0' ],
276 silly audit   '@tailwindcss/oxide-linux-x64-musl': [ '4.3.0' ],
276 silly audit   '@tailwindcss/oxide-wasm32-wasi': [ '4.3.0' ],
276 silly audit   '@tailwindcss/oxide-win32-arm64-msvc': [ '4.3.0' ],
276 silly audit   '@tailwindcss/oxide-win32-x64-msvc': [ '4.3.0' ],
276 silly audit   '@tailwindcss/vite': [ '4.3.0' ],
276 silly audit   '@tybys/wasm-util': [ '0.10.2' ],
276 silly audit   '@types/esrecurse': [ '4.3.1' ],
276 silly audit   '@types/estree': [ '1.0.9' ],
276 silly audit   '@types/json-schema': [ '7.0.15' ],
276 silly audit   '@types/node': [ '24.13.0' ],
276 silly audit   '@types/react': [ '19.2.17' ],
276 silly audit   '@types/react-dom': [ '19.2.3' ],
276 silly audit   '@typescript-eslint/eslint-plugin': [ '8.60.1' ],
276 silly audit   ignore: [ '7.0.5', '5.3.2' ],
276 silly audit   '@typescript-eslint/parser': [ '8.60.1' ],
276 silly audit   '@typescript-eslint/project-service': [ '8.60.1' ],
276 silly audit   '@typescript-eslint/scope-manager': [ '8.60.1' ],
276 silly audit   '@typescript-eslint/tsconfig-utils': [ '8.60.1' ],
276 silly audit   '@typescript-eslint/type-utils': [ '8.60.1' ],
276 silly audit   '@typescript-eslint/types': [ '8.60.1' ],
276 silly audit   '@typescript-eslint/typescript-estree': [ '8.60.1' ],
276 silly audit   semver: [ '7.8.2', '6.3.1' ],
276 silly audit   '@typescript-eslint/utils': [ '8.60.1' ],
276 silly audit   '@typescript-eslint/visitor-keys': [ '8.60.1' ],
276 silly audit   '@vitejs/plugin-react': [ '6.0.2' ],
276 silly audit   acorn: [ '8.16.0' ],
276 silly audit   'acorn-jsx': [ '5.3.2' ],
276 silly audit   ajv: [ '6.15.0' ],
276 silly audit   'balanced-match': [ '4.0.4' ],
276 silly audit   'baseline-browser-mapping': [ '2.10.34' ],
276 silly audit   'brace-expansion': [ '5.0.6' ],
276 silly audit   browserslist: [ '4.28.2' ],
276 silly audit   'caniuse-lite': [ '1.0.30001793' ],
276 silly audit   'convert-source-map': [ '2.0.0' ],
276 silly audit   'cross-spawn': [ '7.0.6' ],
276 silly audit   csstype: [ '3.2.3' ],
276 silly audit   debug: [ '4.4.3' ],
276 silly audit   'deep-is': [ '0.1.4' ],
276 silly audit   'detect-libc': [ '2.1.2' ],
276 silly audit   'electron-to-chromium': [ '1.5.368' ],
276 silly audit   'enhanced-resolve': [ '5.23.0' ],
276 silly audit   escalade: [ '3.2.0' ],
276 silly audit   'escape-string-regexp': [ '4.0.0' ],
276 silly audit   eslint: [ '10.4.1' ],
276 silly audit   'eslint-plugin-react-hooks': [ '7.1.1' ],
276 silly audit   'eslint-plugin-react-refresh': [ '0.5.2' ],
276 silly audit   'eslint-scope': [ '9.1.2' ],
276 silly audit   espree: [ '11.2.0' ],
276 silly audit   esquery: [ '1.7.0' ],
276 silly audit   esrecurse: [ '4.3.0' ],
276 silly audit   estraverse: [ '5.3.0' ],
276 silly audit   esutils: [ '2.0.3' ],
276 silly audit   'fast-deep-equal': [ '3.1.3' ],
276 silly audit   'fast-json-stable-stringify': [ '2.1.0' ],
276 silly audit   'fast-levenshtein': [ '2.0.6' ],
276 silly audit   fdir: [ '6.5.0' ],
276 silly audit   'file-entry-cache': [ '8.0.0' ],
276 silly audit   'find-up': [ '5.0.0' ],
276 silly audit   'flat-cache': [ '4.0.1' ],
276 silly audit   flatted: [ '3.4.2' ],
276 silly audit   fsevents: [ '2.3.3' ],
276 silly audit   gensync: [ '1.0.0-beta.2' ],
276 silly audit   'glob-parent': [ '6.0.2' ],
276 silly audit   globals: [ '17.6.0' ],
276 silly audit   'graceful-fs': [ '4.2.11' ],
276 silly audit   'hermes-estree': [ '0.25.1' ],
276 silly audit   'hermes-parser': [ '0.25.1' ],
276 silly audit   imurmurhash: [ '0.1.4' ],
276 silly audit   'is-extglob': [ '2.1.1' ],
276 silly audit   'is-glob': [ '4.0.3' ],
276 silly audit   isexe: [ '2.0.0' ],
276 silly audit   jiti: [ '2.7.0' ],
276 silly audit   'js-tokens': [ '4.0.0' ],
276 silly audit   jsesc: [ '3.1.0' ],
276 silly audit   'json-buffer': [ '3.0.1' ],
276 silly audit   'json-schema-traverse': [ '0.4.1' ],
276 silly audit   'json-stable-stringify-without-jsonify': [ '1.0.1' ],
276 silly audit   json5: [ '2.2.3' ],
276 silly audit   keyv: [ '4.5.4' ],
276 silly audit   levn: [ '0.4.1' ],
276 silly audit   lightningcss: [ '1.32.0' ],
276 silly audit   'lightningcss-android-arm64': [ '1.32.0' ],
276 silly audit   'lightningcss-darwin-arm64': [ '1.32.0' ],
276 silly audit   'lightningcss-darwin-x64': [ '1.32.0' ],
276 silly audit   'lightningcss-freebsd-x64': [ '1.32.0' ],
276 silly audit   'lightningcss-linux-arm-gnueabihf': [ '1.32.0' ],
276 silly audit   'lightningcss-linux-arm64-gnu': [ '1.32.0' ],
276 silly audit   'lightningcss-linux-arm64-musl': [ '1.32.0' ],
276 silly audit   'lightningcss-linux-x64-gnu': [ '1.32.0' ],
276 silly audit   'lightningcss-linux-x64-musl': [ '1.32.0' ],
276 silly audit   'lightningcss-win32-arm64-msvc': [ '1.32.0' ],
276 silly audit   'lightningcss-win32-x64-msvc': [ '1.32.0' ],
276 silly audit   'locate-path': [ '6.0.0' ],
276 silly audit   'lru-cache': [ '5.1.1' ],
276 silly audit   'magic-string': [ '0.30.21' ],
276 silly audit   minimatch: [ '10.2.5' ],
276 silly audit   ms: [ '2.1.3' ],
276 silly audit   nanoid: [ '3.3.12' ],
276 silly audit   'natural-compare': [ '1.4.0' ],
276 silly audit   'node-releases': [ '2.0.47' ],
276 silly audit   optionator: [ '0.9.4' ],
276 silly audit   'p-limit': [ '3.1.0' ],
276 silly audit   'p-locate': [ '5.0.0' ],
276 silly audit   'path-exists': [ '4.0.0' ],
276 silly audit   'path-key': [ '3.1.1' ],
276 silly audit   picocolors: [ '1.1.1' ],
276 silly audit   picomatch: [ '4.0.4' ],
276 silly audit   postcss: [ '8.5.15' ],
276 silly audit   'prelude-ls': [ '1.2.1' ],
276 silly audit   punycode: [ '2.3.1' ],
276 silly audit   react: [ '19.2.7' ],
276 silly audit   'react-dom': [ '19.2.7' ],
276 silly audit   rolldown: [ '1.0.3' ],
276 silly audit   scheduler: [ '0.27.0' ],
276 silly audit   'shebang-command': [ '2.0.0' ],
276 silly audit   'shebang-regex': [ '3.0.0' ],
276 silly audit   'source-map-js': [ '1.2.1' ],
276 silly audit   tailwindcss: [ '4.3.0' ],
276 silly audit   tapable: [ '2.3.3' ],
276 silly audit   tinyglobby: [ '0.2.17' ],
276 silly audit   'ts-api-utils': [ '2.5.0' ],
276 silly audit   tslib: [ '2.8.1' ],
276 silly audit   'type-check': [ '0.4.0' ],
276 silly audit   typescript: [ '6.0.3' ],
276 silly audit   'typescript-eslint': [ '8.60.1' ],
276 silly audit   'undici-types': [ '7.18.2' ],
276 silly audit   'update-browserslist-db': [ '1.2.3' ],
276 silly audit   'uri-js': [ '4.4.1' ],
276 silly audit   vite: [ '8.0.16' ],
276 silly audit   which: [ '2.0.2' ],
276 silly audit   'word-wrap': [ '1.2.5' ],
276 silly audit   yallist: [ '3.1.1' ],
276 silly audit   'yocto-queue': [ '0.1.0' ],
276 silly audit   zod: [ '4.4.3' ],
276 silly audit   'zod-validation-error': [ '4.0.2' ],
276 silly audit   leaflet: [ '1.9.4' ],
276 silly audit   'react-leaflet': [ '5.0.0' ],
276 silly audit   recharts: [ '3.8.1' ],
276 silly audit   'react-is': [ '19.2.7' ],
276 silly audit   '@react-leaflet/core': [ '3.0.0' ],
276 silly audit   '@reduxjs/toolkit': [ '2.12.0' ],
276 silly audit   clsx: [ '2.1.1' ],
276 silly audit   'decimal.js-light': [ '2.5.1' ],
276 silly audit   'es-toolkit': [ '1.47.0' ],
276 silly audit   eventemitter3: [ '5.0.4' ],
276 silly audit   immer: [ '10.2.0', '11.1.8' ],
276 silly audit   'react-redux': [ '9.3.0' ],
276 silly audit   reselect: [ '5.1.1' ],
276 silly audit   'tiny-invariant': [ '1.3.3' ],
276 silly audit   'use-sync-external-store': [ '1.6.0' ],
276 silly audit   'victory-vendor': [ '37.3.6' ],
276 silly audit   '@standard-schema/spec': [ '1.1.0' ],
276 silly audit   '@standard-schema/utils': [ '0.3.0' ],
276 silly audit   redux: [ '5.0.1' ],
276 silly audit   'redux-thunk': [ '3.1.0' ],
276 silly audit   '@types/use-sync-external-store': [ '0.0.6' ],
276 silly audit   '@types/d3-array': [ '3.2.2' ],
276 silly audit   '@types/d3-ease': [ '3.0.2' ],
276 silly audit   '@types/d3-interpolate': [ '3.0.4' ],
276 silly audit   '@types/d3-scale': [ '4.0.9' ],
276 silly audit   '@types/d3-shape': [ '3.1.8' ],
276 silly audit   '@types/d3-time': [ '3.0.4' ],
276 silly audit   '@types/d3-timer': [ '3.0.2' ],
276 silly audit   'd3-array': [ '3.2.4' ],
276 silly audit   'd3-ease': [ '3.0.1' ],
276 silly audit   'd3-interpolate': [ '3.0.1' ],
276 silly audit   'd3-scale': [ '4.0.2' ],
276 silly audit   'd3-shape': [ '3.2.0' ],
276 silly audit   'd3-time': [ '3.1.0' ],
276 silly audit   'd3-timer': [ '3.0.1' ],
276 silly audit   '@types/d3-color': [ '3.1.3' ],
276 silly audit   '@types/d3-path': [ '3.1.1' ],
276 silly audit   internmap: [ '2.0.3' ],
276 silly audit   'd3-color': [ '3.1.0' ],
276 silly audit   'd3-format': [ '3.1.2' ],
276 silly audit   'd3-time-format': [ '4.1.0' ],
276 silly audit   'd3-path': [ '3.1.0' ]
276 silly audit }
277 http cache d3-path@https://registry.npmjs.org/d3-path/-/d3-path-3.1.0.tgz 0ms (cache hit)
278 http cache d3-format@https://registry.npmjs.org/d3-format/-/d3-format-3.1.2.tgz 0ms (cache hit)
279 http cache d3-color@https://registry.npmjs.org/d3-color/-/d3-color-3.1.0.tgz 0ms (cache hit)
280 http cache d3-time-format@https://registry.npmjs.org/d3-time-format/-/d3-time-format-4.1.0.tgz 0ms (cache hit)
281 http cache @types/d3-path@https://registry.npmjs.org/@types/d3-path/-/d3-path-3.1.1.tgz 0ms (cache hit)
282 http cache internmap@https://registry.npmjs.org/internmap/-/internmap-2.0.3.tgz 0ms (cache hit)
283 http cache @types/d3-color@https://registry.npmjs.org/@types/d3-color/-/d3-color-3.1.3.tgz 0ms (cache hit)
284 http cache d3-time@https://registry.npmjs.org/d3-time/-/d3-time-3.1.0.tgz 0ms (cache hit)
285 http cache d3-timer@https://registry.npmjs.org/d3-timer/-/d3-timer-3.0.1.tgz 0ms (cache hit)
286 http cache d3-scale@https://registry.npmjs.org/d3-scale/-/d3-scale-4.0.2.tgz 0ms (cache hit)
287 http cache d3-array@https://registry.npmjs.org/d3-array/-/d3-array-3.2.4.tgz 0ms (cache hit)
288 http cache d3-shape@https://registry.npmjs.org/d3-shape/-/d3-shape-3.2.0.tgz 0ms (cache hit)
289 http cache @types/d3-timer@https://registry.npmjs.org/@types/d3-timer/-/d3-timer-3.0.2.tgz 0ms (cache hit)
290 http cache @types/d3-shape@https://registry.npmjs.org/@types/d3-shape/-/d3-shape-3.1.8.tgz 0ms (cache hit)
291 http cache d3-ease@https://registry.npmjs.org/d3-ease/-/d3-ease-3.0.1.tgz 0ms (cache hit)
292 http cache @types/d3-time@https://registry.npmjs.org/@types/d3-time/-/d3-time-3.0.4.tgz 0ms (cache hit)
293 http cache @types/d3-scale@https://registry.npmjs.org/@types/d3-scale/-/d3-scale-4.0.9.tgz 0ms (cache hit)
294 http cache @types/d3-interpolate@https://registry.npmjs.org/@types/d3-interpolate/-/d3-interpolate-3.0.4.tgz 0ms (cache hit)
295 http cache @types/d3-ease@https://registry.npmjs.org/@types/d3-ease/-/d3-ease-3.0.2.tgz 0ms (cache hit)
296 http cache @types/d3-array@https://registry.npmjs.org/@types/d3-array/-/d3-array-3.2.2.tgz 0ms (cache hit)
297 http cache d3-interpolate@https://registry.npmjs.org/d3-interpolate/-/d3-interpolate-3.0.1.tgz 0ms (cache hit)
298 http cache redux-thunk@https://registry.npmjs.org/redux-thunk/-/redux-thunk-3.1.0.tgz 0ms (cache hit)
299 http cache @types/use-sync-external-store@https://registry.npmjs.org/@types/use-sync-external-store/-/use-sync-external-store-0.0.6.tgz 0ms (cache hit)
300 http cache @standard-schema/utils@https://registry.npmjs.org/@standard-schema/utils/-/utils-0.3.0.tgz 0ms (cache hit)
301 http cache redux@https://registry.npmjs.org/redux/-/redux-5.0.1.tgz 0ms (cache hit)
302 http cache victory-vendor@https://registry.npmjs.org/victory-vendor/-/victory-vendor-37.3.6.tgz 0ms (cache hit)
303 http cache use-sync-external-store@https://registry.npmjs.org/use-sync-external-store/-/use-sync-external-store-1.6.0.tgz 0ms (cache hit)
304 http cache tiny-invariant@https://registry.npmjs.org/tiny-invariant/-/tiny-invariant-1.3.3.tgz 0ms (cache hit)
305 http cache react-redux@https://registry.npmjs.org/react-redux/-/react-redux-9.3.0.tgz 0ms (cache hit)
306 http cache reselect@https://registry.npmjs.org/reselect/-/reselect-5.1.1.tgz 0ms (cache hit)
307 http cache eventemitter3@https://registry.npmjs.org/eventemitter3/-/eventemitter3-5.0.4.tgz 0ms (cache hit)
308 http cache es-toolkit@https://registry.npmjs.org/es-toolkit/-/es-toolkit-1.47.0.tgz 0ms (cache hit)
309 http cache immer@https://registry.npmjs.org/immer/-/immer-10.2.0.tgz 0ms (cache hit)
310 http cache clsx@https://registry.npmjs.org/clsx/-/clsx-2.1.1.tgz 0ms (cache hit)
311 http cache decimal.js-light@https://registry.npmjs.org/decimal.js-light/-/decimal.js-light-2.5.1.tgz 0ms (cache hit)
312 http cache @reduxjs/toolkit@https://registry.npmjs.org/@reduxjs/toolkit/-/toolkit-2.12.0.tgz 0ms (cache hit)
313 http cache react-is@https://registry.npmjs.org/react-is/-/react-is-19.2.7.tgz 0ms (cache hit)
314 http cache @react-leaflet/core@https://registry.npmjs.org/@react-leaflet/core/-/core-3.0.0.tgz 0ms (cache hit)
315 http cache recharts@https://registry.npmjs.org/recharts/-/recharts-3.8.1.tgz 0ms (cache hit)
316 http cache react-leaflet@https://registry.npmjs.org/react-leaflet/-/react-leaflet-5.0.0.tgz 0ms (cache hit)
317 http cache immer@https://registry.npmjs.org/immer/-/immer-11.1.8.tgz 0ms (cache hit)
318 http cache leaflet@https://registry.npmjs.org/leaflet/-/leaflet-1.9.4.tgz 0ms (cache hit)
319 http cache @standard-schema/spec@https://registry.npmjs.org/@standard-schema/spec/-/spec-1.1.0.tgz 0ms (cache hit)
320 http fetch POST 200 https://registry.npmjs.org/-/npm/v1/security/advisories/bulk 183ms
321 silly audit report {}
322 silly ADD node_modules/d3-path
323 silly ADD node_modules/d3-time-format
324 silly ADD node_modules/d3-format
325 silly ADD node_modules/d3-color
326 silly ADD node_modules/internmap
327 silly ADD node_modules/@types/d3-path
328 silly ADD node_modules/@types/d3-color
329 silly ADD node_modules/d3-timer
330 silly ADD node_modules/d3-time
331 silly ADD node_modules/d3-shape
332 silly ADD node_modules/d3-scale
333 silly ADD node_modules/d3-interpolate
334 silly ADD node_modules/d3-ease
335 silly ADD node_modules/d3-array
336 silly ADD node_modules/@types/d3-timer
337 silly ADD node_modules/@types/d3-time
338 silly ADD node_modules/@types/d3-shape
339 silly ADD node_modules/@types/d3-scale
340 silly ADD node_modules/@types/d3-interpolate
341 silly ADD node_modules/@types/d3-ease
342 silly ADD node_modules/@types/d3-array
343 silly ADD node_modules/@types/use-sync-external-store
344 silly ADD node_modules/redux-thunk
345 silly ADD node_modules/redux
346 silly ADD node_modules/@standard-schema/utils
347 silly ADD node_modules/@standard-schema/spec
348 silly ADD node_modules/victory-vendor
349 silly ADD node_modules/use-sync-external-store
350 silly ADD node_modules/tiny-invariant
351 silly ADD node_modules/reselect
352 silly ADD node_modules/react-redux
353 silly ADD node_modules/immer
354 silly ADD node_modules/eventemitter3
355 silly ADD node_modules/es-toolkit
356 silly ADD node_modules/decimal.js-light
357 silly ADD node_modules/clsx
358 silly ADD node_modules/@reduxjs/toolkit
359 silly ADD node_modules/@reduxjs/toolkit/node_modules/immer
360 silly ADD node_modules/@react-leaflet/core
361 silly ADD node_modules/react-is
362 silly ADD node_modules/recharts
363 silly ADD node_modules/react-leaflet
364 silly ADD node_modules/leaflet
365 verbose cwd /Users/harish_a/SpacetimeDB/nations
366 verbose os Darwin 24.5.0
367 verbose node v22.19.0
368 verbose npm  v11.6.2
369 verbose exit 0
370 info ok
