0 verbose cli /usr/local/bin/node /usr/local/bin/npm
1 info using npm@11.6.2
2 info using node@v22.19.0
3 silly config load:file:/usr/local/lib/node_modules/npm/npmrc
4 silly config load:file:/Users/harish_a/SpacetimeDB/nations/spacetimedb/.npmrc
5 silly config load:file:/Users/harish_a/.npmrc
6 silly config load:file:/usr/local/etc/npmrc
7 verbose title npm install
8 verbose argv "install" "--cache" "/Users/harish_a/SpacetimeDB/.npm-cache"
9 verbose logfile logs-max:10 dir:/Users/harish_a/SpacetimeDB/.npm-cache/_logs/2026-06-06T00_39_54_255Z-
10 verbose logfile /Users/harish_a/SpacetimeDB/.npm-cache/_logs/2026-06-06T00_39_54_255Z-debug-0.log
11 silly logfile start cleaning logs, removing 1 files
12 silly packumentCache heap:2197815296 maxSize:549453824 maxEntrySize:274726912
13 silly logfile done cleaning log files
14 silly idealTree buildDeps
15 silly fetch manifest spacetimedb@^2.4.1
16 silly packumentCache full:https://registry.npmjs.org/spacetimedb cache-miss
17 http fetch GET 200 https://registry.npmjs.org/spacetimedb 279ms (cache miss)
18 silly packumentCache full:https://registry.npmjs.org/spacetimedb set size:undefined disposed:false
19 silly fetch manifest @angular/core@>=17.0.0
20 silly packumentCache full:https://registry.npmjs.org/@angular%2fcore cache-miss
21 http fetch GET 200 https://registry.npmjs.org/@angular%2fcore 281ms (cache miss)
22 silly packumentCache full:https://registry.npmjs.org/@angular%2fcore set size:undefined disposed:false
23 silly fetch manifest @angular/compiler@21.2.16
24 silly packumentCache full:https://registry.npmjs.org/@angular%2fcompiler cache-miss
25 http fetch GET 200 https://registry.npmjs.org/@angular%2fcompiler 315ms (cache miss)
26 silly packumentCache full:https://registry.npmjs.org/@angular%2fcompiler set size:undefined disposed:false
27 silly fetch manifest rxjs@^6.5.3 || ^7.4.0
28 silly packumentCache full:https://registry.npmjs.org/rxjs cache-miss
29 http fetch GET 200 https://registry.npmjs.org/rxjs 75ms (cache miss)
30 silly packumentCache full:https://registry.npmjs.org/rxjs set size:undefined disposed:false
31 silly fetch manifest zone.js@~0.15.0 || ~0.16.0
32 silly packumentCache full:https://registry.npmjs.org/zone.js cache-miss
33 http fetch GET 200 https://registry.npmjs.org/zone.js 56ms (cache miss)
34 silly packumentCache full:https://registry.npmjs.org/zone.js set size:undefined disposed:false
35 silly fetch manifest @tanstack/react-query@^5.0.0
36 silly packumentCache full:https://registry.npmjs.org/@tanstack%2freact-query cache-miss
37 http fetch GET 200 https://registry.npmjs.org/@tanstack%2freact-query 102ms (cache miss)
38 silly packumentCache full:https://registry.npmjs.org/@tanstack%2freact-query set size:undefined disposed:false
39 silly fetch manifest react@^18 || ^19
40 silly packumentCache full:https://registry.npmjs.org/react cache-miss
41 http fetch GET 200 https://registry.npmjs.org/react 97ms (cache revalidated)
42 silly packumentCache full:https://registry.npmjs.org/react set size:6688498 disposed:false
43 silly fetch manifest svelte@^4.0.0 || ^5.0.0
44 silly packumentCache full:https://registry.npmjs.org/svelte cache-miss
45 http fetch GET 200 https://registry.npmjs.org/svelte 204ms (cache miss)
46 silly packumentCache full:https://registry.npmjs.org/svelte set size:undefined disposed:false
47 silly fetch manifest undici@^6.19.2
48 silly packumentCache full:https://registry.npmjs.org/undici cache-miss
49 http fetch GET 200 https://registry.npmjs.org/undici 178ms (cache miss)
50 silly packumentCache full:https://registry.npmjs.org/undici set size:undefined disposed:false
51 silly fetch manifest vue@^3.3.0
52 silly packumentCache full:https://registry.npmjs.org/vue cache-miss
53 http fetch GET 200 https://registry.npmjs.org/vue 125ms (cache miss)
54 silly packumentCache full:https://registry.npmjs.org/vue set size:undefined disposed:false
55 silly fetch manifest typescript@~5.9.3
56 silly packumentCache full:https://registry.npmjs.org/typescript cache-miss
57 http fetch GET 200 https://registry.npmjs.org/typescript 83ms (cache revalidated)
58 silly packumentCache full:https://registry.npmjs.org/typescript set size:15409943 disposed:false
59 silly placeDep ROOT spacetimedb@2.4.1 OK for: nations-module@1.0.0 want: ^2.4.1
60 silly placeDep ROOT typescript@5.9.3 OK for: nations-module@1.0.0 want: ~5.9.3
61 silly fetch manifest base64-js@^1.5.1
62 silly packumentCache full:https://registry.npmjs.org/base64-js cache-miss
63 silly fetch manifest headers-polyfill@^4.0.3
64 silly packumentCache full:https://registry.npmjs.org/headers-polyfill cache-miss
65 silly fetch manifest object-inspect@^1.13.4
66 silly packumentCache full:https://registry.npmjs.org/object-inspect cache-miss
67 silly fetch manifest prettier@^3.3.3
68 silly packumentCache full:https://registry.npmjs.org/prettier cache-miss
69 silly fetch manifest pure-rand@^7.0.1
70 silly packumentCache full:https://registry.npmjs.org/pure-rand cache-miss
71 silly fetch manifest safe-stable-stringify@^2.5.0
72 silly packumentCache full:https://registry.npmjs.org/safe-stable-stringify cache-miss
73 silly fetch manifest statuses@^2.0.2
74 silly packumentCache full:https://registry.npmjs.org/statuses cache-miss
75 http fetch GET 200 https://registry.npmjs.org/object-inspect 56ms (cache miss)
76 silly packumentCache full:https://registry.npmjs.org/object-inspect set size:undefined disposed:false
77 silly fetch manifest url-polyfill@^1.1.14
78 silly packumentCache full:https://registry.npmjs.org/url-polyfill cache-miss
79 http fetch GET 200 https://registry.npmjs.org/base64-js 74ms (cache miss)
80 silly packumentCache full:https://registry.npmjs.org/base64-js set size:undefined disposed:false
81 http fetch GET 200 https://registry.npmjs.org/statuses 79ms (cache miss)
82 silly packumentCache full:https://registry.npmjs.org/statuses set size:undefined disposed:false
83 http fetch GET 200 https://registry.npmjs.org/headers-polyfill 81ms (cache miss)
84 silly packumentCache full:https://registry.npmjs.org/headers-polyfill set size:undefined disposed:false
85 http fetch GET 200 https://registry.npmjs.org/safe-stable-stringify 95ms (cache miss)
86 silly packumentCache full:https://registry.npmjs.org/safe-stable-stringify set size:undefined disposed:false
87 http fetch GET 200 https://registry.npmjs.org/pure-rand 100ms (cache miss)
88 silly packumentCache full:https://registry.npmjs.org/pure-rand set size:undefined disposed:false
89 http fetch GET 200 https://registry.npmjs.org/prettier 108ms (cache miss)
90 silly packumentCache full:https://registry.npmjs.org/prettier set size:undefined disposed:false
91 http fetch GET 200 https://registry.npmjs.org/url-polyfill 107ms (cache miss)
92 silly packumentCache full:https://registry.npmjs.org/url-polyfill set size:undefined disposed:false
93 silly placeDep ROOT base64-js@1.5.1 OK for: spacetimedb@2.4.1 want: ^1.5.1
94 silly placeDep ROOT headers-polyfill@4.0.3 OK for: spacetimedb@2.4.1 want: ^4.0.3
95 silly placeDep ROOT object-inspect@1.13.4 OK for: spacetimedb@2.4.1 want: ^1.13.4
96 silly placeDep ROOT prettier@3.8.3 OK for: spacetimedb@2.4.1 want: ^3.3.3
97 silly placeDep ROOT pure-rand@7.0.1 OK for: spacetimedb@2.4.1 want: ^7.0.1
98 silly placeDep ROOT safe-stable-stringify@2.5.0 OK for: spacetimedb@2.4.1 want: ^2.5.0
99 silly placeDep ROOT statuses@2.0.2 OK for: spacetimedb@2.4.1 want: ^2.0.2
100 silly placeDep ROOT url-polyfill@1.1.14 OK for: spacetimedb@2.4.1 want: ^1.1.14
101 silly reify moves {}
102 silly audit bulk request {
102 silly audit   spacetimedb: [ '2.4.1' ],
102 silly audit   typescript: [ '5.9.3' ],
102 silly audit   'base64-js': [ '1.5.1' ],
102 silly audit   'headers-polyfill': [ '4.0.3' ],
102 silly audit   'object-inspect': [ '1.13.4' ],
102 silly audit   prettier: [ '3.8.3' ],
102 silly audit   'pure-rand': [ '7.0.1' ],
102 silly audit   'safe-stable-stringify': [ '2.5.0' ],
102 silly audit   statuses: [ '2.0.2' ],
102 silly audit   'url-polyfill': [ '1.1.14' ]
102 silly audit }
103 http cache url-polyfill@https://registry.npmjs.org/url-polyfill/-/url-polyfill-1.1.14.tgz 0ms (cache hit)
104 http cache statuses@https://registry.npmjs.org/statuses/-/statuses-2.0.2.tgz 0ms (cache hit)
105 http cache prettier@https://registry.npmjs.org/prettier/-/prettier-3.8.3.tgz 0ms (cache hit)
106 http cache safe-stable-stringify@https://registry.npmjs.org/safe-stable-stringify/-/safe-stable-stringify-2.5.0.tgz 0ms (cache hit)
107 http cache object-inspect@https://registry.npmjs.org/object-inspect/-/object-inspect-1.13.4.tgz 0ms (cache hit)
108 http cache pure-rand@https://registry.npmjs.org/pure-rand/-/pure-rand-7.0.1.tgz 0ms (cache hit)
109 http cache base64-js@https://registry.npmjs.org/base64-js/-/base64-js-1.5.1.tgz 0ms (cache hit)
110 http cache typescript@https://registry.npmjs.org/typescript/-/typescript-5.9.3.tgz 0ms (cache hit)
111 http cache spacetimedb@https://registry.npmjs.org/spacetimedb/-/spacetimedb-2.4.1.tgz 0ms (cache hit)
112 http cache headers-polyfill@https://registry.npmjs.org/headers-polyfill/-/headers-polyfill-4.0.3.tgz 0ms (cache hit)
113 silly tarball no local data for url-polyfill@https://registry.npmjs.org/url-polyfill/-/url-polyfill-1.1.14.tgz. Extracting by manifest.
114 silly tarball no local data for prettier@https://registry.npmjs.org/prettier/-/prettier-3.8.3.tgz. Extracting by manifest.
115 silly tarball no local data for statuses@https://registry.npmjs.org/statuses/-/statuses-2.0.2.tgz. Extracting by manifest.
116 silly tarball no local data for object-inspect@https://registry.npmjs.org/object-inspect/-/object-inspect-1.13.4.tgz. Extracting by manifest.
117 silly tarball no local data for safe-stable-stringify@https://registry.npmjs.org/safe-stable-stringify/-/safe-stable-stringify-2.5.0.tgz. Extracting by manifest.
118 silly tarball no local data for pure-rand@https://registry.npmjs.org/pure-rand/-/pure-rand-7.0.1.tgz. Extracting by manifest.
119 silly tarball no local data for base64-js@https://registry.npmjs.org/base64-js/-/base64-js-1.5.1.tgz. Extracting by manifest.
120 silly tarball no local data for typescript@https://registry.npmjs.org/typescript/-/typescript-5.9.3.tgz. Extracting by manifest.
121 silly tarball no local data for spacetimedb@https://registry.npmjs.org/spacetimedb/-/spacetimedb-2.4.1.tgz. Extracting by manifest.
122 silly tarball no local data for headers-polyfill@https://registry.npmjs.org/headers-polyfill/-/headers-polyfill-4.0.3.tgz. Extracting by manifest.
123 http fetch GET 200 https://registry.npmjs.org/safe-stable-stringify/-/safe-stable-stringify-2.5.0.tgz 97ms (cache miss)
124 http fetch GET 200 https://registry.npmjs.org/statuses/-/statuses-2.0.2.tgz 103ms (cache miss)
125 http fetch GET 200 https://registry.npmjs.org/base64-js/-/base64-js-1.5.1.tgz 111ms (cache miss)
126 http fetch GET 200 https://registry.npmjs.org/url-polyfill/-/url-polyfill-1.1.14.tgz 139ms (cache miss)
127 http fetch GET 200 https://registry.npmjs.org/object-inspect/-/object-inspect-1.13.4.tgz 157ms (cache miss)
128 http fetch POST 200 https://registry.npmjs.org/-/npm/v1/security/advisories/bulk 368ms
129 silly audit report {}
130 http fetch GET 200 https://registry.npmjs.org/headers-polyfill/-/headers-polyfill-4.0.3.tgz 563ms (cache miss)
131 http fetch GET 200 https://registry.npmjs.org/pure-rand/-/pure-rand-7.0.1.tgz 745ms (cache miss)
132 http fetch GET 200 https://registry.npmjs.org/prettier/-/prettier-3.8.3.tgz 1475ms (cache miss)
133 http fetch GET 200 https://registry.npmjs.org/typescript/-/typescript-5.9.3.tgz 2778ms (cache miss)
134 http fetch GET 200 https://registry.npmjs.org/spacetimedb/-/spacetimedb-2.4.1.tgz 2854ms (cache miss)
135 silly ADD node_modules/url-polyfill
136 silly ADD node_modules/statuses
137 silly ADD node_modules/safe-stable-stringify
138 silly ADD node_modules/pure-rand
139 silly ADD node_modules/prettier
140 silly ADD node_modules/object-inspect
141 silly ADD node_modules/headers-polyfill
142 silly ADD node_modules/base64-js
143 silly ADD node_modules/typescript
144 silly ADD node_modules/spacetimedb
145 verbose cwd /Users/harish_a/SpacetimeDB/nations/spacetimedb
146 verbose os Darwin 24.5.0
147 verbose node v22.19.0
148 verbose npm  v11.6.2
149 verbose exit 0
150 info ok
